<?xml version="1.0" encoding="UTF-8"?>
<testng-results ignored="0" total="4" passed="3" failed="1" skipped="0">
  <reporter-output>
  </reporter-output>
  <suite started-at="2024-09-21T19:03:30 IST" name="Default suite" finished-at="2024-09-21T19:04:26 IST" duration-ms="55705">
    <groups>
    </groups>
    <test started-at="2024-09-21T19:03:30 IST" name="Default test" finished-at="2024-09-21T19:04:26 IST" duration-ms="55705">
      <class name="scripts.LoginPageFunctionalityTest">
        <test-method is-config="true" signature="setUp()[pri:0, instance:scripts.LoginPageFunctionalityTest@75d4a5c2]" started-at="2024-09-21T19:03:30 IST" name="setUp" finished-at="2024-09-21T19:03:30 IST" duration-ms="160" status="PASS">
          <reporter-output>
          </reporter-output>
        </test-method> <!-- setUp -->
        <test-method is-config="true" signature="OpenApplication()[pri:0, instance:scripts.LoginPageFunctionalityTest@75d4a5c2]" started-at="2024-09-21T19:03:30 IST" name="OpenApplication" finished-at="2024-09-21T19:03:36 IST" duration-ms="5482" status="PASS">
          <reporter-output>
          </reporter-output>
        </test-method> <!-- OpenApplication -->
        <test-method signature="Valid_Login_Test()[pri:0, instance:scripts.LoginPageFunctionalityTest@75d4a5c2]" started-at="2024-09-21T19:03:36 IST" name="Valid_Login_Test" finished-at="2024-09-21T19:03:46 IST" duration-ms="10109" status="PASS">
          <reporter-output>
          </reporter-output>
        </test-method> <!-- Valid_Login_Test -->
        <test-method is-config="true" signature="getResult(org.testng.ITestResult)[pri:0, instance:scripts.LoginPageFunctionalityTest@75d4a5c2]" started-at="2024-09-21T19:03:46 IST" name="getResult" finished-at="2024-09-21T19:03:46 IST" duration-ms="0" status="PASS">
          <params>
            <param index="0">
              <value>
                <![CDATA[[TestResult name=Valid_Login_Test status=SUCCESS method=LoginPageFunctionalityTest.Valid_Login_Test()[pri:0, instance:scripts.LoginPageFunctionalityTest@75d4a5c2] output={null}]]]>
              </value>
            </param>
          </params>
          <reporter-output>
          </reporter-output>
        </test-method> <!-- getResult -->
        <test-method signature="Logout_Test()[pri:1, instance:scripts.LoginPageFunctionalityTest@75d4a5c2]" started-at="2024-09-21T19:03:46 IST" name="Logout_Test" finished-at="2024-09-21T19:03:50 IST" depends-on-methods="scripts.LoginPageFunctionalityTest.Valid_Login_Test" duration-ms="4263" status="PASS">
          <reporter-output>
          </reporter-output>
        </test-method> <!-- Logout_Test -->
        <test-method is-config="true" signature="getResult(org.testng.ITestResult)[pri:0, instance:scripts.LoginPageFunctionalityTest@75d4a5c2]" started-at="2024-09-21T19:03:50 IST" name="getResult" finished-at="2024-09-21T19:03:50 IST" duration-ms="1" status="PASS">
          <params>
            <param index="0">
              <value>
                <![CDATA[[TestResult name=Logout_Test status=SUCCESS method=LoginPageFunctionalityTest.Logout_Test()[pri:1, instance:scripts.LoginPageFunctionalityTest@75d4a5c2] output={null}]]]>
              </value>
            </param>
          </params>
          <reporter-output>
          </reporter-output>
        </test-method> <!-- getResult -->
        <test-method signature="Invalid_Login_Test()[pri:2, instance:scripts.LoginPageFunctionalityTest@75d4a5c2]" started-at="2024-09-21T19:03:50 IST" name="Invalid_Login_Test" finished-at="2024-09-21T19:04:11 IST" depends-on-methods="scripts.LoginPageFunctionalityTest.Logout_Test" duration-ms="21175" status="PASS">
          <reporter-output>
          </reporter-output>
        </test-method> <!-- Invalid_Login_Test -->
        <test-method is-config="true" signature="getResult(org.testng.ITestResult)[pri:0, instance:scripts.LoginPageFunctionalityTest@75d4a5c2]" started-at="2024-09-21T19:04:11 IST" name="getResult" finished-at="2024-09-21T19:04:11 IST" duration-ms="3" status="PASS">
          <params>
            <param index="0">
              <value>
                <![CDATA[[TestResult name=Invalid_Login_Test status=SUCCESS method=LoginPageFunctionalityTest.Invalid_Login_Test()[pri:2, instance:scripts.LoginPageFunctionalityTest@75d4a5c2] output={null}]]]>
              </value>
            </param>
          </params>
          <reporter-output>
          </reporter-output>
        </test-method> <!-- getResult -->
        <test-method signature="User_Acount_Lock_Test()[pri:3, instance:scripts.LoginPageFunctionalityTest@75d4a5c2]" started-at="2024-09-21T19:04:11 IST" name="User_Acount_Lock_Test" finished-at="2024-09-21T19:04:23 IST" depends-on-methods="scripts.LoginPageFunctionalityTest.Invalid_Login_Test" duration-ms="12256" status="FAIL">
          <exception class="org.openqa.selenium.NoSuchElementException">
            <message>
              <![CDATA[no such element: Unable to locate element: {"method":"xpath","selector":"//span[contains(text(),'Invalid Credentials')]"}
  (Session info: chrome=129.0.6668.59)
For documentation on this error, please visit: http://seleniumhq.org/exceptions/no_such_element.html
Build info: version: '3.141.0', revision: '2ecb7d9a', time: '2018-10-31T20:09:30'
System info: host: 'MSI', ip: '192.168.43.215', os.name: 'Windows 11', os.arch: 'amd64', os.version: '10.0', java.version: '21.0.4'
Driver info: org.openqa.selenium.chrome.ChromeDriver
Capabilities {acceptInsecureCerts: false, browserName: chrome, browserVersion: 129.0.6668.59, chrome: {chromedriverVersion: 129.0.6668.58 (81a06fb873a9..., userDataDir: C:\Users\dines\AppData\Loca...}, fedcm:accounts: true, goog:chromeOptions: {debuggerAddress: localhost:52964}, javascriptEnabled: true, networkConnectionEnabled: false, pageLoadStrategy: normal, platform: WINDOWS, platformName: WINDOWS, proxy: Proxy(), setWindowRect: true, strictFileInteractability: false, timeouts: {implicit: 0, pageLoad: 300000, script: 30000}, unhandledPromptBehavior: dismiss and notify, webauthn:extension:credBlob: true, webauthn:extension:largeBlob: true, webauthn:extension:minPinLength: true, webauthn:extension:prf: true, webauthn:virtualAuthenticators: true}
Session ID: 5756daad2deae033b560e1733abbe113
*** Element info: {Using=xpath, value=//span[contains(text(),'Invalid Credentials')]}]]>
            </message>
            <full-stacktrace>
              <![CDATA[org.openqa.selenium.NoSuchElementException: no such element: Unable to locate element: {"method":"xpath","selector":"//span[contains(text(),'Invalid Credentials')]"}
  (Session info: chrome=129.0.6668.59)
For documentation on this error, please visit: http://seleniumhq.org/exceptions/no_such_element.html
Build info: version: '3.141.0', revision: '2ecb7d9a', time: '2018-10-31T20:09:30'
System info: host: 'MSI', ip: '192.168.43.215', os.name: 'Windows 11', os.arch: 'amd64', os.version: '10.0', java.version: '21.0.4'
Driver info: org.openqa.selenium.chrome.ChromeDriver
Capabilities {acceptInsecureCerts: false, browserName: chrome, browserVersion: 129.0.6668.59, chrome: {chromedriverVersion: 129.0.6668.58 (81a06fb873a9..., userDataDir: C:\Users\dines\AppData\Loca...}, fedcm:accounts: true, goog:chromeOptions: {debuggerAddress: localhost:52964}, javascriptEnabled: true, networkConnectionEnabled: false, pageLoadStrategy: normal, platform: WINDOWS, platformName: WINDOWS, proxy: Proxy(), setWindowRect: true, strictFileInteractability: false, timeouts: {implicit: 0, pageLoad: 300000, script: 30000}, unhandledPromptBehavior: dismiss and notify, webauthn:extension:credBlob: true, webauthn:extension:largeBlob: true, webauthn:extension:minPinLength: true, webauthn:extension:prf: true, webauthn:virtualAuthenticators: true}
Session ID: 5756daad2deae033b560e1733abbe113
*** Element info: {Using=xpath, value=//span[contains(text(),'Invalid Credentials')]}
at java.base/jdk.internal.reflect.DirectConstructorHandleAccessor.newInstance(DirectConstructorHandleAccessor.java:62)
at java.base/java.lang.reflect.Constructor.newInstanceWithCaller(Constructor.java:502)
at java.base/java.lang.reflect.Constructor.newInstance(Constructor.java:486)
at org.openqa.selenium.remote.http.W3CHttpResponseCodec.createException(W3CHttpResponseCodec.java:187)
at org.openqa.selenium.remote.http.W3CHttpResponseCodec.decode(W3CHttpResponseCodec.java:122)
at org.openqa.selenium.remote.http.W3CHttpResponseCodec.decode(W3CHttpResponseCodec.java:49)
at org.openqa.selenium.remote.HttpCommandExecutor.execute(HttpCommandExecutor.java:158)
at org.openqa.selenium.remote.service.DriverCommandExecutor.execute(DriverCommandExecutor.java:83)
at org.openqa.selenium.remote.RemoteWebDriver.execute(RemoteWebDriver.java:552)
at org.openqa.selenium.remote.RemoteWebDriver.findElement(RemoteWebDriver.java:323)
at org.openqa.selenium.remote.RemoteWebDriver.findElementByXPath(RemoteWebDriver.java:428)
at org.openqa.selenium.By$ByXPath.findElement(By.java:353)
at org.openqa.selenium.remote.RemoteWebDriver.findElement(RemoteWebDriver.java:315)
at pom.LoginPageTest.verifyErrorMsgIsDisplayed(LoginPageTest.java:129)
at scripts.LoginPageFunctionalityTest.User_Acount_Lock_Test(LoginPageFunctionalityTest.java:260)
at java.base/jdk.internal.reflect.DirectMethodHandleAccessor.invoke(DirectMethodHandleAccessor.java:103)
at java.base/java.lang.reflect.Method.invoke(Method.java:580)
at org.testng.internal.MethodInvocationHelper.invokeMethod(MethodInvocationHelper.java:133)
at org.testng.internal.TestInvoker.invokeMethod(TestInvoker.java:598)
at org.testng.internal.TestInvoker.invokeTestMethod(TestInvoker.java:173)
at org.testng.internal.MethodRunner.runInSequence(MethodRunner.java:46)
at org.testng.internal.TestInvoker$MethodInvocationAgent.invoke(TestInvoker.java:824)
at org.testng.internal.TestInvoker.invokeTestMethods(TestInvoker.java:146)
at org.testng.internal.TestMethodWorker.invokeTestMethods(TestMethodWorker.java:146)
at org.testng.internal.TestMethodWorker.run(TestMethodWorker.java:128)
at java.base/java.util.ArrayList.forEach(ArrayList.java:1596)
at org.testng.TestRunner.privateRun(TestRunner.java:794)
at org.testng.TestRunner.run(TestRunner.java:596)
at org.testng.SuiteRunner.runTest(SuiteRunner.java:377)
at org.testng.SuiteRunner.runSequentially(SuiteRunner.java:371)
at org.testng.SuiteRunner.privateRun(SuiteRunner.java:332)
at org.testng.SuiteRunner.run(SuiteRunner.java:276)
at org.testng.SuiteRunnerWorker.runSuite(SuiteRunnerWorker.java:53)
at org.testng.SuiteRunnerWorker.run(SuiteRunnerWorker.java:96)
at org.testng.TestNG.runSuitesSequentially(TestNG.java:1212)
at org.testng.TestNG.runSuitesLocally(TestNG.java:1134)
at org.testng.TestNG.runSuites(TestNG.java:1063)
at org.testng.TestNG.run(TestNG.java:1031)
at org.testng.remote.AbstractRemoteTestNG.run(AbstractRemoteTestNG.java:115)
at org.testng.remote.RemoteTestNG.initAndRun(RemoteTestNG.java:293)
at org.testng.remote.RemoteTestNG.main(RemoteTestNG.java:91)
]]>
            </full-stacktrace>
          </exception> <!-- org.openqa.selenium.NoSuchElementException -->
          <reporter-output>
          </reporter-output>
        </test-method> <!-- User_Acount_Lock_Test -->
        <test-method is-config="true" signature="getResult(org.testng.ITestResult)[pri:0, instance:scripts.LoginPageFunctionalityTest@75d4a5c2]" started-at="2024-09-21T19:04:23 IST" name="getResult" finished-at="2024-09-21T19:04:26 IST" duration-ms="2346" status="PASS">
          <params>
            <param index="0">
              <value>
                <![CDATA[[TestResult name=User_Acount_Lock_Test status=FAILURE method=LoginPageFunctionalityTest.User_Acount_Lock_Test()[pri:3, instance:scripts.LoginPageFunctionalityTest@75d4a5c2] output={null}]]]>
              </value>
            </param>
          </params>
          <reporter-output>
          </reporter-output>
        </test-method> <!-- getResult -->
        <test-method is-config="true" signature="CloseApplication()[pri:0, instance:scripts.LoginPageFunctionalityTest@75d4a5c2]" started-at="2024-09-21T19:04:26 IST" name="CloseApplication" finished-at="2024-09-21T19:04:26 IST" duration-ms="0" status="PASS">
          <reporter-output>
          </reporter-output>
        </test-method> <!-- CloseApplication -->
      </class> <!-- scripts.LoginPageFunctionalityTest -->
    </test> <!-- Default test -->
  </suite> <!-- Default suite -->
</testng-results>
