<?xml version="1.0" encoding="UTF-8"?>
<!-- Generated by org.testng.reporters.JUnitReportReporter -->
<testsuite skipped="21" hostname="Automation-win" name="scripts.PercentageOfPositiveScoringLogicSubAuditsScenario1And1379Test" tests="28" failures="0" timestamp="2023-06-14T02:42:53 IST" time="130.649" errors="1">
  <testcase name="Annexure_Page_Test" time="16.465" classname="scripts.PercentageOfPositiveScoringLogicSubAuditsScenario1And1379Test"/>
  <system-out/>
  <testcase name="Adding_Static_Annexure_Test" time="23.219" classname="scripts.PercentageOfPositiveScoringLogicSubAuditsScenario1And1379Test"/>
  <system-out/>
  <testcase name="Adding_Dynamic_Annexure_Test" time="21.036" classname="scripts.PercentageOfPositiveScoringLogicSubAuditsScenario1And1379Test"/>
  <system-out/>
  <testcase name="Creating_Annexures_Group_Test" time="18.247" classname="scripts.PercentageOfPositiveScoringLogicSubAuditsScenario1And1379Test"/>
  <system-out/>
  <testcase name="Creating_General_Groups_Test" time="8.431" classname="scripts.PercentageOfPositiveScoringLogicSubAuditsScenario1And1379Test"/>
  <system-out/>
  <testcase name="Creating_Exceptional_Groups_Test" time="3.348" classname="scripts.PercentageOfPositiveScoringLogicSubAuditsScenario1And1379Test"/>
  <system-out/>
  <testcase name="Adding_Four_CheckPoints_To_Static_Annexure_Group_Test" time="39.903" classname="scripts.PercentageOfPositiveScoringLogicSubAuditsScenario1And1379Test">
    <error type="org.openqa.selenium.WebDriverException" message="unknown error: unhandled inspector error: {&quot;code&quot;:-32000,&quot;message&quot;:&quot;No node with given id found&quot;}
  (Session info: chrome=114.0.5735.111)
Build info: version: &#039;3.141.0&#039;, revision: &#039;2ecb7d9a&#039;, time: &#039;2018-10-31T20:09:30&#039;
System info: host: &#039;Automation-win&#039;, ip: &#039;10.8.0.4&#039;, os.name: &#039;Windows 10&#039;, os.arch: &#039;amd64&#039;, os.version: &#039;10.0&#039;, java.version: &#039;1.8.0_201&#039;
Driver info: org.openqa.selenium.chrome.ChromeDriver
Capabilities {acceptInsecureCerts: false, browserName: chrome, browserVersion: 114.0.5735.111, chrome: {chromedriverVersion: 114.0.5735.90 (386bc09e8f4f..., userDataDir: C:\Users\Sumanth\AppData\Lo...}, goog:chromeOptions: {debuggerAddress: localhost:56464}, javascriptEnabled: true, networkConnectionEnabled: false, pageLoadStrategy: normal, platform: WINDOWS, platformName: WINDOWS, proxy: Proxy(), setWindowRect: true, strictFileInteractability: false, timeouts: {implicit: 0, pageLoad: 300000, script: 30000}, unhandledPromptBehavior: dismiss and notify, webauthn:extension:credBlob: true, webauthn:extension:largeBlob: true, webauthn:extension:minPinLength: true, webauthn:extension:prf: true, webauthn:virtualAuthenticators: true}
Session ID: 43b86bcbad26f939292501eb9b15809f">
      <![CDATA[org.openqa.selenium.WebDriverException: unknown error: unhandled inspector error: {"code":-32000,"message":"No node with given id found"}
  (Session info: chrome=114.0.5735.111)
Build info: version: '3.141.0', revision: '2ecb7d9a', time: '2018-10-31T20:09:30'
System info: host: 'Automation-win', ip: '10.8.0.4', os.name: 'Windows 10', os.arch: 'amd64', os.version: '10.0', java.version: '1.8.0_201'
Driver info: org.openqa.selenium.chrome.ChromeDriver
Capabilities {acceptInsecureCerts: false, browserName: chrome, browserVersion: 114.0.5735.111, chrome: {chromedriverVersion: 114.0.5735.90 (386bc09e8f4f..., userDataDir: C:\Users\Sumanth\AppData\Lo...}, goog:chromeOptions: {debuggerAddress: localhost:56464}, javascriptEnabled: true, networkConnectionEnabled: false, pageLoadStrategy: normal, platform: WINDOWS, platformName: WINDOWS, proxy: Proxy(), setWindowRect: true, strictFileInteractability: false, timeouts: {implicit: 0, pageLoad: 300000, script: 30000}, unhandledPromptBehavior: dismiss and notify, webauthn:extension:credBlob: true, webauthn:extension:largeBlob: true, webauthn:extension:minPinLength: true, webauthn:extension:prf: true, webauthn:virtualAuthenticators: true}
Session ID: 43b86bcbad26f939292501eb9b15809f
at sun.reflect.NativeConstructorAccessorImpl.newInstance0(Native Method)
at sun.reflect.NativeConstructorAccessorImpl.newInstance(Unknown Source)
at sun.reflect.DelegatingConstructorAccessorImpl.newInstance(Unknown Source)
at java.lang.reflect.Constructor.newInstance(Unknown Source)
at org.openqa.selenium.remote.http.W3CHttpResponseCodec.createException(W3CHttpResponseCodec.java:187)
at org.openqa.selenium.remote.http.W3CHttpResponseCodec.decode(W3CHttpResponseCodec.java:122)
at org.openqa.selenium.remote.http.W3CHttpResponseCodec.decode(W3CHttpResponseCodec.java:49)
at org.openqa.selenium.remote.HttpCommandExecutor.execute(HttpCommandExecutor.java:158)
at org.openqa.selenium.remote.service.DriverCommandExecutor.execute(DriverCommandExecutor.java:83)
at org.openqa.selenium.remote.RemoteWebDriver.execute(RemoteWebDriver.java:552)
at org.openqa.selenium.remote.RemoteWebElement.execute(RemoteWebElement.java:285)
at org.openqa.selenium.remote.RemoteWebElement.isDisplayed(RemoteWebElement.java:326)
at org.openqa.selenium.support.ui.ExpectedConditions.elementIfVisible(ExpectedConditions.java:314)
at org.openqa.selenium.support.ui.ExpectedConditions.access$000(ExpectedConditions.java:43)
at org.openqa.selenium.support.ui.ExpectedConditions$10.apply(ExpectedConditions.java:300)
at org.openqa.selenium.support.ui.ExpectedConditions$10.apply(ExpectedConditions.java:297)
at org.openqa.selenium.support.ui.FluentWait.until(FluentWait.java:249)
at scripts.PercentageOfPositiveScoringLogicSubAuditsScenario1And1379Test.Adding_Four_CheckPoints_To_Static_Annexure_Group_Test(PercentageOfPositiveScoringLogicSubAuditsScenario1And1379Test.java:929)
at sun.reflect.NativeMethodAccessorImpl.invoke0(Native Method)
at sun.reflect.NativeMethodAccessorImpl.invoke(Unknown Source)
at sun.reflect.DelegatingMethodAccessorImpl.invoke(Unknown Source)
at java.lang.reflect.Method.invoke(Unknown Source)
at org.testng.internal.MethodInvocationHelper.invokeMethod(MethodInvocationHelper.java:132)
at org.testng.internal.TestInvoker.invokeMethod(TestInvoker.java:599)
at org.testng.internal.TestInvoker.invokeTestMethod(TestInvoker.java:174)
at org.testng.internal.MethodRunner.runInSequence(MethodRunner.java:46)
at org.testng.internal.TestInvoker$MethodInvocationAgent.invoke(TestInvoker.java:822)
at org.testng.internal.TestInvoker.invokeTestMethods(TestInvoker.java:147)
at org.testng.internal.TestMethodWorker.invokeTestMethods(TestMethodWorker.java:146)
at org.testng.internal.TestMethodWorker.run(TestMethodWorker.java:128)
at java.util.ArrayList.forEach(Unknown Source)
at org.testng.TestRunner.privateRun(TestRunner.java:764)
at org.testng.TestRunner.run(TestRunner.java:585)
at org.testng.SuiteRunner.runTest(SuiteRunner.java:384)
at org.testng.SuiteRunner.runSequentially(SuiteRunner.java:378)
at org.testng.SuiteRunner.privateRun(SuiteRunner.java:337)
at org.testng.SuiteRunner.run(SuiteRunner.java:286)
at org.testng.SuiteRunnerWorker.runSuite(SuiteRunnerWorker.java:53)
at org.testng.SuiteRunnerWorker.run(SuiteRunnerWorker.java:96)
at org.testng.TestNG.runSuitesSequentially(TestNG.java:1218)
at org.testng.TestNG.runSuitesLocally(TestNG.java:1140)
at org.testng.TestNG.runSuites(TestNG.java:1069)
at org.testng.TestNG.run(TestNG.java:1037)
at org.testng.remote.AbstractRemoteTestNG.run(AbstractRemoteTestNG.java:115)
at org.testng.remote.RemoteTestNG.initAndRun(RemoteTestNG.java:251)
at org.testng.remote.RemoteTestNG.main(RemoteTestNG.java:77)
]]>
    </error>
  </testcase> <!-- Adding_Four_CheckPoints_To_Static_Annexure_Group_Test -->
  <system-out/>
  <testcase name="Adding_Four_CheckPoints_To_Dynamic_Annexure_Group_Test" time="0.000" classname="scripts.PercentageOfPositiveScoringLogicSubAuditsScenario1And1379Test">
    <skipped/>
  </testcase> <!-- Adding_Four_CheckPoints_To_Dynamic_Annexure_Group_Test -->
  <system-out/>
  <testcase name="Adding_Four_CheckPoints_To_Group_Test" time="0.000" classname="scripts.PercentageOfPositiveScoringLogicSubAuditsScenario1And1379Test">
    <skipped/>
  </testcase> <!-- Adding_Four_CheckPoints_To_Group_Test -->
  <system-out/>
  <testcase name="Adding_Four_CheckPoints_To_another_Group_Test" time="0.000" classname="scripts.PercentageOfPositiveScoringLogicSubAuditsScenario1And1379Test">
    <skipped/>
  </testcase> <!-- Adding_Four_CheckPoints_To_another_Group_Test -->
  <system-out/>
  <testcase name="Adding_The_4_Types_Of_Checkpoints_To_Exceptional_Group_Test" time="0.000" classname="scripts.PercentageOfPositiveScoringLogicSubAuditsScenario1And1379Test">
    <skipped/>
  </testcase> <!-- Adding_The_4_Types_Of_Checkpoints_To_Exceptional_Group_Test -->
  <system-out/>
  <testcase name="Creating_Sub_AuditTypes_Test" time="0.000" classname="scripts.PercentageOfPositiveScoringLogicSubAuditsScenario1And1379Test">
    <skipped/>
  </testcase> <!-- Creating_Sub_AuditTypes_Test -->
  <system-out/>
  <testcase name="Creating_Parent_Audit_Type_Test" time="0.000" classname="scripts.PercentageOfPositiveScoringLogicSubAuditsScenario1And1379Test">
    <skipped/>
  </testcase> <!-- Creating_Parent_Audit_Type_Test -->
  <system-out/>
  <testcase name="Uploading_Annexure_Documents_Test" time="0.000" classname="scripts.PercentageOfPositiveScoringLogicSubAuditsScenario1And1379Test">
    <skipped/>
  </testcase> <!-- Uploading_Annexure_Documents_Test -->
  <system-out/>
  <testcase name="Auditee_Admin_Configuration_Test" time="0.000" classname="scripts.PercentageOfPositiveScoringLogicSubAuditsScenario1And1379Test">
    <skipped/>
  </testcase> <!-- Auditee_Admin_Configuration_Test -->
  <system-out/>
  <testcase name="Creating_Audit_Schedule_Test" time="0.000" classname="scripts.PercentageOfPositiveScoringLogicSubAuditsScenario1And1379Test">
    <skipped/>
  </testcase> <!-- Creating_Audit_Schedule_Test -->
  <system-out/>
  <testcase name="Audit_Execution_Test" time="0.000" classname="scripts.PercentageOfPositiveScoringLogicSubAuditsScenario1And1379Test">
    <skipped/>
  </testcase> <!-- Audit_Execution_Test -->
  <system-out/>
  <testcase name="Finalize_Audit_Test" time="0.000" classname="scripts.PercentageOfPositiveScoringLogicSubAuditsScenario1And1379Test">
    <skipped/>
  </testcase> <!-- Finalize_Audit_Test -->
  <system-out/>
  <testcase name="Validating_The_Scores_Test" time="0.000" classname="scripts.PercentageOfPositiveScoringLogicSubAuditsScenario1And1379Test">
    <skipped/>
  </testcase> <!-- Validating_The_Scores_Test -->
  <system-out/>
  <testcase name="Update_Annexure_Test" time="0.000" classname="scripts.PercentageOfPositiveScoringLogicSubAuditsScenario1And1379Test">
    <skipped/>
  </testcase> <!-- Update_Annexure_Test -->
  <system-out/>
  <testcase name="Updating_Annexure_Groups_Checkpoints_Test" time="0.000" classname="scripts.PercentageOfPositiveScoringLogicSubAuditsScenario1And1379Test">
    <skipped/>
  </testcase> <!-- Updating_Annexure_Groups_Checkpoints_Test -->
  <system-out/>
  <testcase name="Updating_General_Groups_Checkpoints_Test" time="0.000" classname="scripts.PercentageOfPositiveScoringLogicSubAuditsScenario1And1379Test">
    <skipped/>
  </testcase> <!-- Updating_General_Groups_Checkpoints_Test -->
  <system-out/>
  <testcase name="Updating_Exceptional_Groups_Checkpoints_Test" time="0.000" classname="scripts.PercentageOfPositiveScoringLogicSubAuditsScenario1And1379Test">
    <skipped/>
  </testcase> <!-- Updating_Exceptional_Groups_Checkpoints_Test -->
  <system-out/>
  <testcase name="Updating_SubAudits_Test" time="0.000" classname="scripts.PercentageOfPositiveScoringLogicSubAuditsScenario1And1379Test">
    <skipped/>
  </testcase> <!-- Updating_SubAudits_Test -->
  <system-out/>
  <testcase name="Updating_Parent_AuditType_Test" time="0.000" classname="scripts.PercentageOfPositiveScoringLogicSubAuditsScenario1And1379Test">
    <skipped/>
  </testcase> <!-- Updating_Parent_AuditType_Test -->
  <system-out/>
  <testcase name="Self_Schedule_Test" time="0.000" classname="scripts.PercentageOfPositiveScoringLogicSubAuditsScenario1And1379Test">
    <skipped/>
  </testcase> <!-- Self_Schedule_Test -->
  <system-out/>
  <testcase name="Schedule_Execution_Tets" time="0.000" classname="scripts.PercentageOfPositiveScoringLogicSubAuditsScenario1And1379Test">
    <skipped/>
  </testcase> <!-- Schedule_Execution_Tets -->
  <system-out/>
  <testcase name="Schedule_Finalization_Test" time="0.000" classname="scripts.PercentageOfPositiveScoringLogicSubAuditsScenario1And1379Test">
    <skipped/>
  </testcase> <!-- Schedule_Finalization_Test -->
  <system-out/>
</testsuite> <!-- scripts.PercentageOfPositiveScoringLogicSubAuditsScenario1And1379Test -->
