<?xml version="1.0" encoding="UTF-8"?>
<!-- Generated by org.testng.reporters.JUnitReportReporter -->
<testsuite skipped="0" hostname="Automation-win" name="scripts.RedistributionScoreLogicScenario1AndProvissionalSubmissionFunctionalityTest" tests="10" failures="1" timestamp="2023-08-03T17:05:15 IST" time="337.320" errors="0">
  <testcase name="Adding_Group_Test" time="7.704" classname="scripts.RedistributionScoreLogicScenario1AndProvissionalSubmissionFunctionalityTest"/>
  <system-out/>
  <testcase name="Creating_Parent_Audit_Type_Test" time="54.697" classname="scripts.RedistributionScoreLogicScenario1AndProvissionalSubmissionFunctionalityTest"/>
  <system-out/>
  <testcase name="Auditee_Admin_Configuration_Test" time="25.856" classname="scripts.RedistributionScoreLogicScenario1AndProvissionalSubmissionFunctionalityTest"/>
  <system-out/>
  <testcase name="Creating_Audit_Schedule_Test" time="23.961" classname="scripts.RedistributionScoreLogicScenario1AndProvissionalSubmissionFunctionalityTest"/>
  <system-out/>
  <testcase name="Executing_The_AuditType_Through_Express_Mode_Tets" time="69.986" classname="scripts.RedistributionScoreLogicScenario1AndProvissionalSubmissionFunctionalityTest"/>
  <system-out/>
  <testcase name="Provisionaly_Submitted_Status_Should_Show_For_AuditeeUser_Test" time="11.052" classname="scripts.RedistributionScoreLogicScenario1AndProvissionalSubmissionFunctionalityTest"/>
  <system-out/>
  <testcase name="Submitting_The_AuditType_Which_Is_Provisionally_Submitted_Test" time="25.110" classname="scripts.RedistributionScoreLogicScenario1AndProvissionalSubmissionFunctionalityTest"/>
  <system-out/>
  <testcase name="Signoffing_The_AuditType_Test" time="16.725" classname="scripts.RedistributionScoreLogicScenario1AndProvissionalSubmissionFunctionalityTest"/>
  <system-out/>
  <testcase name="Finalizing_The_AuditType_Test" time="27.823" classname="scripts.RedistributionScoreLogicScenario1AndProvissionalSubmissionFunctionalityTest"/>
  <system-out/>
  <testcase name="Validating_The_Scores_Test" time="74.406" classname="scripts.RedistributionScoreLogicScenario1AndProvissionalSubmissionFunctionalityTest">
    <failure type="java.lang.AssertionError" message="Total Score is Wrong expected [42.0 / 60.0] but found [42.0 / 160.0]">
      <![CDATA[java.lang.AssertionError: Total Score is Wrong expected [42.0 / 60.0] but found [42.0 / 160.0]
at org.testng.Assert.fail(Assert.java:99)
at org.testng.Assert.failNotEquals(Assert.java:1037)
at org.testng.Assert.assertEqualsImpl(Assert.java:140)
at org.testng.Assert.assertEquals(Assert.java:122)
at org.testng.Assert.assertEquals(Assert.java:629)
at scripts.RedistributionScoreLogicScenario1AndProvissionalSubmissionFunctionalityTest.Validating_The_Scores_Test(RedistributionScoreLogicScenario1AndProvissionalSubmissionFunctionalityTest.java:2339)
at sun.reflect.NativeMethodAccessorImpl.invoke0(Native Method)
at sun.reflect.NativeMethodAccessorImpl.invoke(Unknown Source)
at sun.reflect.DelegatingMethodAccessorImpl.invoke(Unknown Source)
at java.lang.reflect.Method.invoke(Unknown Source)
at org.testng.internal.MethodInvocationHelper.invokeMethod(MethodInvocationHelper.java:132)
at org.testng.internal.TestInvoker.invokeMethod(TestInvoker.java:599)
at org.testng.internal.TestInvoker.invokeTestMethod(TestInvoker.java:174)
at org.testng.internal.MethodRunner.runInSequence(MethodRunner.java:46)
at org.testng.internal.TestInvoker$MethodInvocationAgent.invoke(TestInvoker.java:822)
at org.testng.internal.TestInvoker.invokeTestMethods(TestInvoker.java:147)
at org.testng.internal.TestMethodWorker.invokeTestMethods(TestMethodWorker.java:146)
at org.testng.internal.TestMethodWorker.run(TestMethodWorker.java:128)
at java.util.ArrayList.forEach(Unknown Source)
at org.testng.TestRunner.privateRun(TestRunner.java:764)
at org.testng.TestRunner.run(TestRunner.java:585)
at org.testng.SuiteRunner.runTest(SuiteRunner.java:384)
at org.testng.SuiteRunner.runSequentially(SuiteRunner.java:378)
at org.testng.SuiteRunner.privateRun(SuiteRunner.java:337)
at org.testng.SuiteRunner.run(SuiteRunner.java:286)
at org.testng.SuiteRunnerWorker.runSuite(SuiteRunnerWorker.java:53)
at org.testng.SuiteRunnerWorker.run(SuiteRunnerWorker.java:96)
at org.testng.TestNG.runSuitesSequentially(TestNG.java:1218)
at org.testng.TestNG.runSuitesLocally(TestNG.java:1140)
at org.testng.TestNG.runSuites(TestNG.java:1069)
at org.testng.TestNG.run(TestNG.java:1037)
at org.testng.remote.AbstractRemoteTestNG.run(AbstractRemoteTestNG.java:115)
at org.testng.remote.RemoteTestNG.initAndRun(RemoteTestNG.java:251)
at org.testng.remote.RemoteTestNG.main(RemoteTestNG.java:77)
]]>
    </failure>
  </testcase> <!-- Validating_The_Scores_Test -->
  <system-out/>
</testsuite> <!-- scripts.RedistributionScoreLogicScenario1AndProvissionalSubmissionFunctionalityTest -->
