<?xml version="1.0" encoding="UTF-8"?>
<!-- Generated by org.testng.reporters.JUnitReportReporter -->
<testsuite skipped="19" hostname="Automation-win" name="scripts.AddingCPWithSubAuditsLeveleAlllocationThroughExpressAndNormalModeFunctionalityTest" tests="21" failures="0" timestamp="2023-12-19T18:03:01 IST" time="130.171" errors="1">
  <testcase name="Annexure_Page_Test" time="17.180" classname="scripts.AddingCPWithSubAuditsLeveleAlllocationThroughExpressAndNormalModeFunctionalityTest"/>
  <system-out/>
  <testcase name="Adding_Static_Annexure_Test" time="112.991" classname="scripts.AddingCPWithSubAuditsLeveleAlllocationThroughExpressAndNormalModeFunctionalityTest">
    <error type="org.openqa.selenium.NoSuchElementException" message="no such element: Unable to locate element: {&quot;method&quot;:&quot;xpath&quot;,&quot;selector&quot;:&quot;//div[@class=&#039;alert alert-success&#039;]/span&quot;}
  (Session info: chrome=120.0.6099.110)
For documentation on this error, please visit: http://seleniumhq.org/exceptions/no_such_element.html
Build info: version: &#039;3.141.0&#039;, revision: &#039;2ecb7d9a&#039;, time: &#039;2018-10-31T20:09:30&#039;
System info: host: &#039;Automation-win&#039;, ip: &#039;10.8.0.4&#039;, os.name: &#039;Windows 10&#039;, os.arch: &#039;amd64&#039;, os.version: &#039;10.0&#039;, java.version: &#039;1.8.0_201&#039;
Driver info: org.openqa.selenium.chrome.ChromeDriver
Capabilities {acceptInsecureCerts: false, browserName: chrome, browserVersion: 120.0.6099.110, chrome: {chromedriverVersion: 119.0.6045.105 (38c72552c5e..., userDataDir: C:\Users\Sumanth\AppData\Lo...}, fedcm:accounts: true, goog:chromeOptions: {debuggerAddress: localhost:52071}, javascriptEnabled: true, networkConnectionEnabled: false, pageLoadStrategy: normal, platform: WINDOWS, platformName: WINDOWS, proxy: Proxy(), setWindowRect: true, strictFileInteractability: false, timeouts: {implicit: 0, pageLoad: 300000, script: 30000}, unhandledPromptBehavior: dismiss and notify, webauthn:extension:credBlob: true, webauthn:extension:largeBlob: true, webauthn:extension:minPinLength: true, webauthn:extension:prf: true, webauthn:virtualAuthenticators: true}
Session ID: aa57d51004e60a4d949bda7df00ca84a
*** Element info: {Using=xpath, value=//div[@class=&#039;alert alert-success&#039;]/span}">
      <![CDATA[org.openqa.selenium.NoSuchElementException: no such element: Unable to locate element: {"method":"xpath","selector":"//div[@class='alert alert-success']/span"}
  (Session info: chrome=120.0.6099.110)
For documentation on this error, please visit: http://seleniumhq.org/exceptions/no_such_element.html
Build info: version: '3.141.0', revision: '2ecb7d9a', time: '2018-10-31T20:09:30'
System info: host: 'Automation-win', ip: '10.8.0.4', os.name: 'Windows 10', os.arch: 'amd64', os.version: '10.0', java.version: '1.8.0_201'
Driver info: org.openqa.selenium.chrome.ChromeDriver
Capabilities {acceptInsecureCerts: false, browserName: chrome, browserVersion: 120.0.6099.110, chrome: {chromedriverVersion: 119.0.6045.105 (38c72552c5e..., userDataDir: C:\Users\Sumanth\AppData\Lo...}, fedcm:accounts: true, goog:chromeOptions: {debuggerAddress: localhost:52071}, javascriptEnabled: true, networkConnectionEnabled: false, pageLoadStrategy: normal, platform: WINDOWS, platformName: WINDOWS, proxy: Proxy(), setWindowRect: true, strictFileInteractability: false, timeouts: {implicit: 0, pageLoad: 300000, script: 30000}, unhandledPromptBehavior: dismiss and notify, webauthn:extension:credBlob: true, webauthn:extension:largeBlob: true, webauthn:extension:minPinLength: true, webauthn:extension:prf: true, webauthn:virtualAuthenticators: true}
Session ID: aa57d51004e60a4d949bda7df00ca84a
*** Element info: {Using=xpath, value=//div[@class='alert alert-success']/span}
at sun.reflect.NativeConstructorAccessorImpl.newInstance0(Native Method)
at sun.reflect.NativeConstructorAccessorImpl.newInstance(Unknown Source)
at sun.reflect.DelegatingConstructorAccessorImpl.newInstance(Unknown Source)
at java.lang.reflect.Constructor.newInstance(Unknown Source)
at org.openqa.selenium.remote.http.W3CHttpResponseCodec.createException(W3CHttpResponseCodec.java:187)
at org.openqa.selenium.remote.http.W3CHttpResponseCodec.decode(W3CHttpResponseCodec.java:122)
at org.openqa.selenium.remote.http.W3CHttpResponseCodec.decode(W3CHttpResponseCodec.java:49)
at org.openqa.selenium.remote.HttpCommandExecutor.execute(HttpCommandExecutor.java:158)
at org.openqa.selenium.remote.service.DriverCommandExecutor.execute(DriverCommandExecutor.java:83)
at org.openqa.selenium.remote.RemoteWebDriver.execute(RemoteWebDriver.java:552)
at org.openqa.selenium.remote.RemoteWebDriver.findElement(RemoteWebDriver.java:323)
at org.openqa.selenium.remote.RemoteWebDriver.findElementByXPath(RemoteWebDriver.java:428)
at org.openqa.selenium.By$ByXPath.findElement(By.java:353)
at org.openqa.selenium.remote.RemoteWebDriver.findElement(RemoteWebDriver.java:315)
at pom.AnnexurePageTest.VerifyAnnexureCreatedSuccessfullyMSGIsDisplayed(AnnexurePageTest.java:493)
at scripts.AddingCPWithSubAuditsLeveleAlllocationThroughExpressAndNormalModeFunctionalityTest.Adding_Static_Annexure_Test(AddingCPWithSubAuditsLeveleAlllocationThroughExpressAndNormalModeFunctionalityTest.java:206)
at sun.reflect.NativeMethodAccessorImpl.invoke0(Native Method)
at sun.reflect.NativeMethodAccessorImpl.invoke(Unknown Source)
at sun.reflect.DelegatingMethodAccessorImpl.invoke(Unknown Source)
at java.lang.reflect.Method.invoke(Unknown Source)
at org.testng.internal.MethodInvocationHelper.invokeMethod(MethodInvocationHelper.java:132)
at org.testng.internal.TestInvoker.invokeMethod(TestInvoker.java:599)
at org.testng.internal.TestInvoker.invokeTestMethod(TestInvoker.java:174)
at org.testng.internal.MethodRunner.runInSequence(MethodRunner.java:46)
at org.testng.internal.TestInvoker$MethodInvocationAgent.invoke(TestInvoker.java:822)
at org.testng.internal.TestInvoker.invokeTestMethods(TestInvoker.java:147)
at org.testng.internal.TestMethodWorker.invokeTestMethods(TestMethodWorker.java:146)
at org.testng.internal.TestMethodWorker.run(TestMethodWorker.java:128)
at java.util.ArrayList.forEach(Unknown Source)
at org.testng.TestRunner.privateRun(TestRunner.java:764)
at org.testng.TestRunner.run(TestRunner.java:585)
at org.testng.SuiteRunner.runTest(SuiteRunner.java:384)
at org.testng.SuiteRunner.runSequentially(SuiteRunner.java:378)
at org.testng.SuiteRunner.privateRun(SuiteRunner.java:337)
at org.testng.SuiteRunner.run(SuiteRunner.java:286)
at org.testng.SuiteRunnerWorker.runSuite(SuiteRunnerWorker.java:53)
at org.testng.SuiteRunnerWorker.run(SuiteRunnerWorker.java:96)
at org.testng.TestNG.runSuitesSequentially(TestNG.java:1218)
at org.testng.TestNG.runSuitesLocally(TestNG.java:1140)
at org.testng.TestNG.runSuites(TestNG.java:1069)
at org.testng.TestNG.run(TestNG.java:1037)
at org.testng.remote.AbstractRemoteTestNG.run(AbstractRemoteTestNG.java:115)
at org.testng.remote.RemoteTestNG.initAndRun(RemoteTestNG.java:251)
at org.testng.remote.RemoteTestNG.main(RemoteTestNG.java:77)
]]>
    </error>
  </testcase> <!-- Adding_Static_Annexure_Test -->
  <system-out/>
  <testcase name="Adding_Dynamic_Annexure_Test" time="0.000" classname="scripts.AddingCPWithSubAuditsLeveleAlllocationThroughExpressAndNormalModeFunctionalityTest">
    <skipped/>
  </testcase> <!-- Adding_Dynamic_Annexure_Test -->
  <system-out/>
  <testcase name="Creating_Annexures_Group_Test" time="0.000" classname="scripts.AddingCPWithSubAuditsLeveleAlllocationThroughExpressAndNormalModeFunctionalityTest">
    <skipped/>
  </testcase> <!-- Creating_Annexures_Group_Test -->
  <system-out/>
  <testcase name="Creating_General_Groups_Test" time="0.000" classname="scripts.AddingCPWithSubAuditsLeveleAlllocationThroughExpressAndNormalModeFunctionalityTest">
    <skipped/>
  </testcase> <!-- Creating_General_Groups_Test -->
  <system-out/>
  <testcase name="Creating_Exceptional_Groups_Test" time="0.000" classname="scripts.AddingCPWithSubAuditsLeveleAlllocationThroughExpressAndNormalModeFunctionalityTest">
    <skipped/>
  </testcase> <!-- Creating_Exceptional_Groups_Test -->
  <system-out/>
  <testcase name="Adding_Four_CheckPoints_To_Static_Annexure_Group_Test" time="0.000" classname="scripts.AddingCPWithSubAuditsLeveleAlllocationThroughExpressAndNormalModeFunctionalityTest">
    <skipped/>
  </testcase> <!-- Adding_Four_CheckPoints_To_Static_Annexure_Group_Test -->
  <system-out/>
  <testcase name="Adding_Four_CheckPoints_To_Dynamic_Annexure_Group_Test" time="0.000" classname="scripts.AddingCPWithSubAuditsLeveleAlllocationThroughExpressAndNormalModeFunctionalityTest">
    <skipped/>
  </testcase> <!-- Adding_Four_CheckPoints_To_Dynamic_Annexure_Group_Test -->
  <system-out/>
  <testcase name="Adding_Four_CheckPoints_To_Group_Test" time="0.000" classname="scripts.AddingCPWithSubAuditsLeveleAlllocationThroughExpressAndNormalModeFunctionalityTest">
    <skipped/>
  </testcase> <!-- Adding_Four_CheckPoints_To_Group_Test -->
  <system-out/>
  <testcase name="Adding_Four_CheckPoints_To_another_Group_Test" time="0.000" classname="scripts.AddingCPWithSubAuditsLeveleAlllocationThroughExpressAndNormalModeFunctionalityTest">
    <skipped/>
  </testcase> <!-- Adding_Four_CheckPoints_To_another_Group_Test -->
  <system-out/>
  <testcase name="Adding_The_4_Types_Of_Checkpoints_To_Exceptional_Group_Test" time="0.000" classname="scripts.AddingCPWithSubAuditsLeveleAlllocationThroughExpressAndNormalModeFunctionalityTest">
    <skipped/>
  </testcase> <!-- Adding_The_4_Types_Of_Checkpoints_To_Exceptional_Group_Test -->
  <system-out/>
  <testcase name="Creating_Sub_AuditTypes_Test" time="0.000" classname="scripts.AddingCPWithSubAuditsLeveleAlllocationThroughExpressAndNormalModeFunctionalityTest">
    <skipped/>
  </testcase> <!-- Creating_Sub_AuditTypes_Test -->
  <system-out/>
  <testcase name="Creating_Parent_Audit_Type_Test" time="0.000" classname="scripts.AddingCPWithSubAuditsLeveleAlllocationThroughExpressAndNormalModeFunctionalityTest">
    <skipped/>
  </testcase> <!-- Creating_Parent_Audit_Type_Test -->
  <system-out/>
  <testcase name="Uploading_Annexure_Documents_Test" time="0.000" classname="scripts.AddingCPWithSubAuditsLeveleAlllocationThroughExpressAndNormalModeFunctionalityTest">
    <skipped/>
  </testcase> <!-- Uploading_Annexure_Documents_Test -->
  <system-out/>
  <testcase name="Auditee_Admin_Configuration_Test" time="0.000" classname="scripts.AddingCPWithSubAuditsLeveleAlllocationThroughExpressAndNormalModeFunctionalityTest">
    <skipped/>
  </testcase> <!-- Auditee_Admin_Configuration_Test -->
  <system-out/>
  <testcase name="Creating_Audit_Schedule_Test" time="0.000" classname="scripts.AddingCPWithSubAuditsLeveleAlllocationThroughExpressAndNormalModeFunctionalityTest">
    <skipped/>
  </testcase> <!-- Creating_Audit_Schedule_Test -->
  <system-out/>
  <testcase name="Audit_Execution_Test" time="0.000" classname="scripts.AddingCPWithSubAuditsLeveleAlllocationThroughExpressAndNormalModeFunctionalityTest">
    <skipped/>
  </testcase> <!-- Audit_Execution_Test -->
  <system-out/>
  <testcase name="Before_Approval_CP_And_Groups_Should_Not_Display_Test" time="0.000" classname="scripts.AddingCPWithSubAuditsLeveleAlllocationThroughExpressAndNormalModeFunctionalityTest">
    <skipped/>
  </testcase> <!-- Before_Approval_CP_And_Groups_Should_Not_Display_Test -->
  <system-out/>
  <testcase name="Reviewing_AddingCP_Finalize_Audit_Test" time="0.000" classname="scripts.AddingCPWithSubAuditsLeveleAlllocationThroughExpressAndNormalModeFunctionalityTest">
    <skipped/>
  </testcase> <!-- Reviewing_AddingCP_Finalize_Audit_Test -->
  <system-out/>
  <testcase name="Post_Approval_CP_And_Groups_Should_Not_Display_Test" time="0.000" classname="scripts.AddingCPWithSubAuditsLeveleAlllocationThroughExpressAndNormalModeFunctionalityTest">
    <skipped/>
  </testcase> <!-- Post_Approval_CP_And_Groups_Should_Not_Display_Test -->
  <system-out/>
  <testcase name="Validating_The_Scores_Test" time="0.000" classname="scripts.AddingCPWithSubAuditsLeveleAlllocationThroughExpressAndNormalModeFunctionalityTest">
    <skipped/>
  </testcase> <!-- Validating_The_Scores_Test -->
  <system-out/>
</testsuite> <!-- scripts.AddingCPWithSubAuditsLeveleAlllocationThroughExpressAndNormalModeFunctionalityTest -->
