<?xml version="1.0" encoding="UTF-8"?>
<!-- Generated by org.testng.reporters.JUnitReportReporter -->
<testsuite skipped="6" hostname="Automation-win" name="scripts.IssueSignificanceSubAuditsFunctionalityTest" tests="16" failures="0" timestamp="2023-12-14T13:45:31 IST" time="1222.472" errors="1">
  <testcase name="Create_Audit_Type_Page_Test" time="6.478" classname="scripts.IssueSignificanceSubAuditsFunctionalityTest"/>
  <system-out/>
  <testcase name="Creating_General_Group_Sub_Audit_Test" time="102.651" classname="scripts.IssueSignificanceSubAuditsFunctionalityTest"/>
  <system-out/>
  <testcase name="Creating_Annexure_Sub_Audit_Type_For_Dynamic_Group_Test" time="101.186" classname="scripts.IssueSignificanceSubAuditsFunctionalityTest"/>
  <system-out/>
  <testcase name="Creating_Annexure_Sub_Audit_Type_For_Static_Group_Test" time="101.622" classname="scripts.IssueSignificanceSubAuditsFunctionalityTest"/>
  <system-out/>
  <testcase name="Creating_Parent_Audit_Type_With_One_General_Group_And_Two_Annexue_Group_Test" time="680.562" classname="scripts.IssueSignificanceSubAuditsFunctionalityTest"/>
  <system-out/>
  <testcase name="Uploading_Annexure_Documnet_Page_Test" time="36.506" classname="scripts.IssueSignificanceSubAuditsFunctionalityTest"/>
  <system-out/>
  <testcase name="Validating_The_Uploaded_Documents_Test" time="13.251" classname="scripts.IssueSignificanceSubAuditsFunctionalityTest"/>
  <system-out/>
  <testcase name="Auditee_Admin_Configuration_Test" time="17.228" classname="scripts.IssueSignificanceSubAuditsFunctionalityTest"/>
  <system-out/>
  <testcase name="Creating_Schedule_Test" time="19.641" classname="scripts.IssueSignificanceSubAuditsFunctionalityTest"/>
  <system-out/>
  <testcase name="Executing_Audit_Type_Test" time="143.347" classname="scripts.IssueSignificanceSubAuditsFunctionalityTest">
    <error type="org.openqa.selenium.TimeoutException" message="Expected condition failed: waiting for visibility of Proxy element for: DefaultElementLocator &#039;By.xpath: //textarea[@placeholder=&#039;Enter Remarks&#039;]&#039; (tried for 20 second(s) with 500 milliseconds interval)">
      <![CDATA[org.openqa.selenium.TimeoutException: Expected condition failed: waiting for visibility of Proxy element for: DefaultElementLocator 'By.xpath: //textarea[@placeholder='Enter Remarks']' (tried for 20 second(s) with 500 milliseconds interval)
at org.openqa.selenium.support.ui.WebDriverWait.timeoutException(WebDriverWait.java:95)
at org.openqa.selenium.support.ui.FluentWait.until(FluentWait.java:272)
at pom.AuditExecutionPageTest.SetEnterRemarks(AuditExecutionPageTest.java:870)
at scripts.IssueSignificanceSubAuditsFunctionalityTest.Executing_Audit_Type_Test(IssueSignificanceSubAuditsFunctionalityTest.java:1195)
at sun.reflect.NativeMethodAccessorImpl.invoke0(Native Method)
at sun.reflect.NativeMethodAccessorImpl.invoke(Unknown Source)
at sun.reflect.DelegatingMethodAccessorImpl.invoke(Unknown Source)
at java.lang.reflect.Method.invoke(Unknown Source)
at org.testng.internal.MethodInvocationHelper.invokeMethod(MethodInvocationHelper.java:132)
at org.testng.internal.TestInvoker.invokeMethod(TestInvoker.java:599)
at org.testng.internal.TestInvoker.invokeTestMethod(TestInvoker.java:174)
at org.testng.internal.MethodRunner.runInSequence(MethodRunner.java:46)
at org.testng.internal.TestInvoker$MethodInvocationAgent.invoke(TestInvoker.java:822)
at org.testng.internal.TestInvoker.invokeTestMethods(TestInvoker.java:147)
at org.testng.internal.TestMethodWorker.invokeTestMethods(TestMethodWorker.java:146)
at org.testng.internal.TestMethodWorker.run(TestMethodWorker.java:128)
at java.util.ArrayList.forEach(Unknown Source)
at org.testng.TestRunner.privateRun(TestRunner.java:764)
at org.testng.TestRunner.run(TestRunner.java:585)
at org.testng.SuiteRunner.runTest(SuiteRunner.java:384)
at org.testng.SuiteRunner.runSequentially(SuiteRunner.java:378)
at org.testng.SuiteRunner.privateRun(SuiteRunner.java:337)
at org.testng.SuiteRunner.run(SuiteRunner.java:286)
at org.testng.SuiteRunnerWorker.runSuite(SuiteRunnerWorker.java:53)
at org.testng.SuiteRunnerWorker.run(SuiteRunnerWorker.java:96)
at org.testng.TestNG.runSuitesSequentially(TestNG.java:1218)
at org.testng.TestNG.runSuitesLocally(TestNG.java:1140)
at org.testng.TestNG.runSuites(TestNG.java:1069)
at org.testng.TestNG.run(TestNG.java:1037)
at org.testng.remote.AbstractRemoteTestNG.run(AbstractRemoteTestNG.java:115)
at org.testng.remote.RemoteTestNG.initAndRun(RemoteTestNG.java:251)
at org.testng.remote.RemoteTestNG.main(RemoteTestNG.java:77)
Caused by: org.openqa.selenium.NoSuchElementException: no such element: Unable to locate element: {"method":"xpath","selector":"//textarea[@placeholder='Enter Remarks']"}
  (Session info: chrome=120.0.6099.71)
For documentation on this error, please visit: http://seleniumhq.org/exceptions/no_such_element.html
Build info: version: '3.141.0', revision: '2ecb7d9a', time: '2018-10-31T20:09:30'
System info: host: 'Automation-win', ip: '10.8.0.4', os.name: 'Windows 10', os.arch: 'amd64', os.version: '10.0', java.version: '1.8.0_201'
Driver info: org.openqa.selenium.chrome.ChromeDriver
Capabilities {acceptInsecureCerts: false, browserName: chrome, browserVersion: 120.0.6099.71, chrome: {chromedriverVersion: 119.0.6045.105 (38c72552c5e..., userDataDir: C:\Users\Sumanth\AppData\Lo...}, fedcm:accounts: true, goog:chromeOptions: {debuggerAddress: localhost:53866}, javascriptEnabled: true, networkConnectionEnabled: false, pageLoadStrategy: normal, platform: WINDOWS, platformName: WINDOWS, proxy: Proxy(), setWindowRect: true, strictFileInteractability: false, timeouts: {implicit: 0, pageLoad: 300000, script: 30000}, unhandledPromptBehavior: dismiss and notify, webauthn:extension:credBlob: true, webauthn:extension:largeBlob: true, webauthn:extension:minPinLength: true, webauthn:extension:prf: true, webauthn:virtualAuthenticators: true}
Session ID: d530968134c92876f6c2865c3b46c4b4
*** Element info: {Using=xpath, value=//textarea[@placeholder='Enter Remarks']}
at sun.reflect.GeneratedConstructorAccessor61.newInstance(Unknown Source)
at sun.reflect.DelegatingConstructorAccessorImpl.newInstance(Unknown Source)
at java.lang.reflect.Constructor.newInstance(Unknown Source)
at org.openqa.selenium.remote.http.W3CHttpResponseCodec.createException(W3CHttpResponseCodec.java:187)
at org.openqa.selenium.remote.http.W3CHttpResponseCodec.decode(W3CHttpResponseCodec.java:122)
at org.openqa.selenium.remote.http.W3CHttpResponseCodec.decode(W3CHttpResponseCodec.java:49)
at org.openqa.selenium.remote.HttpCommandExecutor.execute(HttpCommandExecutor.java:158)
at org.openqa.selenium.remote.service.DriverCommandExecutor.execute(DriverCommandExecutor.java:83)
at org.openqa.selenium.remote.RemoteWebDriver.execute(RemoteWebDriver.java:552)
at org.openqa.selenium.remote.RemoteWebDriver.findElement(RemoteWebDriver.java:323)
at org.openqa.selenium.remote.RemoteWebDriver.findElementByXPath(RemoteWebDriver.java:428)
at org.openqa.selenium.By$ByXPath.findElement(By.java:353)
at org.openqa.selenium.remote.RemoteWebDriver.findElement(RemoteWebDriver.java:315)
at org.openqa.selenium.support.pagefactory.DefaultElementLocator.findElement(DefaultElementLocator.java:69)
at org.openqa.selenium.support.pagefactory.internal.LocatingElementHandler.invoke(LocatingElementHandler.java:38)
at com.sun.proxy.$Proxy11.isDisplayed(Unknown Source)
at org.openqa.selenium.support.ui.ExpectedConditions.elementIfVisible(ExpectedConditions.java:314)
at org.openqa.selenium.support.ui.ExpectedConditions.access$000(ExpectedConditions.java:43)
at org.openqa.selenium.support.ui.ExpectedConditions$10.apply(ExpectedConditions.java:300)
at org.openqa.selenium.support.ui.ExpectedConditions$10.apply(ExpectedConditions.java:297)
at org.openqa.selenium.support.ui.FluentWait.until(FluentWait.java:249)
... 30 more
]]>
    </error>
  </testcase> <!-- Executing_Audit_Type_Test -->
  <system-out/>
  <testcase name="SignOff_Audit_Test" time="0.000" classname="scripts.IssueSignificanceSubAuditsFunctionalityTest">
    <skipped/>
  </testcase> <!-- SignOff_Audit_Test -->
  <system-out/>
  <testcase name="Finalize_Audit_Test" time="0.000" classname="scripts.IssueSignificanceSubAuditsFunctionalityTest">
    <skipped/>
  </testcase> <!-- Finalize_Audit_Test -->
  <system-out/>
  <testcase name="Bulk_Resolve_Issues_By_AuditeeUser_Test" time="0.000" classname="scripts.IssueSignificanceSubAuditsFunctionalityTest">
    <skipped/>
  </testcase> <!-- Bulk_Resolve_Issues_By_AuditeeUser_Test -->
  <system-out/>
  <testcase name="Closing_And_Reopening_The_Issue_By_Auditor_Test" time="0.000" classname="scripts.IssueSignificanceSubAuditsFunctionalityTest">
    <skipped/>
  </testcase> <!-- Closing_And_Reopening_The_Issue_By_Auditor_Test -->
  <system-out/>
  <testcase name="Issues_Should_Not_Be_Display_For_Respondent_Test" classname="scripts.IssueSignificanceSubAuditsFunctionalityTest">
    <skipped/>
  </testcase> <!-- Issues_Should_Not_Be_Display_For_Respondent_Test -->
  <system-out/>
  <testcase name="Issues_Should_Not_Be_Display_For_Reviewer_Test" classname="scripts.IssueSignificanceSubAuditsFunctionalityTest">
    <skipped/>
  </testcase> <!-- Issues_Should_Not_Be_Display_For_Reviewer_Test -->
  <system-out/>
</testsuite> <!-- scripts.IssueSignificanceSubAuditsFunctionalityTest -->
