<?xml version="1.0" encoding="UTF-8"?>
<!-- Generated by org.testng.reporters.JUnitReportReporter -->
<testsuite skipped="5" hostname="Automation-win" name="scripts.ExceptionalGroupsFunctionalityTest" tests="9" failures="0" timestamp="2023-10-09T14:54:57 IST" time="180.950" errors="1">
  <testcase name="Creating_Exceptional_Sub_Audit_Type_Test" time="50.201" classname="scripts.ExceptionalGroupsFunctionalityTest"/>
  <system-out/>
  <testcase name="Creating_General_Sub_Audit_Type_Test" time="20.693" classname="scripts.ExceptionalGroupsFunctionalityTest"/>
  <system-out/>
  <testcase name="Creating_Annexure_Sub_Audit_Type_For_Static_Group_Test" time="22.167" classname="scripts.ExceptionalGroupsFunctionalityTest"/>
  <system-out/>
  <testcase name="Creating_Audit_Type_Test" time="87.889" classname="scripts.ExceptionalGroupsFunctionalityTest">
    <error type="org.openqa.selenium.TimeoutException" message="Expected condition failed: waiting for element to be clickable: [[ChromeDriver: chrome on WINDOWS (268a98b4fcf1b065721b769e41e181ea)] -&gt; xpath: //div[@class=&#039;tab-pane active&#039;]//button[@name=&#039;button&#039;][contains(text(),&#039;Submit&#039;)]] (tried for 40 second(s) with 500 milliseconds interval)
Build info: version: &#039;3.141.0&#039;, revision: &#039;2ecb7d9a&#039;, time: &#039;2018-10-31T20:09:30&#039;
System info: host: &#039;Automation-win&#039;, ip: &#039;10.8.0.4&#039;, os.name: &#039;Windows 10&#039;, os.arch: &#039;amd64&#039;, os.version: &#039;10.0&#039;, java.version: &#039;1.8.0_201&#039;
Driver info: org.openqa.selenium.chrome.ChromeDriver
Capabilities {acceptInsecureCerts: false, browserName: chrome, browserVersion: 117.0.5938.149, chrome: {chromedriverVersion: 116.0.5845.96 (1a3918166880..., userDataDir: C:\Users\Sumanth\AppData\Lo...}, fedcm:accounts: true, goog:chromeOptions: {debuggerAddress: localhost:59736}, javascriptEnabled: true, networkConnectionEnabled: false, pageLoadStrategy: normal, platform: WINDOWS, platformName: WINDOWS, proxy: Proxy(), setWindowRect: true, strictFileInteractability: false, timeouts: {implicit: 0, pageLoad: 300000, script: 30000}, unhandledPromptBehavior: dismiss and notify, webauthn:extension:credBlob: true, webauthn:extension:largeBlob: true, webauthn:extension:minPinLength: true, webauthn:extension:prf: true, webauthn:virtualAuthenticators: true}
Session ID: 268a98b4fcf1b065721b769e41e181ea">
      <![CDATA[org.openqa.selenium.TimeoutException: Expected condition failed: waiting for element to be clickable: [[ChromeDriver: chrome on WINDOWS (268a98b4fcf1b065721b769e41e181ea)] -> xpath: //div[@class='tab-pane active']//button[@name='button'][contains(text(),'Submit')]] (tried for 40 second(s) with 500 milliseconds interval)
Build info: version: '3.141.0', revision: '2ecb7d9a', time: '2018-10-31T20:09:30'
System info: host: 'Automation-win', ip: '10.8.0.4', os.name: 'Windows 10', os.arch: 'amd64', os.version: '10.0', java.version: '1.8.0_201'
Driver info: org.openqa.selenium.chrome.ChromeDriver
Capabilities {acceptInsecureCerts: false, browserName: chrome, browserVersion: 117.0.5938.149, chrome: {chromedriverVersion: 116.0.5845.96 (1a3918166880..., userDataDir: C:\Users\Sumanth\AppData\Lo...}, fedcm:accounts: true, goog:chromeOptions: {debuggerAddress: localhost:59736}, javascriptEnabled: true, networkConnectionEnabled: false, pageLoadStrategy: normal, platform: WINDOWS, platformName: WINDOWS, proxy: Proxy(), setWindowRect: true, strictFileInteractability: false, timeouts: {implicit: 0, pageLoad: 300000, script: 30000}, unhandledPromptBehavior: dismiss and notify, webauthn:extension:credBlob: true, webauthn:extension:largeBlob: true, webauthn:extension:minPinLength: true, webauthn:extension:prf: true, webauthn:virtualAuthenticators: true}
Session ID: 268a98b4fcf1b065721b769e41e181ea
at org.openqa.selenium.support.ui.WebDriverWait.timeoutException(WebDriverWait.java:95)
at org.openqa.selenium.support.ui.FluentWait.until(FluentWait.java:272)
at pom.ConfigureAuditPageTest.ClickSubmitBTN(ConfigureAuditPageTest.java:644)
at scripts.ExceptionalGroupsFunctionalityTest.Creating_Audit_Type_Test(ExceptionalGroupsFunctionalityTest.java:612)
at sun.reflect.NativeMethodAccessorImpl.invoke0(Native Method)
at sun.reflect.NativeMethodAccessorImpl.invoke(Unknown Source)
at sun.reflect.DelegatingMethodAccessorImpl.invoke(Unknown Source)
at java.lang.reflect.Method.invoke(Unknown Source)
at org.testng.internal.MethodInvocationHelper.invokeMethod(MethodInvocationHelper.java:132)
at org.testng.internal.TestInvoker.invokeMethod(TestInvoker.java:599)
at org.testng.internal.TestInvoker.invokeTestMethod(TestInvoker.java:174)
at org.testng.internal.MethodRunner.runInSequence(MethodRunner.java:46)
at org.testng.internal.TestInvoker$MethodInvocationAgent.invoke(TestInvoker.java:822)
at org.testng.internal.TestInvoker.invokeTestMethods(TestInvoker.java:147)
at org.testng.internal.TestMethodWorker.invokeTestMethods(TestMethodWorker.java:146)
at org.testng.internal.TestMethodWorker.run(TestMethodWorker.java:128)
at java.util.ArrayList.forEach(Unknown Source)
at org.testng.TestRunner.privateRun(TestRunner.java:764)
at org.testng.TestRunner.run(TestRunner.java:585)
at org.testng.SuiteRunner.runTest(SuiteRunner.java:384)
at org.testng.SuiteRunner.runSequentially(SuiteRunner.java:378)
at org.testng.SuiteRunner.privateRun(SuiteRunner.java:337)
at org.testng.SuiteRunner.run(SuiteRunner.java:286)
at org.testng.SuiteRunnerWorker.runSuite(SuiteRunnerWorker.java:53)
at org.testng.SuiteRunnerWorker.run(SuiteRunnerWorker.java:96)
at org.testng.TestNG.runSuitesSequentially(TestNG.java:1218)
at org.testng.TestNG.runSuitesLocally(TestNG.java:1140)
at org.testng.TestNG.runSuites(TestNG.java:1069)
at org.testng.TestNG.run(TestNG.java:1037)
at org.testng.remote.AbstractRemoteTestNG.run(AbstractRemoteTestNG.java:115)
at org.testng.remote.RemoteTestNG.initAndRun(RemoteTestNG.java:251)
at org.testng.remote.RemoteTestNG.main(RemoteTestNG.java:77)
]]>
    </error>
  </testcase> <!-- Creating_Audit_Type_Test -->
  <system-out/>
  <testcase name="Uploading_Annexure_Documenet_Test" time="0.000" classname="scripts.ExceptionalGroupsFunctionalityTest">
    <skipped/>
  </testcase> <!-- Uploading_Annexure_Documenet_Test -->
  <system-out/>
  <testcase name="Auditee_Admin_Configuration_Test" time="0.000" classname="scripts.ExceptionalGroupsFunctionalityTest">
    <skipped/>
  </testcase> <!-- Auditee_Admin_Configuration_Test -->
  <system-out/>
  <testcase name="Creating_Schedule_Test" time="0.000" classname="scripts.ExceptionalGroupsFunctionalityTest">
    <skipped/>
  </testcase> <!-- Creating_Schedule_Test -->
  <system-out/>
  <testcase name="Executing_Audit_Type_Test" time="0.000" classname="scripts.ExceptionalGroupsFunctionalityTest">
    <skipped/>
  </testcase> <!-- Executing_Audit_Type_Test -->
  <system-out/>
  <testcase name="Finalize_Audit_Test" time="0.000" classname="scripts.ExceptionalGroupsFunctionalityTest">
    <skipped/>
  </testcase> <!-- Finalize_Audit_Test -->
  <system-out/>
</testsuite> <!-- scripts.ExceptionalGroupsFunctionalityTest -->
