<?xml version="1.0" encoding="UTF-8"?>
<!-- Generated by org.testng.reporters.JUnitReportReporter -->
<testsuite skipped="10" hostname="Automation-win" name="scripts.DoyouWantToShowAllCheckpointsToAuditeeDuringSignoffSubaudistFunctionalityTest" tests="12" failures="0" timestamp="2023-10-09T14:54:57 IST" time="11.271" errors="1">
  <testcase name="Create_Audit_Type_Page_Test" time="7.392" classname="scripts.DoyouWantToShowAllCheckpointsToAuditeeDuringSignoffSubaudistFunctionalityTest"/>
  <system-out/>
  <testcase name="Creating_General_Group_Sub_Audit_Test" time="3.879" classname="scripts.DoyouWantToShowAllCheckpointsToAuditeeDuringSignoffSubaudistFunctionalityTest">
    <error type="org.openqa.selenium.ElementClickInterceptedException" message="element click intercepted: Element &lt;button type=&quot;button&quot; class=&quot;btn btn-primary custom-btn&quot; id=&quot;createAuditType&quot;&gt;...&lt;/button&gt; is not clickable at point (183, 145). Other element would receive the click: &lt;li&gt;...&lt;/li&gt;
  (Session info: chrome=117.0.5938.149)
Build info: version: &#039;3.141.0&#039;, revision: &#039;2ecb7d9a&#039;, time: &#039;2018-10-31T20:09:30&#039;
System info: host: &#039;Automation-win&#039;, ip: &#039;10.8.0.4&#039;, os.name: &#039;Windows 10&#039;, os.arch: &#039;amd64&#039;, os.version: &#039;10.0&#039;, java.version: &#039;1.8.0_201&#039;
Driver info: org.openqa.selenium.chrome.ChromeDriver
Capabilities {acceptInsecureCerts: false, browserName: chrome, browserVersion: 117.0.5938.149, chrome: {chromedriverVersion: 116.0.5845.96 (1a3918166880..., userDataDir: C:\Users\Sumanth\AppData\Lo...}, fedcm:accounts: true, goog:chromeOptions: {debuggerAddress: localhost:59995}, javascriptEnabled: true, networkConnectionEnabled: false, pageLoadStrategy: normal, platform: WINDOWS, platformName: WINDOWS, proxy: Proxy(), setWindowRect: true, strictFileInteractability: false, timeouts: {implicit: 0, pageLoad: 300000, script: 30000}, unhandledPromptBehavior: dismiss and notify, webauthn:extension:credBlob: true, webauthn:extension:largeBlob: true, webauthn:extension:minPinLength: true, webauthn:extension:prf: true, webauthn:virtualAuthenticators: true}
Session ID: 3b9a8b055520aa25ea31745113dd8dcb">
      <![CDATA[org.openqa.selenium.ElementClickInterceptedException: element click intercepted: Element <button type="button" class="btn btn-primary custom-btn" id="createAuditType">...</button> is not clickable at point (183, 145). Other element would receive the click: <li>...</li>
  (Session info: chrome=117.0.5938.149)
Build info: version: '3.141.0', revision: '2ecb7d9a', time: '2018-10-31T20:09:30'
System info: host: 'Automation-win', ip: '10.8.0.4', os.name: 'Windows 10', os.arch: 'amd64', os.version: '10.0', java.version: '1.8.0_201'
Driver info: org.openqa.selenium.chrome.ChromeDriver
Capabilities {acceptInsecureCerts: false, browserName: chrome, browserVersion: 117.0.5938.149, chrome: {chromedriverVersion: 116.0.5845.96 (1a3918166880..., userDataDir: C:\Users\Sumanth\AppData\Lo...}, fedcm:accounts: true, goog:chromeOptions: {debuggerAddress: localhost:59995}, javascriptEnabled: true, networkConnectionEnabled: false, pageLoadStrategy: normal, platform: WINDOWS, platformName: WINDOWS, proxy: Proxy(), setWindowRect: true, strictFileInteractability: false, timeouts: {implicit: 0, pageLoad: 300000, script: 30000}, unhandledPromptBehavior: dismiss and notify, webauthn:extension:credBlob: true, webauthn:extension:largeBlob: true, webauthn:extension:minPinLength: true, webauthn:extension:prf: true, webauthn:virtualAuthenticators: true}
Session ID: 3b9a8b055520aa25ea31745113dd8dcb
at sun.reflect.NativeConstructorAccessorImpl.newInstance0(Native Method)
at sun.reflect.NativeConstructorAccessorImpl.newInstance(Unknown Source)
at sun.reflect.DelegatingConstructorAccessorImpl.newInstance(Unknown Source)
at java.lang.reflect.Constructor.newInstance(Unknown Source)
at org.openqa.selenium.remote.http.W3CHttpResponseCodec.createException(W3CHttpResponseCodec.java:187)
at org.openqa.selenium.remote.http.W3CHttpResponseCodec.decode(W3CHttpResponseCodec.java:122)
at org.openqa.selenium.remote.http.W3CHttpResponseCodec.decode(W3CHttpResponseCodec.java:49)
at org.openqa.selenium.remote.HttpCommandExecutor.execute(HttpCommandExecutor.java:158)
at org.openqa.selenium.remote.service.DriverCommandExecutor.execute(DriverCommandExecutor.java:83)
at org.openqa.selenium.remote.RemoteWebDriver.execute(RemoteWebDriver.java:552)
at org.openqa.selenium.remote.RemoteWebElement.execute(RemoteWebElement.java:285)
at org.openqa.selenium.remote.RemoteWebElement.click(RemoteWebElement.java:84)
at sun.reflect.GeneratedMethodAccessor2.invoke(Unknown Source)
at sun.reflect.DelegatingMethodAccessorImpl.invoke(Unknown Source)
at java.lang.reflect.Method.invoke(Unknown Source)
at org.openqa.selenium.support.pagefactory.internal.LocatingElementHandler.invoke(LocatingElementHandler.java:51)
at com.sun.proxy.$Proxy11.click(Unknown Source)
at pom.ConfigureAuditPageTest.ClickCreateAuditTypeBTN(ConfigureAuditPageTest.java:555)
at scripts.DoyouWantToShowAllCheckpointsToAuditeeDuringSignoffSubaudistFunctionalityTest.Creating_General_Group_Sub_Audit_Test(DoyouWantToShowAllCheckpointsToAuditeeDuringSignoffSubaudistFunctionalityTest.java:87)
at sun.reflect.NativeMethodAccessorImpl.invoke0(Native Method)
at sun.reflect.NativeMethodAccessorImpl.invoke(Unknown Source)
at sun.reflect.DelegatingMethodAccessorImpl.invoke(Unknown Source)
at java.lang.reflect.Method.invoke(Unknown Source)
at org.testng.internal.MethodInvocationHelper.invokeMethod(MethodInvocationHelper.java:132)
at org.testng.internal.TestInvoker.invokeMethod(TestInvoker.java:599)
at org.testng.internal.TestInvoker.invokeTestMethod(TestInvoker.java:174)
at org.testng.internal.MethodRunner.runInSequence(MethodRunner.java:46)
at org.testng.internal.TestInvoker$MethodInvocationAgent.invoke(TestInvoker.java:822)
at org.testng.internal.TestInvoker.invokeTestMethods(TestInvoker.java:147)
at org.testng.internal.TestMethodWorker.invokeTestMethods(TestMethodWorker.java:146)
at org.testng.internal.TestMethodWorker.run(TestMethodWorker.java:128)
at java.util.ArrayList.forEach(Unknown Source)
at org.testng.TestRunner.privateRun(TestRunner.java:764)
at org.testng.TestRunner.run(TestRunner.java:585)
at org.testng.SuiteRunner.runTest(SuiteRunner.java:384)
at org.testng.SuiteRunner.runSequentially(SuiteRunner.java:378)
at org.testng.SuiteRunner.privateRun(SuiteRunner.java:337)
at org.testng.SuiteRunner.run(SuiteRunner.java:286)
at org.testng.SuiteRunnerWorker.runSuite(SuiteRunnerWorker.java:53)
at org.testng.SuiteRunnerWorker.run(SuiteRunnerWorker.java:96)
at org.testng.TestNG.runSuitesSequentially(TestNG.java:1218)
at org.testng.TestNG.runSuitesLocally(TestNG.java:1140)
at org.testng.TestNG.runSuites(TestNG.java:1069)
at org.testng.TestNG.run(TestNG.java:1037)
at org.testng.remote.AbstractRemoteTestNG.run(AbstractRemoteTestNG.java:115)
at org.testng.remote.RemoteTestNG.initAndRun(RemoteTestNG.java:251)
at org.testng.remote.RemoteTestNG.main(RemoteTestNG.java:77)
]]>
    </error>
  </testcase> <!-- Creating_General_Group_Sub_Audit_Test -->
  <system-out/>
  <testcase name="Creating_Annexure_Sub_Audit_Type_For_Dynamic_Group_Test" time="0.000" classname="scripts.DoyouWantToShowAllCheckpointsToAuditeeDuringSignoffSubaudistFunctionalityTest">
    <skipped/>
  </testcase> <!-- Creating_Annexure_Sub_Audit_Type_For_Dynamic_Group_Test -->
  <system-out/>
  <testcase name="Creating_Annexure_Sub_Audit_Type_For_Static_Group_Test" time="0.000" classname="scripts.DoyouWantToShowAllCheckpointsToAuditeeDuringSignoffSubaudistFunctionalityTest">
    <skipped/>
  </testcase> <!-- Creating_Annexure_Sub_Audit_Type_For_Static_Group_Test -->
  <system-out/>
  <testcase name="Creating_Parent_Audit_Type_With_One_General_Group_And_Two_Annexue_Group_Test" time="0.000" classname="scripts.DoyouWantToShowAllCheckpointsToAuditeeDuringSignoffSubaudistFunctionalityTest">
    <skipped/>
  </testcase> <!-- Creating_Parent_Audit_Type_With_One_General_Group_And_Two_Annexue_Group_Test -->
  <system-out/>
  <testcase name="Uploading_Annexure_Documnet_Page_Test" time="0.000" classname="scripts.DoyouWantToShowAllCheckpointsToAuditeeDuringSignoffSubaudistFunctionalityTest">
    <skipped/>
  </testcase> <!-- Uploading_Annexure_Documnet_Page_Test -->
  <system-out/>
  <testcase name="Validating_The_Uploaded_Documents_Test" time="0.000" classname="scripts.DoyouWantToShowAllCheckpointsToAuditeeDuringSignoffSubaudistFunctionalityTest">
    <skipped/>
  </testcase> <!-- Validating_The_Uploaded_Documents_Test -->
  <system-out/>
  <testcase name="Auditee_Admin_Configuration_Test" time="0.000" classname="scripts.DoyouWantToShowAllCheckpointsToAuditeeDuringSignoffSubaudistFunctionalityTest">
    <skipped/>
  </testcase> <!-- Auditee_Admin_Configuration_Test -->
  <system-out/>
  <testcase name="Creating_Schedule_Test" time="0.000" classname="scripts.DoyouWantToShowAllCheckpointsToAuditeeDuringSignoffSubaudistFunctionalityTest">
    <skipped/>
  </testcase> <!-- Creating_Schedule_Test -->
  <system-out/>
  <testcase name="Executing_Audit_Type_Test" time="0.000" classname="scripts.DoyouWantToShowAllCheckpointsToAuditeeDuringSignoffSubaudistFunctionalityTest">
    <skipped/>
  </testcase> <!-- Executing_Audit_Type_Test -->
  <system-out/>
  <testcase name="SignOff_Audit_Test" time="0.000" classname="scripts.DoyouWantToShowAllCheckpointsToAuditeeDuringSignoffSubaudistFunctionalityTest">
    <skipped/>
  </testcase> <!-- SignOff_Audit_Test -->
  <system-out/>
  <testcase name="Finalize_Audit_Test" time="0.000" classname="scripts.DoyouWantToShowAllCheckpointsToAuditeeDuringSignoffSubaudistFunctionalityTest">
    <skipped/>
  </testcase> <!-- Finalize_Audit_Test -->
  <system-out/>
</testsuite> <!-- scripts.DoyouWantToShowAllCheckpointsToAuditeeDuringSignoffSubaudistFunctionalityTest -->
