<?xml version="1.0" encoding="UTF-8"?>
<!-- Generated by org.testng.reporters.JUnitReportReporter -->
<testsuite hostname="MSI" failures="0" tests="12" name="scripts.RoleManagementPageFunctionalityTest" time="2.557" errors="1" timestamp="2024-08-28T20:46:04 IST" skipped="11">
  <testcase classname="scripts.RoleManagementPageFunctionalityTest" name="Role_Management_Page_Test" time="2.557">
    <error message="no such element: Unable to locate element: {&quot;method&quot;:&quot;xpath&quot;,&quot;selector&quot;:&quot;//label[text()=&#039;Login&#039;]/following-sibling::div/input&quot;}
  (Session info: chrome=128.0.6613.85)
For documentation on this error, please visit: http://seleniumhq.org/exceptions/no_such_element.html
Build info: version: &#039;3.141.0&#039;, revision: &#039;2ecb7d9a&#039;, time: &#039;2018-10-31T20:09:30&#039;
System info: host: &#039;MSI&#039;, ip: &#039;172.20.10.4&#039;, os.name: &#039;Windows 11&#039;, os.arch: &#039;amd64&#039;, os.version: &#039;10.0&#039;, java.version: &#039;21.0.4&#039;
Driver info: org.openqa.selenium.chrome.ChromeDriver
Capabilities {acceptInsecureCerts: false, browserName: chrome, browserVersion: 128.0.6613.85, chrome: {chromedriverVersion: 128.0.6613.84 (606aa55c7d68..., userDataDir: C:\Users\dines\AppData\Loca...}, fedcm:accounts: true, goog:chromeOptions: {debuggerAddress: localhost:58051}, javascriptEnabled: true, networkConnectionEnabled: false, pageLoadStrategy: normal, platform: WINDOWS, platformName: WINDOWS, proxy: Proxy(), setWindowRect: true, strictFileInteractability: false, timeouts: {implicit: 0, pageLoad: 300000, script: 30000}, unhandledPromptBehavior: dismiss and notify, webauthn:extension:credBlob: true, webauthn:extension:largeBlob: true, webauthn:extension:minPinLength: true, webauthn:extension:prf: true, webauthn:virtualAuthenticators: true}
Session ID: a04a6f6feab9b8522c5403057c5a3254
*** Element info: {Using=xpath, value=//label[text()=&#039;Login&#039;]/following-sibling::div/input}" type="org.openqa.selenium.NoSuchElementException">
      <![CDATA[org.openqa.selenium.NoSuchElementException: no such element: Unable to locate element: {"method":"xpath","selector":"//label[text()='Login']/following-sibling::div/input"}
  (Session info: chrome=128.0.6613.85)
For documentation on this error, please visit: http://seleniumhq.org/exceptions/no_such_element.html
Build info: version: '3.141.0', revision: '2ecb7d9a', time: '2018-10-31T20:09:30'
System info: host: 'MSI', ip: '172.20.10.4', os.name: 'Windows 11', os.arch: 'amd64', os.version: '10.0', java.version: '21.0.4'
Driver info: org.openqa.selenium.chrome.ChromeDriver
Capabilities {acceptInsecureCerts: false, browserName: chrome, browserVersion: 128.0.6613.85, chrome: {chromedriverVersion: 128.0.6613.84 (606aa55c7d68..., userDataDir: C:\Users\dines\AppData\Loca...}, fedcm:accounts: true, goog:chromeOptions: {debuggerAddress: localhost:58051}, javascriptEnabled: true, networkConnectionEnabled: false, pageLoadStrategy: normal, platform: WINDOWS, platformName: WINDOWS, proxy: Proxy(), setWindowRect: true, strictFileInteractability: false, timeouts: {implicit: 0, pageLoad: 300000, script: 30000}, unhandledPromptBehavior: dismiss and notify, webauthn:extension:credBlob: true, webauthn:extension:largeBlob: true, webauthn:extension:minPinLength: true, webauthn:extension:prf: true, webauthn:virtualAuthenticators: true}
Session ID: a04a6f6feab9b8522c5403057c5a3254
*** Element info: {Using=xpath, value=//label[text()='Login']/following-sibling::div/input}
at java.base/jdk.internal.reflect.DirectConstructorHandleAccessor.newInstance(DirectConstructorHandleAccessor.java:62)
at java.base/java.lang.reflect.Constructor.newInstanceWithCaller(Constructor.java:502)
at java.base/java.lang.reflect.Constructor.newInstance(Constructor.java:486)
at org.openqa.selenium.remote.http.W3CHttpResponseCodec.createException(W3CHttpResponseCodec.java:187)
at org.openqa.selenium.remote.http.W3CHttpResponseCodec.decode(W3CHttpResponseCodec.java:122)
at org.openqa.selenium.remote.http.W3CHttpResponseCodec.decode(W3CHttpResponseCodec.java:49)
at org.openqa.selenium.remote.HttpCommandExecutor.execute(HttpCommandExecutor.java:158)
at org.openqa.selenium.remote.service.DriverCommandExecutor.execute(DriverCommandExecutor.java:83)
at org.openqa.selenium.remote.RemoteWebDriver.execute(RemoteWebDriver.java:552)
at org.openqa.selenium.remote.RemoteWebDriver.findElement(RemoteWebDriver.java:323)
at org.openqa.selenium.remote.RemoteWebDriver.findElementByXPath(RemoteWebDriver.java:428)
at org.openqa.selenium.By$ByXPath.findElement(By.java:353)
at org.openqa.selenium.remote.RemoteWebDriver.findElement(RemoteWebDriver.java:315)
at org.openqa.selenium.support.pagefactory.DefaultElementLocator.findElement(DefaultElementLocator.java:69)
at org.openqa.selenium.support.pagefactory.internal.LocatingElementHandler.invoke(LocatingElementHandler.java:38)
at jdk.proxy2/jdk.proxy2.$Proxy14.sendKeys(Unknown Source)
at pom.LoginPageTest.setusername(LoginPageTest.java:60)
at scripts.RoleManagementPageFunctionalityTest.Role_Management_Page_Test(RoleManagementPageFunctionalityTest.java:36)
at java.base/jdk.internal.reflect.DirectMethodHandleAccessor.invoke(DirectMethodHandleAccessor.java:103)
at java.base/java.lang.reflect.Method.invoke(Method.java:580)
at org.testng.internal.MethodInvocationHelper.invokeMethod(MethodInvocationHelper.java:133)
at org.testng.internal.TestInvoker.invokeMethod(TestInvoker.java:598)
at org.testng.internal.TestInvoker.invokeTestMethod(TestInvoker.java:173)
at org.testng.internal.MethodRunner.runInSequence(MethodRunner.java:46)
at org.testng.internal.TestInvoker$MethodInvocationAgent.invoke(TestInvoker.java:824)
at org.testng.internal.TestInvoker.invokeTestMethods(TestInvoker.java:146)
at org.testng.internal.TestMethodWorker.invokeTestMethods(TestMethodWorker.java:146)
at org.testng.internal.TestMethodWorker.run(TestMethodWorker.java:128)
at java.base/java.util.ArrayList.forEach(ArrayList.java:1596)
at org.testng.TestRunner.privateRun(TestRunner.java:794)
at org.testng.TestRunner.run(TestRunner.java:596)
at org.testng.SuiteRunner.runTest(SuiteRunner.java:377)
at org.testng.SuiteRunner.runSequentially(SuiteRunner.java:371)
at org.testng.SuiteRunner.privateRun(SuiteRunner.java:332)
at org.testng.SuiteRunner.run(SuiteRunner.java:276)
at org.testng.SuiteRunnerWorker.runSuite(SuiteRunnerWorker.java:53)
at org.testng.SuiteRunnerWorker.run(SuiteRunnerWorker.java:96)
at org.testng.TestNG.runSuitesSequentially(TestNG.java:1212)
at org.testng.TestNG.runSuitesLocally(TestNG.java:1134)
at org.testng.TestNG.runSuites(TestNG.java:1063)
at org.testng.TestNG.run(TestNG.java:1031)
at org.testng.remote.AbstractRemoteTestNG.run(AbstractRemoteTestNG.java:115)
at org.testng.remote.RemoteTestNG.initAndRun(RemoteTestNG.java:293)
at org.testng.remote.RemoteTestNG.main(RemoteTestNG.java:91)
]]>
    </error>
  </testcase> <!-- Role_Management_Page_Test -->
  <system-out/>
  <testcase classname="scripts.RoleManagementPageFunctionalityTest" name="Passing_Less_Than_Six_Characters_To_Name_Test" time="0.000">
    <skipped/>
  </testcase> <!-- Passing_Less_Than_Six_Characters_To_Name_Test -->
  <system-out/>
  <testcase classname="scripts.RoleManagementPageFunctionalityTest" name="Add_Role_Test" time="0.000">
    <skipped/>
  </testcase> <!-- Add_Role_Test -->
  <system-out/>
  <testcase classname="scripts.RoleManagementPageFunctionalityTest" name="Adding_Same_Name_Test" time="0.000">
    <skipped/>
  </testcase> <!-- Adding_Same_Name_Test -->
  <system-out/>
  <testcase classname="scripts.RoleManagementPageFunctionalityTest" name="Search_Role_Test" time="0.000">
    <skipped/>
  </testcase> <!-- Search_Role_Test -->
  <system-out/>
  <testcase classname="scripts.RoleManagementPageFunctionalityTest" name="View_Role_Test" time="0.000">
    <skipped/>
  </testcase> <!-- View_Role_Test -->
  <system-out/>
  <testcase classname="scripts.RoleManagementPageFunctionalityTest" name="Delete_Role_Test" time="0.000">
    <skipped/>
  </testcase> <!-- Delete_Role_Test -->
  <system-out/>
  <testcase classname="scripts.RoleManagementPageFunctionalityTest" name="Edit_Role_Test" time="0.000">
    <skipped/>
  </testcase> <!-- Edit_Role_Test -->
  <system-out/>
  <testcase classname="scripts.RoleManagementPageFunctionalityTest" name="Delete_Button_Should_Not_Show_for_User_Who_Has_Assigned_To_Role_Test" time="0.000">
    <skipped/>
  </testcase> <!-- Delete_Button_Should_Not_Show_for_User_Who_Has_Assigned_To_Role_Test -->
  <system-out/>
  <testcase classname="scripts.RoleManagementPageFunctionalityTest" name="Edit_Delete_Button_Should_Not_Display_Default_Role_Test" time="0.000">
    <skipped/>
  </testcase> <!-- Edit_Delete_Button_Should_Not_Display_Default_Role_Test -->
  <system-out/>
  <testcase classname="scripts.RoleManagementPageFunctionalityTest" name="Add_Role_Mandatory_Fields_Test" time="0.000">
    <skipped/>
  </testcase> <!-- Add_Role_Mandatory_Fields_Test -->
  <system-out/>
  <testcase classname="scripts.RoleManagementPageFunctionalityTest" name="Passing_Invalid_Role_Name_While_Adding_The_Role_Test" time="0.000">
    <skipped/>
  </testcase> <!-- Passing_Invalid_Role_Name_While_Adding_The_Role_Test -->
  <system-out/>
</testsuite> <!-- scripts.RoleManagementPageFunctionalityTest -->
