<?xml version="1.0" encoding="UTF-8"?>
<!-- Generated by org.testng.reporters.JUnitReportReporter -->
<testsuite hostname="DESKTOP-18QGTHL" failures="1" tests="6" name="scripts.AnnexureDocumentUploadScreenAndDynamicUploadAnnexureFunctionalityTest" time="614.621" errors="0" timestamp="2024-06-13T15:05:54 IST" skipped="2">
  <testcase classname="scripts.AnnexureDocumentUploadScreenAndDynamicUploadAnnexureFunctionalityTest" name="Creating_General_Sub_Audit_Type_Test" time="132.966"/>
  <system-out/>
  <testcase classname="scripts.AnnexureDocumentUploadScreenAndDynamicUploadAnnexureFunctionalityTest" name="Creating_Annexure_Sub_Audit_Type_For_Dynmaic_Group_Test" time="113.659"/>
  <system-out/>
  <testcase classname="scripts.AnnexureDocumentUploadScreenAndDynamicUploadAnnexureFunctionalityTest" name="Creating_Annexure_Sub_Audit_Type_For_Static_Group_Test" time="111.533"/>
  <system-out/>
  <testcase classname="scripts.AnnexureDocumentUploadScreenAndDynamicUploadAnnexureFunctionalityTest" name="Creating_Parent_Audit_Type_With_One_General_Group_And_Two_Annexue_Group_Test" time="256.463">
    <failure message="Total Score count is showing Wrong expected [100] but found []" type="java.lang.AssertionError">
      <![CDATA[java.lang.AssertionError: Total Score count is showing Wrong expected [100] but found []
at org.testng.Assert.fail(Assert.java:99)
at org.testng.Assert.failNotEquals(Assert.java:1037)
at org.testng.Assert.assertEqualsImpl(Assert.java:140)
at org.testng.Assert.assertEquals(Assert.java:122)
at org.testng.Assert.assertEquals(Assert.java:629)
at scripts.AnnexureDocumentUploadScreenAndDynamicUploadAnnexureFunctionalityTest.Creating_Parent_Audit_Type_With_One_General_Group_And_Two_Annexue_Group_Test(AnnexureDocumentUploadScreenAndDynamicUploadAnnexureFunctionalityTest.java:461)
at java.base/jdk.internal.reflect.NativeMethodAccessorImpl.invoke0(Native Method)
at java.base/jdk.internal.reflect.NativeMethodAccessorImpl.invoke(NativeMethodAccessorImpl.java:77)
at java.base/jdk.internal.reflect.DelegatingMethodAccessorImpl.invoke(DelegatingMethodAccessorImpl.java:43)
at java.base/java.lang.reflect.Method.invoke(Method.java:568)
at org.testng.internal.MethodInvocationHelper.invokeMethod(MethodInvocationHelper.java:133)
at org.testng.internal.TestInvoker.invokeMethod(TestInvoker.java:598)
at org.testng.internal.TestInvoker.invokeTestMethod(TestInvoker.java:173)
at org.testng.internal.MethodRunner.runInSequence(MethodRunner.java:46)
at org.testng.internal.TestInvoker$MethodInvocationAgent.invoke(TestInvoker.java:824)
at org.testng.internal.TestInvoker.invokeTestMethods(TestInvoker.java:146)
at org.testng.internal.TestMethodWorker.invokeTestMethods(TestMethodWorker.java:146)
at org.testng.internal.TestMethodWorker.run(TestMethodWorker.java:128)
at java.base/java.util.ArrayList.forEach(ArrayList.java:1511)
at org.testng.TestRunner.privateRun(TestRunner.java:794)
at org.testng.TestRunner.run(TestRunner.java:596)
at org.testng.SuiteRunner.runTest(SuiteRunner.java:377)
at org.testng.SuiteRunner.runSequentially(SuiteRunner.java:371)
at org.testng.SuiteRunner.privateRun(SuiteRunner.java:332)
at org.testng.SuiteRunner.run(SuiteRunner.java:276)
at org.testng.SuiteRunnerWorker.runSuite(SuiteRunnerWorker.java:53)
at org.testng.SuiteRunnerWorker.run(SuiteRunnerWorker.java:96)
at org.testng.TestNG.runSuitesSequentially(TestNG.java:1212)
at org.testng.TestNG.runSuitesLocally(TestNG.java:1134)
at org.testng.TestNG.runSuites(TestNG.java:1063)
at org.testng.TestNG.run(TestNG.java:1031)
at org.testng.remote.AbstractRemoteTestNG.run(AbstractRemoteTestNG.java:115)
at org.testng.remote.RemoteTestNG.initAndRun(RemoteTestNG.java:251)
at org.testng.remote.RemoteTestNG.main(RemoteTestNG.java:77)
]]>
    </failure>
  </testcase> <!-- Creating_Parent_Audit_Type_With_One_General_Group_And_Two_Annexue_Group_Test -->
  <system-out/>
  <testcase classname="scripts.AnnexureDocumentUploadScreenAndDynamicUploadAnnexureFunctionalityTest" name="Uploading_Static_Annexure_Documenet_Test" time="0.000">
    <skipped/>
  </testcase> <!-- Uploading_Static_Annexure_Documenet_Test -->
  <system-out/>
  <testcase classname="scripts.AnnexureDocumentUploadScreenAndDynamicUploadAnnexureFunctionalityTest" name="Upload_Dynamic_Annexure_Document_Test" time="0.000">
    <skipped/>
  </testcase> <!-- Upload_Dynamic_Annexure_Document_Test -->
  <system-out/>
</testsuite> <!-- scripts.AnnexureDocumentUploadScreenAndDynamicUploadAnnexureFunctionalityTest -->
