<?xml version="1.0" encoding="UTF-8"?>
<!-- Generated by org.testng.reporters.JUnitReportReporter -->
<testsuite hostname="MSI" failures="0" tests="18" name="scripts.ReportsPageFunctionalityTest" time="1.054" errors="1" timestamp="2024-08-28T20:46:04 IST" skipped="17">
  <testcase classname="scripts.ReportsPageFunctionalityTest" name="OpenApplication" time="1.053">
    <error message="unknown error: net::ERR_INTERNET_DISCONNECTED
  (Session info: chrome=128.0.6613.85)
Build info: version: &#039;3.141.0&#039;, revision: &#039;2ecb7d9a&#039;, time: &#039;2018-10-31T20:09:30&#039;
System info: host: &#039;MSI&#039;, ip: &#039;172.20.10.4&#039;, os.name: &#039;Windows 11&#039;, os.arch: &#039;amd64&#039;, os.version: &#039;10.0&#039;, java.version: &#039;21.0.4&#039;
Driver info: org.openqa.selenium.chrome.ChromeDriver
Capabilities {acceptInsecureCerts: false, browserName: chrome, browserVersion: 128.0.6613.85, chrome: {chromedriverVersion: 128.0.6613.84 (606aa55c7d68..., userDataDir: C:\Users\dines\AppData\Loca...}, fedcm:accounts: true, goog:chromeOptions: {debuggerAddress: localhost:58150}, javascriptEnabled: true, networkConnectionEnabled: false, pageLoadStrategy: normal, platform: WINDOWS, platformName: WINDOWS, proxy: Proxy(), setWindowRect: true, strictFileInteractability: false, timeouts: {implicit: 0, pageLoad: 300000, script: 30000}, unhandledPromptBehavior: dismiss and notify, webauthn:extension:credBlob: true, webauthn:extension:largeBlob: true, webauthn:extension:minPinLength: true, webauthn:extension:prf: true, webauthn:virtualAuthenticators: true}
Session ID: 948a76244f842a42e89d041bc14c3719" type="org.openqa.selenium.WebDriverException">
      <![CDATA[org.openqa.selenium.WebDriverException: unknown error: net::ERR_INTERNET_DISCONNECTED
  (Session info: chrome=128.0.6613.85)
Build info: version: '3.141.0', revision: '2ecb7d9a', time: '2018-10-31T20:09:30'
System info: host: 'MSI', ip: '172.20.10.4', os.name: 'Windows 11', os.arch: 'amd64', os.version: '10.0', java.version: '21.0.4'
Driver info: org.openqa.selenium.chrome.ChromeDriver
Capabilities {acceptInsecureCerts: false, browserName: chrome, browserVersion: 128.0.6613.85, chrome: {chromedriverVersion: 128.0.6613.84 (606aa55c7d68..., userDataDir: C:\Users\dines\AppData\Loca...}, fedcm:accounts: true, goog:chromeOptions: {debuggerAddress: localhost:58150}, javascriptEnabled: true, networkConnectionEnabled: false, pageLoadStrategy: normal, platform: WINDOWS, platformName: WINDOWS, proxy: Proxy(), setWindowRect: true, strictFileInteractability: false, timeouts: {implicit: 0, pageLoad: 300000, script: 30000}, unhandledPromptBehavior: dismiss and notify, webauthn:extension:credBlob: true, webauthn:extension:largeBlob: true, webauthn:extension:minPinLength: true, webauthn:extension:prf: true, webauthn:virtualAuthenticators: true}
Session ID: 948a76244f842a42e89d041bc14c3719
at java.base/jdk.internal.reflect.DirectConstructorHandleAccessor.newInstance(DirectConstructorHandleAccessor.java:62)
at java.base/java.lang.reflect.Constructor.newInstanceWithCaller(Constructor.java:502)
at java.base/java.lang.reflect.Constructor.newInstance(Constructor.java:486)
at org.openqa.selenium.remote.http.W3CHttpResponseCodec.createException(W3CHttpResponseCodec.java:187)
at org.openqa.selenium.remote.http.W3CHttpResponseCodec.decode(W3CHttpResponseCodec.java:122)
at org.openqa.selenium.remote.http.W3CHttpResponseCodec.decode(W3CHttpResponseCodec.java:49)
at org.openqa.selenium.remote.HttpCommandExecutor.execute(HttpCommandExecutor.java:158)
at org.openqa.selenium.remote.service.DriverCommandExecutor.execute(DriverCommandExecutor.java:83)
at org.openqa.selenium.remote.RemoteWebDriver.execute(RemoteWebDriver.java:552)
at org.openqa.selenium.remote.RemoteWebDriver.get(RemoteWebDriver.java:277)
at generic.BaseTest.OpenApplication(BaseTest.java:140)
at java.base/jdk.internal.reflect.DirectMethodHandleAccessor.invoke(DirectMethodHandleAccessor.java:103)
at java.base/java.lang.reflect.Method.invoke(Method.java:580)
at org.testng.internal.MethodInvocationHelper.invokeMethod(MethodInvocationHelper.java:133)
at org.testng.internal.MethodInvocationHelper.invokeMethodConsideringTimeout(MethodInvocationHelper.java:62)
at org.testng.internal.ConfigInvoker.invokeConfigurationMethod(ConfigInvoker.java:385)
at org.testng.internal.ConfigInvoker.invokeConfigurations(ConfigInvoker.java:321)
at org.testng.internal.TestMethodWorker.invokeBeforeClassMethods(TestMethodWorker.java:176)
at org.testng.internal.TestMethodWorker.run(TestMethodWorker.java:122)
at java.base/java.util.ArrayList.forEach(ArrayList.java:1596)
at org.testng.TestRunner.privateRun(TestRunner.java:794)
at org.testng.TestRunner.run(TestRunner.java:596)
at org.testng.SuiteRunner.runTest(SuiteRunner.java:377)
at org.testng.SuiteRunner.runSequentially(SuiteRunner.java:371)
at org.testng.SuiteRunner.privateRun(SuiteRunner.java:332)
at org.testng.SuiteRunner.run(SuiteRunner.java:276)
at org.testng.SuiteRunnerWorker.runSuite(SuiteRunnerWorker.java:53)
at org.testng.SuiteRunnerWorker.run(SuiteRunnerWorker.java:96)
at org.testng.TestNG.runSuitesSequentially(TestNG.java:1212)
at org.testng.TestNG.runSuitesLocally(TestNG.java:1134)
at org.testng.TestNG.runSuites(TestNG.java:1063)
at org.testng.TestNG.run(TestNG.java:1031)
at org.testng.remote.AbstractRemoteTestNG.run(AbstractRemoteTestNG.java:115)
at org.testng.remote.RemoteTestNG.initAndRun(RemoteTestNG.java:293)
at org.testng.remote.RemoteTestNG.main(RemoteTestNG.java:91)
]]>
    </error>
  </testcase> <!-- OpenApplication -->
  <system-out/>
  <testcase classname="scripts.ReportsPageFunctionalityTest" name="Reports_Page_Test" time="0.000">
    <skipped/>
  </testcase> <!-- Reports_Page_Test -->
  <system-out/>
  <testcase classname="scripts.ReportsPageFunctionalityTest" name="Detailed_Report_With_Audit_Summary_Reports_Test" time="0.000">
    <skipped/>
  </testcase> <!-- Detailed_Report_With_Audit_Summary_Reports_Test -->
  <system-out/>
  <testcase classname="scripts.ReportsPageFunctionalityTest" name="Detailed_Report_With_Audit_Issue_Summary_Reports_Test" time="0.001">
    <skipped/>
  </testcase> <!-- Detailed_Report_With_Audit_Issue_Summary_Reports_Test -->
  <system-out/>
  <testcase classname="scripts.ReportsPageFunctionalityTest" name="List_Of_Issues_With_Status_Reports_Test" time="0.000">
    <skipped/>
  </testcase> <!-- List_Of_Issues_With_Status_Reports_Test -->
  <system-out/>
  <testcase classname="scripts.ReportsPageFunctionalityTest" name="Aging_Of_Issues_Reports_Test" time="0.000">
    <skipped/>
  </testcase> <!-- Aging_Of_Issues_Reports_Test -->
  <system-out/>
  <testcase classname="scripts.ReportsPageFunctionalityTest" name="Issue_Status_And_Issue_Types_Reports_Test">
    <skipped/>
  </testcase> <!-- Issue_Status_And_Issue_Types_Reports_Test -->
  <system-out/>
  <testcase classname="scripts.ReportsPageFunctionalityTest" name="Audit_Rating_Counts_Reports_Test">
    <skipped/>
  </testcase> <!-- Audit_Rating_Counts_Reports_Test -->
  <system-out/>
  <testcase classname="scripts.ReportsPageFunctionalityTest" name="Top_5_Auditees_Reports_Test">
    <skipped/>
  </testcase> <!-- Top_5_Auditees_Reports_Test -->
  <system-out/>
  <testcase classname="scripts.ReportsPageFunctionalityTest" name="Monthly_Bottom_Five_Reports_Test">
    <skipped/>
  </testcase> <!-- Monthly_Bottom_Five_Reports_Test -->
  <system-out/>
  <testcase classname="scripts.ReportsPageFunctionalityTest" name="Auditee_Average_Audit_Rating_Score_Reports_Test">
    <skipped/>
  </testcase> <!-- Auditee_Average_Audit_Rating_Score_Reports_Test -->
  <system-out/>
  <testcase classname="scripts.ReportsPageFunctionalityTest" name="Pie_Chart_Based_On_Issue_Reports_Test">
    <skipped/>
  </testcase> <!-- Pie_Chart_Based_On_Issue_Reports_Test -->
  <system-out/>
  <testcase classname="scripts.ReportsPageFunctionalityTest" name="Bottom_5_Auditees_Reports_Test">
    <skipped/>
  </testcase> <!-- Bottom_5_Auditees_Reports_Test -->
  <system-out/>
  <testcase classname="scripts.ReportsPageFunctionalityTest" name="Monthly_Top_Five_Adherence_Reports_Test">
    <skipped/>
  </testcase> <!-- Monthly_Top_Five_Adherence_Reports_Test -->
  <system-out/>
  <testcase classname="scripts.ReportsPageFunctionalityTest" name="Monthly_Bottom_Five_Adherence_Reports_Test">
    <skipped/>
  </testcase> <!-- Monthly_Bottom_Five_Adherence_Reports_Test -->
  <system-out/>
  <testcase classname="scripts.ReportsPageFunctionalityTest" name="Regionwise_Groupwise_Compliance_Reports_Test">
    <skipped/>
  </testcase> <!-- Regionwise_Groupwise_Compliance_Reports_Test -->
  <system-out/>
  <testcase classname="scripts.ReportsPageFunctionalityTest" name="Monthly_Top_Five_Reports_Test">
    <skipped/>
  </testcase> <!-- Monthly_Top_Five_Reports_Test -->
  <system-out/>
  <testcase classname="scripts.ReportsPageFunctionalityTest" name="Pie_Chart_Based_On_Audit_Status_Reports_Test">
    <skipped/>
  </testcase> <!-- Pie_Chart_Based_On_Audit_Status_Reports_Test -->
  <system-out/>
</testsuite> <!-- scripts.ReportsPageFunctionalityTest -->
