<?xml version="1.0" encoding="UTF-8"?>
<!-- Generated by org.testng.reporters.JUnitReportReporter -->
<testsuite skipped="6" hostname="Automation-win" name="scripts.DirectResolutionByReviewerFixedScoringLogicScenarios2Test2" tests="8" failures="1" timestamp="2024-01-16T16:49:02 IST" time="244.471" errors="0">
  <testcase name="Adding_Group_Test" time="3.748" classname="scripts.DirectResolutionByReviewerFixedScoringLogicScenarios2Test2"/>
  <system-out/>
  <testcase name="Creating_Parent_Audit_Type_Test" time="240.723" classname="scripts.DirectResolutionByReviewerFixedScoringLogicScenarios2Test2">
    <failure type="java.lang.AssertionError" message="Total Score count is showing Wrong expected [200.0] but found [215.0]">
      <![CDATA[java.lang.AssertionError: Total Score count is showing Wrong expected [200.0] but found [215.0]
at org.testng.Assert.fail(Assert.java:99)
at org.testng.Assert.failNotEquals(Assert.java:1037)
at org.testng.Assert.assertEqualsImpl(Assert.java:140)
at org.testng.Assert.assertEquals(Assert.java:122)
at org.testng.Assert.assertEquals(Assert.java:629)
at scripts.DirectResolutionByReviewerFixedScoringLogicScenarios2Test2.Creating_Parent_Audit_Type_Test(DirectResolutionByReviewerFixedScoringLogicScenarios2Test2.java:1229)
at sun.reflect.NativeMethodAccessorImpl.invoke0(Native Method)
at sun.reflect.NativeMethodAccessorImpl.invoke(Unknown Source)
at sun.reflect.DelegatingMethodAccessorImpl.invoke(Unknown Source)
at java.lang.reflect.Method.invoke(Unknown Source)
at org.testng.internal.MethodInvocationHelper.invokeMethod(MethodInvocationHelper.java:132)
at org.testng.internal.TestInvoker.invokeMethod(TestInvoker.java:599)
at org.testng.internal.TestInvoker.invokeTestMethod(TestInvoker.java:174)
at org.testng.internal.MethodRunner.runInSequence(MethodRunner.java:46)
at org.testng.internal.TestInvoker$MethodInvocationAgent.invoke(TestInvoker.java:822)
at org.testng.internal.TestInvoker.invokeTestMethods(TestInvoker.java:147)
at org.testng.internal.TestMethodWorker.invokeTestMethods(TestMethodWorker.java:146)
at org.testng.internal.TestMethodWorker.run(TestMethodWorker.java:128)
at java.util.ArrayList.forEach(Unknown Source)
at org.testng.TestRunner.privateRun(TestRunner.java:764)
at org.testng.TestRunner.run(TestRunner.java:585)
at org.testng.SuiteRunner.runTest(SuiteRunner.java:384)
at org.testng.SuiteRunner.runSequentially(SuiteRunner.java:378)
at org.testng.SuiteRunner.privateRun(SuiteRunner.java:337)
at org.testng.SuiteRunner.run(SuiteRunner.java:286)
at org.testng.SuiteRunnerWorker.runSuite(SuiteRunnerWorker.java:53)
at org.testng.SuiteRunnerWorker.run(SuiteRunnerWorker.java:96)
at org.testng.TestNG.runSuitesSequentially(TestNG.java:1218)
at org.testng.TestNG.runSuitesLocally(TestNG.java:1140)
at org.testng.TestNG.runSuites(TestNG.java:1069)
at org.testng.TestNG.run(TestNG.java:1037)
at org.testng.remote.AbstractRemoteTestNG.run(AbstractRemoteTestNG.java:115)
at org.testng.remote.RemoteTestNG.initAndRun(RemoteTestNG.java:251)
at org.testng.remote.RemoteTestNG.main(RemoteTestNG.java:77)
]]>
    </failure>
  </testcase> <!-- Creating_Parent_Audit_Type_Test -->
  <system-out/>
  <testcase name="Auditee_Admin_Configuration_Test" time="0.000" classname="scripts.DirectResolutionByReviewerFixedScoringLogicScenarios2Test2">
    <skipped/>
  </testcase> <!-- Auditee_Admin_Configuration_Test -->
  <system-out/>
  <testcase name="Creating_Audit_Schedule_Test" time="0.000" classname="scripts.DirectResolutionByReviewerFixedScoringLogicScenarios2Test2">
    <skipped/>
  </testcase> <!-- Creating_Audit_Schedule_Test -->
  <system-out/>
  <testcase name="Audit_Execution_Tets" time="0.000" classname="scripts.DirectResolutionByReviewerFixedScoringLogicScenarios2Test2">
    <skipped/>
  </testcase> <!-- Audit_Execution_Tets -->
  <system-out/>
  <testcase name="Signoff_Audit_Test" time="0.000" classname="scripts.DirectResolutionByReviewerFixedScoringLogicScenarios2Test2">
    <skipped/>
  </testcase> <!-- Signoff_Audit_Test -->
  <system-out/>
  <testcase name="Closing_And_Finalizing_The_AuditType_Test" time="0.000" classname="scripts.DirectResolutionByReviewerFixedScoringLogicScenarios2Test2">
    <skipped/>
  </testcase> <!-- Closing_And_Finalizing_The_AuditType_Test -->
  <system-out/>
  <testcase name="Validating_The_Scores_Test" time="0.000" classname="scripts.DirectResolutionByReviewerFixedScoringLogicScenarios2Test2">
    <skipped/>
  </testcase> <!-- Validating_The_Scores_Test -->
  <system-out/>
</testsuite> <!-- scripts.DirectResolutionByReviewerFixedScoringLogicScenarios2Test2 -->
