<?xml version="1.0" encoding="UTF-8"?>
<!-- Generated by org.testng.reporters.JUnitReportReporter -->
<testsuite hostname="MSI" failures="0" tests="18" name="scripts.UserManagementPageFunctionalityTest" time="6.388" errors="1" timestamp="2024-08-28T20:46:04 IST" skipped="17">
  <testcase classname="scripts.UserManagementPageFunctionalityTest" name="OpenApplication" time="6.388">
    <error message="no such window: target window already closed
from unknown error: web view not found
  (Session info: chrome=128.0.6613.85)
Build info: version: &#039;3.141.0&#039;, revision: &#039;2ecb7d9a&#039;, time: &#039;2018-10-31T20:09:30&#039;
System info: host: &#039;MSI&#039;, ip: &#039;172.20.10.4&#039;, os.name: &#039;Windows 11&#039;, os.arch: &#039;amd64&#039;, os.version: &#039;10.0&#039;, java.version: &#039;21.0.4&#039;
Driver info: org.openqa.selenium.chrome.ChromeDriver
Capabilities {acceptInsecureCerts: false, browserName: chrome, browserVersion: 128.0.6613.85, chrome: {chromedriverVersion: 128.0.6613.84 (606aa55c7d68..., userDataDir: C:\Users\dines\AppData\Loca...}, fedcm:accounts: true, goog:chromeOptions: {debuggerAddress: localhost:58096}, javascriptEnabled: true, networkConnectionEnabled: false, pageLoadStrategy: normal, platform: WINDOWS, platformName: WINDOWS, proxy: Proxy(), setWindowRect: true, strictFileInteractability: false, timeouts: {implicit: 0, pageLoad: 300000, script: 30000}, unhandledPromptBehavior: dismiss and notify, webauthn:extension:credBlob: true, webauthn:extension:largeBlob: true, webauthn:extension:minPinLength: true, webauthn:extension:prf: true, webauthn:virtualAuthenticators: true}
Session ID: 4371bd52a3657c6e45395b7511d53aff" type="org.openqa.selenium.NoSuchWindowException">
      <![CDATA[org.openqa.selenium.NoSuchWindowException: no such window: target window already closed
from unknown error: web view not found
  (Session info: chrome=128.0.6613.85)
Build info: version: '3.141.0', revision: '2ecb7d9a', time: '2018-10-31T20:09:30'
System info: host: 'MSI', ip: '172.20.10.4', os.name: 'Windows 11', os.arch: 'amd64', os.version: '10.0', java.version: '21.0.4'
Driver info: org.openqa.selenium.chrome.ChromeDriver
Capabilities {acceptInsecureCerts: false, browserName: chrome, browserVersion: 128.0.6613.85, chrome: {chromedriverVersion: 128.0.6613.84 (606aa55c7d68..., userDataDir: C:\Users\dines\AppData\Loca...}, fedcm:accounts: true, goog:chromeOptions: {debuggerAddress: localhost:58096}, javascriptEnabled: true, networkConnectionEnabled: false, pageLoadStrategy: normal, platform: WINDOWS, platformName: WINDOWS, proxy: Proxy(), setWindowRect: true, strictFileInteractability: false, timeouts: {implicit: 0, pageLoad: 300000, script: 30000}, unhandledPromptBehavior: dismiss and notify, webauthn:extension:credBlob: true, webauthn:extension:largeBlob: true, webauthn:extension:minPinLength: true, webauthn:extension:prf: true, webauthn:virtualAuthenticators: true}
Session ID: 4371bd52a3657c6e45395b7511d53aff
at java.base/jdk.internal.reflect.DirectConstructorHandleAccessor.newInstance(DirectConstructorHandleAccessor.java:62)
at java.base/java.lang.reflect.Constructor.newInstanceWithCaller(Constructor.java:502)
at java.base/java.lang.reflect.Constructor.newInstance(Constructor.java:486)
at org.openqa.selenium.remote.http.W3CHttpResponseCodec.createException(W3CHttpResponseCodec.java:187)
at org.openqa.selenium.remote.http.W3CHttpResponseCodec.decode(W3CHttpResponseCodec.java:122)
at org.openqa.selenium.remote.http.W3CHttpResponseCodec.decode(W3CHttpResponseCodec.java:49)
at org.openqa.selenium.remote.HttpCommandExecutor.execute(HttpCommandExecutor.java:158)
at org.openqa.selenium.remote.service.DriverCommandExecutor.execute(DriverCommandExecutor.java:83)
at org.openqa.selenium.remote.RemoteWebDriver.execute(RemoteWebDriver.java:552)
at org.openqa.selenium.remote.RemoteWebDriver.execute(RemoteWebDriver.java:609)
at org.openqa.selenium.remote.RemoteWebDriver$RemoteWebDriverOptions$RemoteWindow.maximize(RemoteWebDriver.java:837)
at generic.BaseTest.OpenApplication(BaseTest.java:141)
at java.base/jdk.internal.reflect.DirectMethodHandleAccessor.invoke(DirectMethodHandleAccessor.java:103)
at java.base/java.lang.reflect.Method.invoke(Method.java:580)
at org.testng.internal.MethodInvocationHelper.invokeMethod(MethodInvocationHelper.java:133)
at org.testng.internal.MethodInvocationHelper.invokeMethodConsideringTimeout(MethodInvocationHelper.java:62)
at org.testng.internal.ConfigInvoker.invokeConfigurationMethod(ConfigInvoker.java:385)
at org.testng.internal.ConfigInvoker.invokeConfigurations(ConfigInvoker.java:321)
at org.testng.internal.TestMethodWorker.invokeBeforeClassMethods(TestMethodWorker.java:176)
at org.testng.internal.TestMethodWorker.run(TestMethodWorker.java:122)
at java.base/java.util.ArrayList.forEach(ArrayList.java:1596)
at org.testng.TestRunner.privateRun(TestRunner.java:794)
at org.testng.TestRunner.run(TestRunner.java:596)
at org.testng.SuiteRunner.runTest(SuiteRunner.java:377)
at org.testng.SuiteRunner.runSequentially(SuiteRunner.java:371)
at org.testng.SuiteRunner.privateRun(SuiteRunner.java:332)
at org.testng.SuiteRunner.run(SuiteRunner.java:276)
at org.testng.SuiteRunnerWorker.runSuite(SuiteRunnerWorker.java:53)
at org.testng.SuiteRunnerWorker.run(SuiteRunnerWorker.java:96)
at org.testng.TestNG.runSuitesSequentially(TestNG.java:1212)
at org.testng.TestNG.runSuitesLocally(TestNG.java:1134)
at org.testng.TestNG.runSuites(TestNG.java:1063)
at org.testng.TestNG.run(TestNG.java:1031)
at org.testng.remote.AbstractRemoteTestNG.run(AbstractRemoteTestNG.java:115)
at org.testng.remote.RemoteTestNG.initAndRun(RemoteTestNG.java:293)
at org.testng.remote.RemoteTestNG.main(RemoteTestNG.java:91)
]]>
    </error>
  </testcase> <!-- OpenApplication -->
  <system-out/>
  <testcase classname="scripts.UserManagementPageFunctionalityTest" name="Manage_User_Page_Test" time="0.000">
    <skipped/>
  </testcase> <!-- Manage_User_Page_Test -->
  <system-out/>
  <testcase classname="scripts.UserManagementPageFunctionalityTest" name="Add_User_Test" time="0.000">
    <skipped/>
  </testcase> <!-- Add_User_Test -->
  <system-out/>
  <testcase classname="scripts.UserManagementPageFunctionalityTest" name="Adding_Same_User_With_Same_EmailId_Test" time="0.000">
    <skipped/>
  </testcase> <!-- Adding_Same_User_With_Same_EmailId_Test -->
  <system-out/>
  <testcase classname="scripts.UserManagementPageFunctionalityTest" name="Search_User_Test" time="0.000">
    <skipped/>
  </testcase> <!-- Search_User_Test -->
  <system-out/>
  <testcase classname="scripts.UserManagementPageFunctionalityTest" name="View_User_Test" time="0.000">
    <skipped/>
  </testcase> <!-- View_User_Test -->
  <system-out/>
  <testcase classname="scripts.UserManagementPageFunctionalityTest" name="Resend_Confirmation_Mail_Test" time="0.000">
    <skipped/>
  </testcase> <!-- Resend_Confirmation_Mail_Test -->
  <system-out/>
  <testcase classname="scripts.UserManagementPageFunctionalityTest" name="Edit_User_Test" time="0.000">
    <skipped/>
  </testcase> <!-- Edit_User_Test -->
  <system-out/>
  <testcase classname="scripts.UserManagementPageFunctionalityTest" name="confirm_User_Test" time="0.000">
    <skipped/>
  </testcase> <!-- confirm_User_Test -->
  <system-out/>
  <testcase classname="scripts.UserManagementPageFunctionalityTest" name="Deactivate_User_Test" time="0.000">
    <skipped/>
  </testcase> <!-- Deactivate_User_Test -->
  <system-out/>
  <testcase classname="scripts.UserManagementPageFunctionalityTest" name="Deactivated_User_View_Test" time="0.000">
    <skipped/>
  </testcase> <!-- Deactivated_User_View_Test -->
  <system-out/>
  <testcase classname="scripts.UserManagementPageFunctionalityTest" name="Unlock_User_Test" time="0.000">
    <skipped/>
  </testcase> <!-- Unlock_User_Test -->
  <system-out/>
  <testcase classname="scripts.UserManagementPageFunctionalityTest" name="Add_User_Mandatory_Fields_Test" time="0.000">
    <skipped/>
  </testcase> <!-- Add_User_Mandatory_Fields_Test -->
  <system-out/>
  <testcase classname="scripts.UserManagementPageFunctionalityTest" name="Upload_Photo_Test" time="0.000">
    <skipped/>
  </testcase> <!-- Upload_Photo_Test -->
  <system-out/>
  <testcase classname="scripts.UserManagementPageFunctionalityTest" name="Activate_User_Test">
    <skipped/>
  </testcase> <!-- Activate_User_Test -->
  <system-out/>
  <testcase classname="scripts.UserManagementPageFunctionalityTest" name="De_Activated_User_Login_Test">
    <skipped/>
  </testcase> <!-- De_Activated_User_Login_Test -->
  <system-out/>
  <testcase classname="scripts.UserManagementPageFunctionalityTest" name="Not_Confirmed_User_Login_Test">
    <skipped/>
  </testcase> <!-- Not_Confirmed_User_Login_Test -->
  <system-out/>
  <testcase classname="scripts.UserManagementPageFunctionalityTest" name="Confirmed_User_Login_Test">
    <skipped/>
  </testcase> <!-- Confirmed_User_Login_Test -->
  <system-out/>
</testsuite> <!-- scripts.UserManagementPageFunctionalityTest -->
