<?xml version="1.0" encoding="UTF-8"?>
<!-- Generated by org.testng.reporters.JUnitReportReporter -->
<testsuite hostname="DESKTOP-18QGTHL" failures="0" tests="13" name="scripts.ProvisionalSubmissionAndBulkFinalizationFunctionalityTest" time="720.695" errors="1" timestamp="2024-06-12T19:05:48 IST" skipped="5">
  <testcase classname="scripts.ProvisionalSubmissionAndBulkFinalizationFunctionalityTest" name="Creating_General_Sub_Audit_Type_Test" time="120.778"/>
  <system-out/>
  <testcase classname="scripts.ProvisionalSubmissionAndBulkFinalizationFunctionalityTest" name="Creating_Annexure_Sub_Audit_Type_For_Dynmaic_Group_Test" time="107.482"/>
  <system-out/>
  <testcase classname="scripts.ProvisionalSubmissionAndBulkFinalizationFunctionalityTest" name="Creating_Annexure_Sub_Audit_Type_For_Static_Group_Test" time="106.927"/>
  <system-out/>
  <testcase classname="scripts.ProvisionalSubmissionAndBulkFinalizationFunctionalityTest" name="Creating_Parent_Audit_Type_With_One_General_Group_And_Two_Annexue_Group_Test" time="255.575"/>
  <system-out/>
  <testcase classname="scripts.ProvisionalSubmissionAndBulkFinalizationFunctionalityTest" name="Uploading_Annexure_Documenet_Test" time="38.261"/>
  <system-out/>
  <testcase classname="scripts.ProvisionalSubmissionAndBulkFinalizationFunctionalityTest" name="Auditee_Admin_Configuration_Test" time="18.690"/>
  <system-out/>
  <testcase classname="scripts.ProvisionalSubmissionAndBulkFinalizationFunctionalityTest" name="Creating_Schedule_Test" time="23.531"/>
  <system-out/>
  <testcase classname="scripts.ProvisionalSubmissionAndBulkFinalizationFunctionalityTest" name="Executing_Schedule_Through_Express_Noraml_Mode_Test" time="49.451">
    <error message="Cannot invoke &quot;org.testng.asserts.SoftAssert.assertEquals(int, int, String)&quot; because &quot;pom.AuditExecutionPageTest.Assert&quot; is null" type="java.lang.NullPointerException">
      <![CDATA[java.lang.NullPointerException: Cannot invoke "org.testng.asserts.SoftAssert.assertEquals(int, int, String)" because "pom.AuditExecutionPageTest.Assert" is null
at pom.AuditExecutionPageTest.VerifyingPartialDispositions(AuditExecutionPageTest.java:2716)
at scripts.ProvisionalSubmissionAndBulkFinalizationFunctionalityTest.Executing_Schedule_Through_Express_Noraml_Mode_Test(ProvisionalSubmissionAndBulkFinalizationFunctionalityTest.java:973)
at java.base/jdk.internal.reflect.NativeMethodAccessorImpl.invoke0(Native Method)
at java.base/jdk.internal.reflect.NativeMethodAccessorImpl.invoke(NativeMethodAccessorImpl.java:77)
at java.base/jdk.internal.reflect.DelegatingMethodAccessorImpl.invoke(DelegatingMethodAccessorImpl.java:43)
at java.base/java.lang.reflect.Method.invoke(Method.java:568)
at org.testng.internal.MethodInvocationHelper.invokeMethod(MethodInvocationHelper.java:133)
at org.testng.internal.TestInvoker.invokeMethod(TestInvoker.java:598)
at org.testng.internal.TestInvoker.invokeTestMethod(TestInvoker.java:173)
at org.testng.internal.MethodRunner.runInSequence(MethodRunner.java:46)
at org.testng.internal.TestInvoker$MethodInvocationAgent.invoke(TestInvoker.java:824)
at org.testng.internal.TestInvoker.invokeTestMethods(TestInvoker.java:146)
at org.testng.internal.TestMethodWorker.invokeTestMethods(TestMethodWorker.java:146)
at org.testng.internal.TestMethodWorker.run(TestMethodWorker.java:128)
at java.base/java.util.ArrayList.forEach(ArrayList.java:1511)
at org.testng.TestRunner.privateRun(TestRunner.java:794)
at org.testng.TestRunner.run(TestRunner.java:596)
at org.testng.SuiteRunner.runTest(SuiteRunner.java:377)
at org.testng.SuiteRunner.runSequentially(SuiteRunner.java:371)
at org.testng.SuiteRunner.privateRun(SuiteRunner.java:332)
at org.testng.SuiteRunner.run(SuiteRunner.java:276)
at org.testng.SuiteRunnerWorker.runSuite(SuiteRunnerWorker.java:53)
at org.testng.SuiteRunnerWorker.run(SuiteRunnerWorker.java:96)
at org.testng.TestNG.runSuitesSequentially(TestNG.java:1212)
at org.testng.TestNG.runSuitesLocally(TestNG.java:1134)
at org.testng.TestNG.runSuites(TestNG.java:1063)
at org.testng.TestNG.run(TestNG.java:1031)
at org.testng.remote.AbstractRemoteTestNG.run(AbstractRemoteTestNG.java:115)
at org.testng.remote.RemoteTestNG.initAndRun(RemoteTestNG.java:251)
at org.testng.remote.RemoteTestNG.main(RemoteTestNG.java:77)
]]>
    </error>
  </testcase> <!-- Executing_Schedule_Through_Express_Noraml_Mode_Test -->
  <system-out/>
  <testcase classname="scripts.ProvisionalSubmissionAndBulkFinalizationFunctionalityTest" name="Provisionaly_Submitted_Status_Should_Show_For_AuditeeUser_Test" time="0.000">
    <skipped/>
  </testcase> <!-- Provisionaly_Submitted_Status_Should_Show_For_AuditeeUser_Test -->
  <system-out/>
  <testcase classname="scripts.ProvisionalSubmissionAndBulkFinalizationFunctionalityTest" name="Submitting_The_AuditType_Which_Is_Provisionally_Submitted_Test" time="0.000">
    <skipped/>
  </testcase> <!-- Submitting_The_AuditType_Which_Is_Provisionally_Submitted_Test -->
  <system-out/>
  <testcase classname="scripts.ProvisionalSubmissionAndBulkFinalizationFunctionalityTest" name="SignOff_Audit_Test" time="0.000">
    <skipped/>
  </testcase> <!-- SignOff_Audit_Test -->
  <system-out/>
  <testcase classname="scripts.ProvisionalSubmissionAndBulkFinalizationFunctionalityTest" name="Bulk_Finalize_Test" time="0.000">
    <skipped/>
  </testcase> <!-- Bulk_Finalize_Test -->
  <system-out/>
  <testcase classname="scripts.ProvisionalSubmissionAndBulkFinalizationFunctionalityTest" name="Validating_The_Score_Test" time="0.000">
    <skipped/>
  </testcase> <!-- Validating_The_Score_Test -->
  <system-out/>
</testsuite> <!-- scripts.ProvisionalSubmissionAndBulkFinalizationFunctionalityTest -->
