<?xml version="1.0" encoding="UTF-8"?>
<!-- Generated by org.testng.reporters.JUnitReportReporter -->
<testsuite skipped="9" hostname="Automation-win" name="scripts.RedistributionScoringLogicScenario2AndInformedAuditTest" tests="10" failures="0" timestamp="2023-08-03T17:05:15 IST" time="5.157" errors="1">
  <testcase name="OpenApplication" time="5.157" classname="scripts.RedistributionScoringLogicScenario2AndInformedAuditTest">
    <error type="org.openqa.selenium.SessionNotCreatedException" message="session not created
from no such execution context: loader has changed while resolving nodes
  (Session info: chrome=115.0.5790.111)
Build info: version: &#039;3.141.0&#039;, revision: &#039;2ecb7d9a&#039;, time: &#039;2018-10-31T20:09:30&#039;
System info: host: &#039;Automation-win&#039;, ip: &#039;10.8.0.4&#039;, os.name: &#039;Windows 10&#039;, os.arch: &#039;amd64&#039;, os.version: &#039;10.0&#039;, java.version: &#039;1.8.0_201&#039;
Driver info: driver.version: ChromeDriver
remote stacktrace: Backtrace:
	GetHandleVerifier [0x0086A813+48355]
	(No symbol) [0x007FC4B1]
	(No symbol) [0x00705358]
	(No symbol) [0x00707D86]
	(No symbol) [0x007099E1]
	(No symbol) [0x00709A80]
	(No symbol) [0x00751F1B]
	(No symbol) [0x0075093C]
	(No symbol) [0x0074A536]
	(No symbol) [0x007282DC]
	(No symbol) [0x007293DD]
	GetHandleVerifier [0x00ACAABD+2539405]
	GetHandleVerifier [0x00B0A78F+2800735]
	GetHandleVerifier [0x00B0456C+2775612]
	GetHandleVerifier [0x008F51E0+616112]
	(No symbol) [0x00805F8C]
	(No symbol) [0x00802328]
	(No symbol) [0x0080240B]
	(No symbol) [0x007F4FF7]
	BaseThreadInitThunk [0x75BD00C9+25]
	RtlGetAppContainerNamedObjectPath [0x76F37B1E+286]
	RtlGetAppContainerNamedObjectPath [0x76F37AEE+238]
">
      <![CDATA[org.openqa.selenium.SessionNotCreatedException: session not created
from no such execution context: loader has changed while resolving nodes
  (Session info: chrome=115.0.5790.111)
Build info: version: '3.141.0', revision: '2ecb7d9a', time: '2018-10-31T20:09:30'
System info: host: 'Automation-win', ip: '10.8.0.4', os.name: 'Windows 10', os.arch: 'amd64', os.version: '10.0', java.version: '1.8.0_201'
Driver info: driver.version: ChromeDriver
remote stacktrace: Backtrace:
GetHandleVerifier [0x0086A813+48355]
(No symbol) [0x007FC4B1]
(No symbol) [0x00705358]
(No symbol) [0x00707D86]
(No symbol) [0x007099E1]
(No symbol) [0x00709A80]
(No symbol) [0x00751F1B]
(No symbol) [0x0075093C]
(No symbol) [0x0074A536]
(No symbol) [0x007282DC]
(No symbol) [0x007293DD]
GetHandleVerifier [0x00ACAABD+2539405]
GetHandleVerifier [0x00B0A78F+2800735]
GetHandleVerifier [0x00B0456C+2775612]
GetHandleVerifier [0x008F51E0+616112]
(No symbol) [0x00805F8C]
(No symbol) [0x00802328]
(No symbol) [0x0080240B]
(No symbol) [0x007F4FF7]
BaseThreadInitThunk [0x75BD00C9+25]
RtlGetAppContainerNamedObjectPath [0x76F37B1E+286]
RtlGetAppContainerNamedObjectPath [0x76F37AEE+238]

at sun.reflect.NativeConstructorAccessorImpl.newInstance0(Native Method)
at sun.reflect.NativeConstructorAccessorImpl.newInstance(Unknown Source)
at sun.reflect.DelegatingConstructorAccessorImpl.newInstance(Unknown Source)
at java.lang.reflect.Constructor.newInstance(Unknown Source)
at org.openqa.selenium.remote.W3CHandshakeResponse.lambda$errorHandler$0(W3CHandshakeResponse.java:62)
at org.openqa.selenium.remote.HandshakeResponse.lambda$getResponseFunction$0(HandshakeResponse.java:30)
at org.openqa.selenium.remote.ProtocolHandshake.lambda$createSession$0(ProtocolHandshake.java:123)
at java.util.stream.ReferencePipeline$3$1.accept(Unknown Source)
at java.util.Spliterators$ArraySpliterator.tryAdvance(Unknown Source)
at java.util.stream.ReferencePipeline.forEachWithCancel(Unknown Source)
at java.util.stream.AbstractPipeline.copyIntoWithCancel(Unknown Source)
at java.util.stream.AbstractPipeline.copyInto(Unknown Source)
at java.util.stream.AbstractPipeline.wrapAndCopyInto(Unknown Source)
at java.util.stream.FindOps$FindOp.evaluateSequential(Unknown Source)
at java.util.stream.AbstractPipeline.evaluate(Unknown Source)
at java.util.stream.ReferencePipeline.findFirst(Unknown Source)
at org.openqa.selenium.remote.ProtocolHandshake.createSession(ProtocolHandshake.java:125)
at org.openqa.selenium.remote.ProtocolHandshake.createSession(ProtocolHandshake.java:74)
at org.openqa.selenium.remote.HttpCommandExecutor.execute(HttpCommandExecutor.java:136)
at org.openqa.selenium.remote.service.DriverCommandExecutor.execute(DriverCommandExecutor.java:83)
at org.openqa.selenium.remote.RemoteWebDriver.execute(RemoteWebDriver.java:552)
at org.openqa.selenium.remote.RemoteWebDriver.startSession(RemoteWebDriver.java:213)
at org.openqa.selenium.remote.RemoteWebDriver.<init>(RemoteWebDriver.java:131)
at org.openqa.selenium.chrome.ChromeDriver.<init>(ChromeDriver.java:181)
at org.openqa.selenium.chrome.ChromeDriver.<init>(ChromeDriver.java:168)
at org.openqa.selenium.chrome.ChromeDriver.<init>(ChromeDriver.java:123)
at generic.BaseTest.OpenApplication(BaseTest.java:131)
at sun.reflect.NativeMethodAccessorImpl.invoke0(Native Method)
at sun.reflect.NativeMethodAccessorImpl.invoke(Unknown Source)
at sun.reflect.DelegatingMethodAccessorImpl.invoke(Unknown Source)
at java.lang.reflect.Method.invoke(Unknown Source)
at org.testng.internal.MethodInvocationHelper.invokeMethod(MethodInvocationHelper.java:132)
at org.testng.internal.MethodInvocationHelper.invokeMethodConsideringTimeout(MethodInvocationHelper.java:61)
at org.testng.internal.ConfigInvoker.invokeConfigurationMethod(ConfigInvoker.java:366)
at org.testng.internal.ConfigInvoker.invokeConfigurations(ConfigInvoker.java:320)
at org.testng.internal.TestMethodWorker.invokeBeforeClassMethods(TestMethodWorker.java:176)
at org.testng.internal.TestMethodWorker.run(TestMethodWorker.java:122)
at java.util.ArrayList.forEach(Unknown Source)
at org.testng.TestRunner.privateRun(TestRunner.java:764)
at org.testng.TestRunner.run(TestRunner.java:585)
at org.testng.SuiteRunner.runTest(SuiteRunner.java:384)
at org.testng.SuiteRunner.runSequentially(SuiteRunner.java:378)
at org.testng.SuiteRunner.privateRun(SuiteRunner.java:337)
at org.testng.SuiteRunner.run(SuiteRunner.java:286)
at org.testng.SuiteRunnerWorker.runSuite(SuiteRunnerWorker.java:53)
at org.testng.SuiteRunnerWorker.run(SuiteRunnerWorker.java:96)
at org.testng.TestNG.runSuitesSequentially(TestNG.java:1218)
at org.testng.TestNG.runSuitesLocally(TestNG.java:1140)
at org.testng.TestNG.runSuites(TestNG.java:1069)
at org.testng.TestNG.run(TestNG.java:1037)
at org.testng.remote.AbstractRemoteTestNG.run(AbstractRemoteTestNG.java:115)
at org.testng.remote.RemoteTestNG.initAndRun(RemoteTestNG.java:251)
at org.testng.remote.RemoteTestNG.main(RemoteTestNG.java:77)
]]>
    </error>
  </testcase> <!-- OpenApplication -->
  <system-out/>
  <testcase name="Adding_Group_Test" time="0.000" classname="scripts.RedistributionScoringLogicScenario2AndInformedAuditTest">
    <skipped/>
  </testcase> <!-- Adding_Group_Test -->
  <system-out/>
  <testcase name="Creating_Parent_Audit_Type_Test" time="0.000" classname="scripts.RedistributionScoringLogicScenario2AndInformedAuditTest">
    <skipped/>
  </testcase> <!-- Creating_Parent_Audit_Type_Test -->
  <system-out/>
  <testcase name="Auditee_Admin_Configuration_Test" time="0.000" classname="scripts.RedistributionScoringLogicScenario2AndInformedAuditTest">
    <skipped/>
  </testcase> <!-- Auditee_Admin_Configuration_Test -->
  <system-out/>
  <testcase name="Creating_Audit_Schedule_Test" time="0.000" classname="scripts.RedistributionScoringLogicScenario2AndInformedAuditTest">
    <skipped/>
  </testcase> <!-- Creating_Audit_Schedule_Test -->
  <system-out/>
  <testcase name="Super_Admin_Adding_Refernce_Files_Test" time="0.000" classname="scripts.RedistributionScoringLogicScenario2AndInformedAuditTest">
    <skipped/>
  </testcase> <!-- Super_Admin_Adding_Refernce_Files_Test -->
  <system-out/>
  <testcase name="Adding_The_Documents_By_Auditee_User_Test" time="0.000" classname="scripts.RedistributionScoringLogicScenario2AndInformedAuditTest">
    <skipped/>
  </testcase> <!-- Adding_The_Documents_By_Auditee_User_Test -->
  <system-out/>
  <testcase name="Executing_The_AuditType_Through_Express_Mode_Test" time="0.000" classname="scripts.RedistributionScoringLogicScenario2AndInformedAuditTest">
    <skipped/>
  </testcase> <!-- Executing_The_AuditType_Through_Express_Mode_Test -->
  <system-out/>
  <testcase name="Finalizing_The_AuditType_Test" time="0.000" classname="scripts.RedistributionScoringLogicScenario2AndInformedAuditTest">
    <skipped/>
  </testcase> <!-- Finalizing_The_AuditType_Test -->
  <system-out/>
  <testcase name="Validating_AuditType_Scores_Test" time="0.000" classname="scripts.RedistributionScoringLogicScenario2AndInformedAuditTest">
    <skipped/>
  </testcase> <!-- Validating_AuditType_Scores_Test -->
  <system-out/>
</testsuite> <!-- scripts.RedistributionScoringLogicScenario2AndInformedAuditTest -->
