<?xml version="1.0" encoding="UTF-8"?>
<!-- Generated by org.testng.reporters.JUnitReportReporter -->
<testsuite hostname="DESKTOP-18QGTHL" failures="0" tests="16" name="scripts.ConfigureAuditPageFunctionalityTest" time="589.140" errors="1" timestamp="2024-05-14T14:33:03 IST" skipped="8">
  <testcase classname="scripts.ConfigureAuditPageFunctionalityTest" name="Configure_Audit_Page_Test" time="10.175"/>
  <system-out/>
  <testcase classname="scripts.ConfigureAuditPageFunctionalityTest" name="Creating_General_Sub_Audit_Type_Test" time="113.294"/>
  <system-out/>
  <testcase classname="scripts.ConfigureAuditPageFunctionalityTest" name="Creating_Same_Group_Audit_Type_Test" time="7.262"/>
  <system-out/>
  <testcase classname="scripts.ConfigureAuditPageFunctionalityTest" name="Audit_CheckPoints_Should_Contains_CheckPoints_Test" time="106.414"/>
  <system-out/>
  <testcase classname="scripts.ConfigureAuditPageFunctionalityTest" name="Annexure_Score_And_Annexure_Sampling_Toggle_Buttons_should_not_show_For_Audit_Type_which_Is_Mapped_To_Only_General_Group_Test" time="104.300"/>
  <system-out/>
  <testcase classname="scripts.ConfigureAuditPageFunctionalityTest" name="Group_And_Sub_Audit_Type_Radio_Buttons_Test" time="13.064"/>
  <system-out/>
  <testcase classname="scripts.ConfigureAuditPageFunctionalityTest" name="AuditType_Mandatory_Field_Test" time="212.618"/>
  <system-out/>
  <testcase classname="scripts.ConfigureAuditPageFunctionalityTest" name="XSubmitParentAuditType" time="22.013">
    <error message="Expected condition failed: waiting for element to be clickable: [[ChromeDriver: chrome on WINDOWS (7031a3033fe24b31bb7d355d174e99c6)] -&gt; xpath: //button[@class=&#039;btn btn-primary SubmitAuditType&#039;]] (tried for 20 second(s) with 500 milliseconds interval)
Build info: version: &#039;3.141.0&#039;, revision: &#039;2ecb7d9a&#039;, time: &#039;2018-10-31T20:09:30&#039;
System info: host: &#039;DESKTOP-18QGTHL&#039;, ip: &#039;192.168.1.4&#039;, os.name: &#039;Windows 10&#039;, os.arch: &#039;amd64&#039;, os.version: &#039;10.0&#039;, java.version: &#039;17.0.8&#039;
Driver info: org.openqa.selenium.chrome.ChromeDriver
Capabilities {acceptInsecureCerts: false, browserName: chrome, browserVersion: 124.0.6367.202, chrome: {chromedriverVersion: 123.0.6312.86 (9b72c47a0536..., userDataDir: C:\Users\appte\AppData\Loca...}, fedcm:accounts: true, goog:chromeOptions: {debuggerAddress: localhost:58439}, javascriptEnabled: true, networkConnectionEnabled: false, pageLoadStrategy: normal, platform: WINDOWS, platformName: WINDOWS, proxy: Proxy(), setWindowRect: true, strictFileInteractability: false, timeouts: {implicit: 0, pageLoad: 300000, script: 30000}, unhandledPromptBehavior: dismiss and notify, webauthn:extension:credBlob: true, webauthn:extension:largeBlob: true, webauthn:extension:minPinLength: true, webauthn:extension:prf: true, webauthn:virtualAuthenticators: true}
Session ID: 7031a3033fe24b31bb7d355d174e99c6" type="org.openqa.selenium.TimeoutException">
      <![CDATA[org.openqa.selenium.TimeoutException: Expected condition failed: waiting for element to be clickable: [[ChromeDriver: chrome on WINDOWS (7031a3033fe24b31bb7d355d174e99c6)] -> xpath: //button[@class='btn btn-primary SubmitAuditType']] (tried for 20 second(s) with 500 milliseconds interval)
Build info: version: '3.141.0', revision: '2ecb7d9a', time: '2018-10-31T20:09:30'
System info: host: 'DESKTOP-18QGTHL', ip: '192.168.1.4', os.name: 'Windows 10', os.arch: 'amd64', os.version: '10.0', java.version: '17.0.8'
Driver info: org.openqa.selenium.chrome.ChromeDriver
Capabilities {acceptInsecureCerts: false, browserName: chrome, browserVersion: 124.0.6367.202, chrome: {chromedriverVersion: 123.0.6312.86 (9b72c47a0536..., userDataDir: C:\Users\appte\AppData\Loca...}, fedcm:accounts: true, goog:chromeOptions: {debuggerAddress: localhost:58439}, javascriptEnabled: true, networkConnectionEnabled: false, pageLoadStrategy: normal, platform: WINDOWS, platformName: WINDOWS, proxy: Proxy(), setWindowRect: true, strictFileInteractability: false, timeouts: {implicit: 0, pageLoad: 300000, script: 30000}, unhandledPromptBehavior: dismiss and notify, webauthn:extension:credBlob: true, webauthn:extension:largeBlob: true, webauthn:extension:minPinLength: true, webauthn:extension:prf: true, webauthn:virtualAuthenticators: true}
Session ID: 7031a3033fe24b31bb7d355d174e99c6
at org.openqa.selenium.support.ui.WebDriverWait.timeoutException(WebDriverWait.java:95)
at org.openqa.selenium.support.ui.FluentWait.until(FluentWait.java:272)
at pom.ConfigureAuditPageTest.SubmitParentAuditTypeTest(ConfigureAuditPageTest.java:2109)
at scripts.ConfigureAuditPageFunctionalityTest.XSubmitParentAuditType(ConfigureAuditPageFunctionalityTest.java:1855)
at java.base/jdk.internal.reflect.NativeMethodAccessorImpl.invoke0(Native Method)
at java.base/jdk.internal.reflect.NativeMethodAccessorImpl.invoke(NativeMethodAccessorImpl.java:77)
at java.base/jdk.internal.reflect.DelegatingMethodAccessorImpl.invoke(DelegatingMethodAccessorImpl.java:43)
at java.base/java.lang.reflect.Method.invoke(Method.java:568)
at org.testng.internal.MethodInvocationHelper.invokeMethod(MethodInvocationHelper.java:133)
at org.testng.internal.TestInvoker.invokeMethod(TestInvoker.java:598)
at org.testng.internal.TestInvoker.invokeTestMethod(TestInvoker.java:173)
at org.testng.internal.MethodRunner.runInSequence(MethodRunner.java:46)
at org.testng.internal.TestInvoker$MethodInvocationAgent.invoke(TestInvoker.java:824)
at org.testng.internal.TestInvoker.invokeTestMethods(TestInvoker.java:146)
at org.testng.internal.TestMethodWorker.invokeTestMethods(TestMethodWorker.java:146)
at org.testng.internal.TestMethodWorker.run(TestMethodWorker.java:128)
at java.base/java.util.ArrayList.forEach(ArrayList.java:1511)
at org.testng.TestRunner.privateRun(TestRunner.java:794)
at org.testng.TestRunner.run(TestRunner.java:596)
at org.testng.SuiteRunner.runTest(SuiteRunner.java:377)
at org.testng.SuiteRunner.runSequentially(SuiteRunner.java:371)
at org.testng.SuiteRunner.privateRun(SuiteRunner.java:332)
at org.testng.SuiteRunner.run(SuiteRunner.java:276)
at org.testng.SuiteRunnerWorker.runSuite(SuiteRunnerWorker.java:53)
at org.testng.SuiteRunnerWorker.run(SuiteRunnerWorker.java:96)
at org.testng.TestNG.runSuitesSequentially(TestNG.java:1212)
at org.testng.TestNG.runSuitesLocally(TestNG.java:1134)
at org.testng.TestNG.runSuites(TestNG.java:1063)
at org.testng.TestNG.run(TestNG.java:1031)
at org.testng.remote.AbstractRemoteTestNG.run(AbstractRemoteTestNG.java:115)
at org.testng.remote.RemoteTestNG.initAndRun(RemoteTestNG.java:251)
at org.testng.remote.RemoteTestNG.main(RemoteTestNG.java:77)
]]>
    </error>
  </testcase> <!-- XSubmitParentAuditType -->
  <system-out/>
  <testcase classname="scripts.ConfigureAuditPageFunctionalityTest" name="Delete_Parent_AuditType_Test">
    <skipped/>
  </testcase> <!-- Delete_Parent_AuditType_Test -->
  <system-out/>
  <testcase classname="scripts.ConfigureAuditPageFunctionalityTest" name="Creating_Audit_Type_with_Issue_Tracking_Test">
    <skipped/>
  </testcase> <!-- Creating_Audit_Type_with_Issue_Tracking_Test -->
  <system-out/>
  <testcase classname="scripts.ConfigureAuditPageFunctionalityTest" name="Creating_Annexure_Sub_Audit_Type_For_Static_Group_Test">
    <skipped/>
  </testcase> <!-- Creating_Annexure_Sub_Audit_Type_For_Static_Group_Test -->
  <system-out/>
  <testcase classname="scripts.ConfigureAuditPageFunctionalityTest" name="Creating_Annexure_Sub_Audit_Type_For_Dynmaic_Group_Test">
    <skipped/>
  </testcase> <!-- Creating_Annexure_Sub_Audit_Type_For_Dynmaic_Group_Test -->
  <system-out/>
  <testcase classname="scripts.ConfigureAuditPageFunctionalityTest" name="Entering_More_Than_50_Charecters_Test">
    <skipped/>
  </testcase> <!-- Entering_More_Than_50_Charecters_Test -->
  <system-out/>
  <testcase classname="scripts.ConfigureAuditPageFunctionalityTest" name="Multiple_Reviewer_Toggle_Button_Test">
    <skipped/>
  </testcase> <!-- Multiple_Reviewer_Toggle_Button_Test -->
  <system-out/>
  <testcase classname="scripts.ConfigureAuditPageFunctionalityTest" name="Edit_Audit_Type_Test">
    <skipped/>
  </testcase> <!-- Edit_Audit_Type_Test -->
  <system-out/>
  <testcase classname="scripts.ConfigureAuditPageFunctionalityTest" name="Creating_Exceptional_Sub_Audit_Type_Test">
    <skipped/>
  </testcase> <!-- Creating_Exceptional_Sub_Audit_Type_Test -->
  <system-out/>
</testsuite> <!-- scripts.ConfigureAuditPageFunctionalityTest -->
