<?xml version="1.0" encoding="UTF-8"?>
<!-- Generated by org.testng.reporters.JUnitReportReporter -->
<testsuite skipped="10" hostname="Automation-win" name="scripts.GroupPageFunctionalityTest" tests="12" failures="0" timestamp="2023-09-08T11:15:05 IST" time="113.874" errors="1">
  <testcase name="Group_Page_Test" time="9.106" classname="scripts.GroupPageFunctionalityTest"/>
  <system-out/>
  <testcase name="Adding_General_Group_Test" time="104.768" classname="scripts.GroupPageFunctionalityTest">
    <error type="org.openqa.selenium.NoSuchElementException" message="no such element: Unable to locate element: {&quot;method&quot;:&quot;xpath&quot;,&quot;selector&quot;:&quot;//span[text()=&#039;Group created successfully.&#039;]&quot;}
  (Session info: chrome=116.0.5845.180)
For documentation on this error, please visit: http://seleniumhq.org/exceptions/no_such_element.html
Build info: version: &#039;3.141.0&#039;, revision: &#039;2ecb7d9a&#039;, time: &#039;2018-10-31T20:09:30&#039;
System info: host: &#039;Automation-win&#039;, ip: &#039;10.8.0.4&#039;, os.name: &#039;Windows 10&#039;, os.arch: &#039;amd64&#039;, os.version: &#039;10.0&#039;, java.version: &#039;1.8.0_201&#039;
Driver info: org.openqa.selenium.chrome.ChromeDriver
Capabilities {acceptInsecureCerts: false, browserName: chrome, browserVersion: 116.0.5845.180, chrome: {chromedriverVersion: 116.0.5845.96 (1a3918166880..., userDataDir: C:\Users\Sumanth\AppData\Lo...}, fedcm:accounts: true, goog:chromeOptions: {debuggerAddress: localhost:50979}, javascriptEnabled: true, networkConnectionEnabled: false, pageLoadStrategy: normal, platform: WINDOWS, platformName: WINDOWS, proxy: Proxy(), setWindowRect: true, strictFileInteractability: false, timeouts: {implicit: 0, pageLoad: 300000, script: 30000}, unhandledPromptBehavior: dismiss and notify, webauthn:extension:credBlob: true, webauthn:extension:largeBlob: true, webauthn:extension:minPinLength: true, webauthn:extension:prf: true, webauthn:virtualAuthenticators: true}
Session ID: 41d1517ed4f10327bacbf27b77b0ac46
*** Element info: {Using=xpath, value=//span[text()=&#039;Group created successfully.&#039;]}">
      <![CDATA[org.openqa.selenium.NoSuchElementException: no such element: Unable to locate element: {"method":"xpath","selector":"//span[text()='Group created successfully.']"}
  (Session info: chrome=116.0.5845.180)
For documentation on this error, please visit: http://seleniumhq.org/exceptions/no_such_element.html
Build info: version: '3.141.0', revision: '2ecb7d9a', time: '2018-10-31T20:09:30'
System info: host: 'Automation-win', ip: '10.8.0.4', os.name: 'Windows 10', os.arch: 'amd64', os.version: '10.0', java.version: '1.8.0_201'
Driver info: org.openqa.selenium.chrome.ChromeDriver
Capabilities {acceptInsecureCerts: false, browserName: chrome, browserVersion: 116.0.5845.180, chrome: {chromedriverVersion: 116.0.5845.96 (1a3918166880..., userDataDir: C:\Users\Sumanth\AppData\Lo...}, fedcm:accounts: true, goog:chromeOptions: {debuggerAddress: localhost:50979}, javascriptEnabled: true, networkConnectionEnabled: false, pageLoadStrategy: normal, platform: WINDOWS, platformName: WINDOWS, proxy: Proxy(), setWindowRect: true, strictFileInteractability: false, timeouts: {implicit: 0, pageLoad: 300000, script: 30000}, unhandledPromptBehavior: dismiss and notify, webauthn:extension:credBlob: true, webauthn:extension:largeBlob: true, webauthn:extension:minPinLength: true, webauthn:extension:prf: true, webauthn:virtualAuthenticators: true}
Session ID: 41d1517ed4f10327bacbf27b77b0ac46
*** Element info: {Using=xpath, value=//span[text()='Group created successfully.']}
at sun.reflect.NativeConstructorAccessorImpl.newInstance0(Native Method)
at sun.reflect.NativeConstructorAccessorImpl.newInstance(Unknown Source)
at sun.reflect.DelegatingConstructorAccessorImpl.newInstance(Unknown Source)
at java.lang.reflect.Constructor.newInstance(Unknown Source)
at org.openqa.selenium.remote.http.W3CHttpResponseCodec.createException(W3CHttpResponseCodec.java:187)
at org.openqa.selenium.remote.http.W3CHttpResponseCodec.decode(W3CHttpResponseCodec.java:122)
at org.openqa.selenium.remote.http.W3CHttpResponseCodec.decode(W3CHttpResponseCodec.java:49)
at org.openqa.selenium.remote.HttpCommandExecutor.execute(HttpCommandExecutor.java:158)
at org.openqa.selenium.remote.service.DriverCommandExecutor.execute(DriverCommandExecutor.java:83)
at org.openqa.selenium.remote.RemoteWebDriver.execute(RemoteWebDriver.java:552)
at org.openqa.selenium.remote.RemoteWebDriver.findElement(RemoteWebDriver.java:323)
at org.openqa.selenium.remote.RemoteWebDriver.findElementByXPath(RemoteWebDriver.java:428)
at org.openqa.selenium.By$ByXPath.findElement(By.java:353)
at org.openqa.selenium.remote.RemoteWebDriver.findElement(RemoteWebDriver.java:315)
at pom.GroupPageTest.VerifyGroupCreatedSuccessfullyisdisplyed(GroupPageTest.java:623)
at scripts.GroupPageFunctionalityTest.Adding_General_Group_Test(GroupPageFunctionalityTest.java:95)
at sun.reflect.NativeMethodAccessorImpl.invoke0(Native Method)
at sun.reflect.NativeMethodAccessorImpl.invoke(Unknown Source)
at sun.reflect.DelegatingMethodAccessorImpl.invoke(Unknown Source)
at java.lang.reflect.Method.invoke(Unknown Source)
at org.testng.internal.MethodInvocationHelper.invokeMethod(MethodInvocationHelper.java:132)
at org.testng.internal.TestInvoker.invokeMethod(TestInvoker.java:599)
at org.testng.internal.TestInvoker.invokeTestMethod(TestInvoker.java:174)
at org.testng.internal.MethodRunner.runInSequence(MethodRunner.java:46)
at org.testng.internal.TestInvoker$MethodInvocationAgent.invoke(TestInvoker.java:822)
at org.testng.internal.TestInvoker.invokeTestMethods(TestInvoker.java:147)
at org.testng.internal.TestMethodWorker.invokeTestMethods(TestMethodWorker.java:146)
at org.testng.internal.TestMethodWorker.run(TestMethodWorker.java:128)
at java.util.ArrayList.forEach(Unknown Source)
at org.testng.TestRunner.privateRun(TestRunner.java:764)
at org.testng.TestRunner.run(TestRunner.java:585)
at org.testng.SuiteRunner.runTest(SuiteRunner.java:384)
at org.testng.SuiteRunner.runSequentially(SuiteRunner.java:378)
at org.testng.SuiteRunner.privateRun(SuiteRunner.java:337)
at org.testng.SuiteRunner.run(SuiteRunner.java:286)
at org.testng.SuiteRunnerWorker.runSuite(SuiteRunnerWorker.java:53)
at org.testng.SuiteRunnerWorker.run(SuiteRunnerWorker.java:96)
at org.testng.TestNG.runSuitesSequentially(TestNG.java:1218)
at org.testng.TestNG.runSuitesLocally(TestNG.java:1140)
at org.testng.TestNG.runSuites(TestNG.java:1069)
at org.testng.TestNG.run(TestNG.java:1037)
at org.testng.remote.AbstractRemoteTestNG.run(AbstractRemoteTestNG.java:115)
at org.testng.remote.RemoteTestNG.initAndRun(RemoteTestNG.java:251)
at org.testng.remote.RemoteTestNG.main(RemoteTestNG.java:77)
]]>
    </error>
  </testcase> <!-- Adding_General_Group_Test -->
  <system-out/>
  <testcase name="Creating_Dynamic_Annexure_Group_Test" time="0.000" classname="scripts.GroupPageFunctionalityTest">
    <skipped/>
  </testcase> <!-- Creating_Dynamic_Annexure_Group_Test -->
  <system-out/>
  <testcase name="Creating_Static_Annexure_Group_Test" time="0.000" classname="scripts.GroupPageFunctionalityTest">
    <skipped/>
  </testcase> <!-- Creating_Static_Annexure_Group_Test -->
  <system-out/>
  <testcase name="Creating_Exceptional_Group_Test" time="0.000" classname="scripts.GroupPageFunctionalityTest">
    <skipped/>
  </testcase> <!-- Creating_Exceptional_Group_Test -->
  <system-out/>
  <testcase name="Adding_Same_Group_Name_Test" time="0.000" classname="scripts.GroupPageFunctionalityTest">
    <skipped/>
  </testcase> <!-- Adding_Same_Group_Name_Test -->
  <system-out/>
  <testcase name="Edit_Group_Test" time="0.000" classname="scripts.GroupPageFunctionalityTest">
    <skipped/>
  </testcase> <!-- Edit_Group_Test -->
  <system-out/>
  <testcase name="Delete_Group_Test" time="0.000" classname="scripts.GroupPageFunctionalityTest">
    <skipped/>
  </testcase> <!-- Delete_Group_Test -->
  <system-out/>
  <testcase name="Search_Group_Test" time="0.000" classname="scripts.GroupPageFunctionalityTest">
    <skipped/>
  </testcase> <!-- Search_Group_Test -->
  <system-out/>
  <testcase name="Group_Has_One_Or_More_Checkpoint_Cannot_Be_Deleted_Test" time="0.000" classname="scripts.GroupPageFunctionalityTest">
    <skipped/>
  </testcase> <!-- Group_Has_One_Or_More_Checkpoint_Cannot_Be_Deleted_Test -->
  <system-out/>
  <testcase name="Group_Is_Already_In_Use_By_Another_Audit_Test" time="0.000" classname="scripts.GroupPageFunctionalityTest">
    <skipped/>
  </testcase> <!-- Group_Is_Already_In_Use_By_Another_Audit_Test -->
  <system-out/>
  <testcase name="Group_MandatoryFields_Test" time="0.000" classname="scripts.GroupPageFunctionalityTest">
    <skipped/>
  </testcase> <!-- Group_MandatoryFields_Test -->
  <system-out/>
</testsuite> <!-- scripts.GroupPageFunctionalityTest -->
