<?xml version="1.0" encoding="UTF-8"?>
<!-- Generated by org.testng.reporters.JUnitReportReporter -->
<testsuite hostname="DESKTOP-18QGTHL" failures="0" tests="12" name="scripts.MultiLevelReviewFunctionalityTestForAnnexureLevel" time="1167.202" errors="1" timestamp="2024-06-23T11:05:13 IST" skipped="3">
  <testcase classname="scripts.MultiLevelReviewFunctionalityTestForAnnexureLevel" name="Annexure_Page_Test" time="10.359"/>
  <system-out/>
  <testcase classname="scripts.MultiLevelReviewFunctionalityTestForAnnexureLevel" name="Creating_Sub_AuditTypes_Test" time="433.055"/>
  <system-out/>
  <testcase classname="scripts.MultiLevelReviewFunctionalityTestForAnnexureLevel" name="Creating_Parent_Audit_Type_Test" time="309.985"/>
  <system-out/>
  <testcase classname="scripts.MultiLevelReviewFunctionalityTestForAnnexureLevel" name="Uploading_Annexure_Documents_Test" time="44.457"/>
  <system-out/>
  <testcase classname="scripts.MultiLevelReviewFunctionalityTestForAnnexureLevel" name="Auditee_Admin_Configuration_Test" time="20.290"/>
  <system-out/>
  <testcase classname="scripts.MultiLevelReviewFunctionalityTestForAnnexureLevel" name="Creating_Audit_Schedule_Test" time="21.166"/>
  <system-out/>
  <testcase classname="scripts.MultiLevelReviewFunctionalityTestForAnnexureLevel" name="Audit_Execution_Test" time="245.788"/>
  <system-out/>
  <testcase classname="scripts.MultiLevelReviewFunctionalityTestForAnnexureLevel" name="Review_Button_should_Not_Be_Display_Untill_Level_1_Reviewer_Recommends_Test" time="51.241"/>
  <system-out/>
  <testcase classname="scripts.MultiLevelReviewFunctionalityTestForAnnexureLevel" name="Level_1_Reviewer_Recommend_Test" time="30.861">
    <error message="Expected condition failed: waiting for visibility of Proxy element for: DefaultElementLocator &#039;By.xpath: (//span[text()=&#039;Review Audit&#039;][@class=&#039;title&#039;])[2]&#039; (tried for 20 second(s) with 500 milliseconds interval)" type="org.openqa.selenium.TimeoutException">
      <![CDATA[org.openqa.selenium.TimeoutException: Expected condition failed: waiting for visibility of Proxy element for: DefaultElementLocator 'By.xpath: (//span[text()='Review Audit'][@class='title'])[2]' (tried for 20 second(s) with 500 milliseconds interval)
at org.openqa.selenium.support.ui.WebDriverWait.timeoutException(WebDriverWait.java:95)
at org.openqa.selenium.support.ui.FluentWait.until(FluentWait.java:272)
at pom.ReviewAuditPageTest.ClickReviewAudit(ReviewAuditPageTest.java:362)
at scripts.MultiLevelReviewFunctionalityTestForAnnexureLevel.Level_1_Reviewer_Recommend_Test(MultiLevelReviewFunctionalityTestForAnnexureLevel.java:3982)
at java.base/jdk.internal.reflect.NativeMethodAccessorImpl.invoke0(Native Method)
at java.base/jdk.internal.reflect.NativeMethodAccessorImpl.invoke(NativeMethodAccessorImpl.java:77)
at java.base/jdk.internal.reflect.DelegatingMethodAccessorImpl.invoke(DelegatingMethodAccessorImpl.java:43)
at java.base/java.lang.reflect.Method.invoke(Method.java:568)
at org.testng.internal.MethodInvocationHelper.invokeMethod(MethodInvocationHelper.java:133)
at org.testng.internal.TestInvoker.invokeMethod(TestInvoker.java:598)
at org.testng.internal.TestInvoker.invokeTestMethod(TestInvoker.java:173)
at org.testng.internal.MethodRunner.runInSequence(MethodRunner.java:46)
at org.testng.internal.TestInvoker$MethodInvocationAgent.invoke(TestInvoker.java:824)
at org.testng.internal.TestInvoker.invokeTestMethods(TestInvoker.java:146)
at org.testng.internal.TestMethodWorker.invokeTestMethods(TestMethodWorker.java:146)
at org.testng.internal.TestMethodWorker.run(TestMethodWorker.java:128)
at java.base/java.util.ArrayList.forEach(ArrayList.java:1511)
at org.testng.TestRunner.privateRun(TestRunner.java:794)
at org.testng.TestRunner.run(TestRunner.java:596)
at org.testng.SuiteRunner.runTest(SuiteRunner.java:377)
at org.testng.SuiteRunner.runSequentially(SuiteRunner.java:371)
at org.testng.SuiteRunner.privateRun(SuiteRunner.java:332)
at org.testng.SuiteRunner.run(SuiteRunner.java:276)
at org.testng.SuiteRunnerWorker.runSuite(SuiteRunnerWorker.java:53)
at org.testng.SuiteRunnerWorker.run(SuiteRunnerWorker.java:96)
at org.testng.TestNG.runSuitesSequentially(TestNG.java:1212)
at org.testng.TestNG.runSuitesLocally(TestNG.java:1134)
at org.testng.TestNG.runSuites(TestNG.java:1063)
at org.testng.TestNG.run(TestNG.java:1031)
at org.testng.remote.AbstractRemoteTestNG.run(AbstractRemoteTestNG.java:115)
at org.testng.remote.RemoteTestNG.initAndRun(RemoteTestNG.java:251)
at org.testng.remote.RemoteTestNG.main(RemoteTestNG.java:77)
Caused by: org.openqa.selenium.NoSuchElementException: no such element: Unable to locate element: {"method":"xpath","selector":"(//span[text()='Review Audit'][@class='title'])[2]"}
  (Session info: chrome=126.0.6478.114)
For documentation on this error, please visit: http://seleniumhq.org/exceptions/no_such_element.html
Build info: version: '3.141.0', revision: '2ecb7d9a', time: '2018-10-31T20:09:30'
System info: host: 'DESKTOP-18QGTHL', ip: '172.20.10.2', os.name: 'Windows 10', os.arch: 'amd64', os.version: '10.0', java.version: '17.0.8'
Driver info: org.openqa.selenium.chrome.ChromeDriver
Capabilities {acceptInsecureCerts: false, browserName: chrome, browserVersion: 126.0.6478.114, chrome: {chromedriverVersion: 126.0.6478.63 (df799988fdc9..., userDataDir: C:\Users\appte\AppData\Loca...}, fedcm:accounts: true, goog:chromeOptions: {debuggerAddress: localhost:55021}, javascriptEnabled: true, networkConnectionEnabled: false, pageLoadStrategy: normal, platform: WINDOWS, platformName: WINDOWS, proxy: Proxy(), setWindowRect: true, strictFileInteractability: false, timeouts: {implicit: 0, pageLoad: 300000, script: 30000}, unhandledPromptBehavior: dismiss and notify, webauthn:extension:credBlob: true, webauthn:extension:largeBlob: true, webauthn:extension:minPinLength: true, webauthn:extension:prf: true, webauthn:virtualAuthenticators: true}
Session ID: 9d27b16ac7cca8085d10e39f2cbbead4
*** Element info: {Using=xpath, value=(//span[text()='Review Audit'][@class='title'])[2]}
at jdk.internal.reflect.GeneratedConstructorAccessor56.newInstance(Unknown Source)
at java.base/jdk.internal.reflect.DelegatingConstructorAccessorImpl.newInstance(DelegatingConstructorAccessorImpl.java:45)
at java.base/java.lang.reflect.Constructor.newInstanceWithCaller(Constructor.java:499)
at java.base/java.lang.reflect.Constructor.newInstance(Constructor.java:480)
at org.openqa.selenium.remote.http.W3CHttpResponseCodec.createException(W3CHttpResponseCodec.java:187)
at org.openqa.selenium.remote.http.W3CHttpResponseCodec.decode(W3CHttpResponseCodec.java:122)
at org.openqa.selenium.remote.http.W3CHttpResponseCodec.decode(W3CHttpResponseCodec.java:49)
at org.openqa.selenium.remote.HttpCommandExecutor.execute(HttpCommandExecutor.java:158)
at org.openqa.selenium.remote.service.DriverCommandExecutor.execute(DriverCommandExecutor.java:83)
at org.openqa.selenium.remote.RemoteWebDriver.execute(RemoteWebDriver.java:552)
at org.openqa.selenium.remote.RemoteWebDriver.findElement(RemoteWebDriver.java:323)
at org.openqa.selenium.remote.RemoteWebDriver.findElementByXPath(RemoteWebDriver.java:428)
at org.openqa.selenium.By$ByXPath.findElement(By.java:353)
at org.openqa.selenium.remote.RemoteWebDriver.findElement(RemoteWebDriver.java:315)
at org.openqa.selenium.support.pagefactory.DefaultElementLocator.findElement(DefaultElementLocator.java:69)
at org.openqa.selenium.support.pagefactory.internal.LocatingElementHandler.invoke(LocatingElementHandler.java:38)
at jdk.proxy2/jdk.proxy2.$Proxy14.isDisplayed(Unknown Source)
at org.openqa.selenium.support.ui.ExpectedConditions.elementIfVisible(ExpectedConditions.java:314)
at org.openqa.selenium.support.ui.ExpectedConditions.access$000(ExpectedConditions.java:43)
at org.openqa.selenium.support.ui.ExpectedConditions$10.apply(ExpectedConditions.java:300)
at org.openqa.selenium.support.ui.ExpectedConditions$10.apply(ExpectedConditions.java:297)
at org.openqa.selenium.support.ui.FluentWait.until(FluentWait.java:249)
... 30 more
]]>
    </error>
  </testcase> <!-- Level_1_Reviewer_Recommend_Test -->
  <system-out/>
  <testcase classname="scripts.MultiLevelReviewFunctionalityTestForAnnexureLevel" name="Review_And_Finalizing_AuditType_By_Level_2_ReviewerTest" time="0.000">
    <skipped/>
  </testcase> <!-- Review_And_Finalizing_AuditType_By_Level_2_ReviewerTest -->
  <system-out/>
  <testcase classname="scripts.MultiLevelReviewFunctionalityTestForAnnexureLevel" name="Validating_The_Scores_Test02" time="0.000">
    <skipped/>
  </testcase> <!-- Validating_The_Scores_Test02 -->
  <system-out/>
  <testcase classname="scripts.MultiLevelReviewFunctionalityTestForAnnexureLevel" name="Validating_The_Scores_Test" time="0.000">
    <skipped/>
  </testcase> <!-- Validating_The_Scores_Test -->
  <system-out/>
</testsuite> <!-- scripts.MultiLevelReviewFunctionalityTestForAnnexureLevel -->
