<?xml version="1.0" encoding="UTF-8"?>
<!-- Generated by org.testng.reporters.JUnitReportReporter -->
<testsuite skipped="5" hostname="Automation-win" name="scripts.RedistributionScoringLogicScenario3Test" tests="7" failures="0" timestamp="2023-10-12T15:54:11 IST" time="57.822" errors="1">
  <testcase name="Adding_Group_Test" time="5.337" classname="scripts.RedistributionScoringLogicScenario3Test"/>
  <system-out/>
  <testcase name="Creating_Parent_Audit_Type_Test" time="52.485" classname="scripts.RedistributionScoringLogicScenario3Test">
    <error type="org.openqa.selenium.TimeoutException" message="Expected condition failed: waiting for visibility of [[ChromeDriver: chrome on WINDOWS (d199065b4d45a2f3a61f2be967864756)] -&gt; xpath: //div[@id=&#039;step1&#039;]//button[@class=&#039;btn btn-complete step&#039;][contains(text(),&#039;Next&#039;)]] (tried for 40 second(s) with 500 milliseconds interval)
Build info: version: &#039;3.141.0&#039;, revision: &#039;2ecb7d9a&#039;, time: &#039;2018-10-31T20:09:30&#039;
System info: host: &#039;Automation-win&#039;, ip: &#039;10.8.0.4&#039;, os.name: &#039;Windows 10&#039;, os.arch: &#039;amd64&#039;, os.version: &#039;10.0&#039;, java.version: &#039;1.8.0_201&#039;
Driver info: org.openqa.selenium.chrome.ChromeDriver
Capabilities {acceptInsecureCerts: false, browserName: chrome, browserVersion: 117.0.5938.152, chrome: {chromedriverVersion: 116.0.5845.96 (1a3918166880..., userDataDir: C:\Users\Sumanth\AppData\Lo...}, fedcm:accounts: true, goog:chromeOptions: {debuggerAddress: localhost:53769}, javascriptEnabled: true, networkConnectionEnabled: false, pageLoadStrategy: normal, platform: WINDOWS, platformName: WINDOWS, proxy: Proxy(), setWindowRect: true, strictFileInteractability: false, timeouts: {implicit: 0, pageLoad: 300000, script: 30000}, unhandledPromptBehavior: dismiss and notify, webauthn:extension:credBlob: true, webauthn:extension:largeBlob: true, webauthn:extension:minPinLength: true, webauthn:extension:prf: true, webauthn:virtualAuthenticators: true}
Session ID: d199065b4d45a2f3a61f2be967864756">
      <![CDATA[org.openqa.selenium.TimeoutException: Expected condition failed: waiting for visibility of [[ChromeDriver: chrome on WINDOWS (d199065b4d45a2f3a61f2be967864756)] -> xpath: //div[@id='step1']//button[@class='btn btn-complete step'][contains(text(),'Next')]] (tried for 40 second(s) with 500 milliseconds interval)
Build info: version: '3.141.0', revision: '2ecb7d9a', time: '2018-10-31T20:09:30'
System info: host: 'Automation-win', ip: '10.8.0.4', os.name: 'Windows 10', os.arch: 'amd64', os.version: '10.0', java.version: '1.8.0_201'
Driver info: org.openqa.selenium.chrome.ChromeDriver
Capabilities {acceptInsecureCerts: false, browserName: chrome, browserVersion: 117.0.5938.152, chrome: {chromedriverVersion: 116.0.5845.96 (1a3918166880..., userDataDir: C:\Users\Sumanth\AppData\Lo...}, fedcm:accounts: true, goog:chromeOptions: {debuggerAddress: localhost:53769}, javascriptEnabled: true, networkConnectionEnabled: false, pageLoadStrategy: normal, platform: WINDOWS, platformName: WINDOWS, proxy: Proxy(), setWindowRect: true, strictFileInteractability: false, timeouts: {implicit: 0, pageLoad: 300000, script: 30000}, unhandledPromptBehavior: dismiss and notify, webauthn:extension:credBlob: true, webauthn:extension:largeBlob: true, webauthn:extension:minPinLength: true, webauthn:extension:prf: true, webauthn:virtualAuthenticators: true}
Session ID: d199065b4d45a2f3a61f2be967864756
at org.openqa.selenium.support.ui.WebDriverWait.timeoutException(WebDriverWait.java:95)
at org.openqa.selenium.support.ui.FluentWait.until(FluentWait.java:272)
at pom.ConfigureAuditPageTest.ClickBeginTabNextButton(ConfigureAuditPageTest.java:593)
at scripts.RedistributionScoringLogicScenario3Test.Creating_Parent_Audit_Type_Test(RedistributionScoringLogicScenario3Test.java:1032)
at sun.reflect.NativeMethodAccessorImpl.invoke0(Native Method)
at sun.reflect.NativeMethodAccessorImpl.invoke(Unknown Source)
at sun.reflect.DelegatingMethodAccessorImpl.invoke(Unknown Source)
at java.lang.reflect.Method.invoke(Unknown Source)
at org.testng.internal.MethodInvocationHelper.invokeMethod(MethodInvocationHelper.java:132)
at org.testng.internal.TestInvoker.invokeMethod(TestInvoker.java:599)
at org.testng.internal.TestInvoker.invokeTestMethod(TestInvoker.java:174)
at org.testng.internal.MethodRunner.runInSequence(MethodRunner.java:46)
at org.testng.internal.TestInvoker$MethodInvocationAgent.invoke(TestInvoker.java:822)
at org.testng.internal.TestInvoker.invokeTestMethods(TestInvoker.java:147)
at org.testng.internal.TestMethodWorker.invokeTestMethods(TestMethodWorker.java:146)
at org.testng.internal.TestMethodWorker.run(TestMethodWorker.java:128)
at java.util.ArrayList.forEach(Unknown Source)
at org.testng.TestRunner.privateRun(TestRunner.java:764)
at org.testng.TestRunner.run(TestRunner.java:585)
at org.testng.SuiteRunner.runTest(SuiteRunner.java:384)
at org.testng.SuiteRunner.runSequentially(SuiteRunner.java:378)
at org.testng.SuiteRunner.privateRun(SuiteRunner.java:337)
at org.testng.SuiteRunner.run(SuiteRunner.java:286)
at org.testng.SuiteRunnerWorker.runSuite(SuiteRunnerWorker.java:53)
at org.testng.SuiteRunnerWorker.run(SuiteRunnerWorker.java:96)
at org.testng.TestNG.runSuitesSequentially(TestNG.java:1218)
at org.testng.TestNG.runSuitesLocally(TestNG.java:1140)
at org.testng.TestNG.runSuites(TestNG.java:1069)
at org.testng.TestNG.run(TestNG.java:1037)
at org.testng.remote.AbstractRemoteTestNG.run(AbstractRemoteTestNG.java:115)
at org.testng.remote.RemoteTestNG.initAndRun(RemoteTestNG.java:251)
at org.testng.remote.RemoteTestNG.main(RemoteTestNG.java:77)
]]>
    </error>
  </testcase> <!-- Creating_Parent_Audit_Type_Test -->
  <system-out/>
  <testcase name="Auditee_Admin_Configuration_Test" time="0.000" classname="scripts.RedistributionScoringLogicScenario3Test">
    <skipped/>
  </testcase> <!-- Auditee_Admin_Configuration_Test -->
  <system-out/>
  <testcase name="Creating_Audit_Schedule_Test" time="0.000" classname="scripts.RedistributionScoringLogicScenario3Test">
    <skipped/>
  </testcase> <!-- Creating_Audit_Schedule_Test -->
  <system-out/>
  <testcase name="Executing_The_AuditType_Through_Express_Mode_Test" time="0.000" classname="scripts.RedistributionScoringLogicScenario3Test">
    <skipped/>
  </testcase> <!-- Executing_The_AuditType_Through_Express_Mode_Test -->
  <system-out/>
  <testcase name="Finalizing_The_AuditType_Test" time="0.000" classname="scripts.RedistributionScoringLogicScenario3Test">
    <skipped/>
  </testcase> <!-- Finalizing_The_AuditType_Test -->
  <system-out/>
  <testcase name="Validating_Scores_Test" time="0.000" classname="scripts.RedistributionScoringLogicScenario3Test">
    <skipped/>
  </testcase> <!-- Validating_Scores_Test -->
  <system-out/>
</testsuite> <!-- scripts.RedistributionScoringLogicScenario3Test -->
