<?xml version="1.0" encoding="UTF-8"?>
<!-- Generated by org.testng.reporters.JUnitReportReporter -->
<testsuite skipped="1" hostname="Automation-win" name="scripts.RedistributionScoreLogicScenario4AndProvissionalSubmissionGroupLevelFunctionalityTest" tests="10" failures="0" timestamp="2023-10-12T15:54:11 IST" time="202.061" errors="1">
  <testcase name="Adding_Group_Test" time="3.892" classname="scripts.RedistributionScoreLogicScenario4AndProvissionalSubmissionGroupLevelFunctionalityTest"/>
  <system-out/>
  <testcase name="Creating_Parent_Audit_Type_Test" time="41.396" classname="scripts.RedistributionScoreLogicScenario4AndProvissionalSubmissionGroupLevelFunctionalityTest"/>
  <system-out/>
  <testcase name="Auditee_Admin_Configuration_Test" time="15.124" classname="scripts.RedistributionScoreLogicScenario4AndProvissionalSubmissionGroupLevelFunctionalityTest"/>
  <system-out/>
  <testcase name="Creating_Audit_Schedule_Test" time="18.167" classname="scripts.RedistributionScoreLogicScenario4AndProvissionalSubmissionGroupLevelFunctionalityTest"/>
  <system-out/>
  <testcase name="Audit_Execution_Tets" time="79.526" classname="scripts.RedistributionScoreLogicScenario4AndProvissionalSubmissionGroupLevelFunctionalityTest"/>
  <system-out/>
  <testcase name="Provisionaly_Submitted_Status_Should_Show_For_AuditeeUser_Test" time="7.112" classname="scripts.RedistributionScoreLogicScenario4AndProvissionalSubmissionGroupLevelFunctionalityTest"/>
  <system-out/>
  <testcase name="Submitting_The_AuditType_Which_Is_Provisionally_Submitted_Test" time="20.662" classname="scripts.RedistributionScoreLogicScenario4AndProvissionalSubmissionGroupLevelFunctionalityTest"/>
  <system-out/>
  <testcase name="Signoffing_The_AuditType_Test" time="14.037" classname="scripts.RedistributionScoreLogicScenario4AndProvissionalSubmissionGroupLevelFunctionalityTest"/>
  <system-out/>
  <testcase name="Finalizing_The_AuditType_Test" time="2.145" classname="scripts.RedistributionScoreLogicScenario4AndProvissionalSubmissionGroupLevelFunctionalityTest">
    <error type="org.openqa.selenium.ElementClickInterceptedException" message="element click intercepted: Element &lt;button class=&quot;profile-dropdown-toggle&quot; type=&quot;button&quot; data-toggle=&quot;dropdown&quot; aria-haspopup=&quot;true&quot; aria-expanded=&quot;false&quot;&gt;...&lt;/button&gt; is not clickable at point (1324, 29). Other element would receive the click: &lt;div id=&quot;modalSlideUp&quot; class=&quot;modal disable-scroll stick-up in&quot; data-backdrop=&quot;false&quot; data-keyboard=&quot;false&quot; style=&quot;z-index: none; display: block;&quot; aria-hidden=&quot;false&quot; role=&quot;dialog&quot; tabindex=&quot;-1&quot;&gt;...&lt;/div&gt;
  (Session info: chrome=117.0.5938.152)
Build info: version: &#039;3.141.0&#039;, revision: &#039;2ecb7d9a&#039;, time: &#039;2018-10-31T20:09:30&#039;
System info: host: &#039;Automation-win&#039;, ip: &#039;10.8.0.4&#039;, os.name: &#039;Windows 10&#039;, os.arch: &#039;amd64&#039;, os.version: &#039;10.0&#039;, java.version: &#039;1.8.0_201&#039;
Driver info: org.openqa.selenium.chrome.ChromeDriver
Capabilities {acceptInsecureCerts: false, browserName: chrome, browserVersion: 117.0.5938.152, chrome: {chromedriverVersion: 116.0.5845.96 (1a3918166880..., userDataDir: C:\Users\Sumanth\AppData\Lo...}, fedcm:accounts: true, goog:chromeOptions: {debuggerAddress: localhost:53815}, javascriptEnabled: true, networkConnectionEnabled: false, pageLoadStrategy: normal, platform: WINDOWS, platformName: WINDOWS, proxy: Proxy(), setWindowRect: true, strictFileInteractability: false, timeouts: {implicit: 0, pageLoad: 300000, script: 30000}, unhandledPromptBehavior: dismiss and notify, webauthn:extension:credBlob: true, webauthn:extension:largeBlob: true, webauthn:extension:minPinLength: true, webauthn:extension:prf: true, webauthn:virtualAuthenticators: true}
Session ID: 9d17cbbca1f4c9207804aee49da5daf7">
      <![CDATA[org.openqa.selenium.ElementClickInterceptedException: element click intercepted: Element <button class="profile-dropdown-toggle" type="button" data-toggle="dropdown" aria-haspopup="true" aria-expanded="false">...</button> is not clickable at point (1324, 29). Other element would receive the click: <div id="modalSlideUp" class="modal disable-scroll stick-up in" data-backdrop="false" data-keyboard="false" style="z-index: none; display: block;" aria-hidden="false" role="dialog" tabindex="-1">...</div>
  (Session info: chrome=117.0.5938.152)
Build info: version: '3.141.0', revision: '2ecb7d9a', time: '2018-10-31T20:09:30'
System info: host: 'Automation-win', ip: '10.8.0.4', os.name: 'Windows 10', os.arch: 'amd64', os.version: '10.0', java.version: '1.8.0_201'
Driver info: org.openqa.selenium.chrome.ChromeDriver
Capabilities {acceptInsecureCerts: false, browserName: chrome, browserVersion: 117.0.5938.152, chrome: {chromedriverVersion: 116.0.5845.96 (1a3918166880..., userDataDir: C:\Users\Sumanth\AppData\Lo...}, fedcm:accounts: true, goog:chromeOptions: {debuggerAddress: localhost:53815}, javascriptEnabled: true, networkConnectionEnabled: false, pageLoadStrategy: normal, platform: WINDOWS, platformName: WINDOWS, proxy: Proxy(), setWindowRect: true, strictFileInteractability: false, timeouts: {implicit: 0, pageLoad: 300000, script: 30000}, unhandledPromptBehavior: dismiss and notify, webauthn:extension:credBlob: true, webauthn:extension:largeBlob: true, webauthn:extension:minPinLength: true, webauthn:extension:prf: true, webauthn:virtualAuthenticators: true}
Session ID: 9d17cbbca1f4c9207804aee49da5daf7
at sun.reflect.NativeConstructorAccessorImpl.newInstance0(Native Method)
at sun.reflect.NativeConstructorAccessorImpl.newInstance(Unknown Source)
at sun.reflect.DelegatingConstructorAccessorImpl.newInstance(Unknown Source)
at java.lang.reflect.Constructor.newInstance(Unknown Source)
at org.openqa.selenium.remote.http.W3CHttpResponseCodec.createException(W3CHttpResponseCodec.java:187)
at org.openqa.selenium.remote.http.W3CHttpResponseCodec.decode(W3CHttpResponseCodec.java:122)
at org.openqa.selenium.remote.http.W3CHttpResponseCodec.decode(W3CHttpResponseCodec.java:49)
at org.openqa.selenium.remote.HttpCommandExecutor.execute(HttpCommandExecutor.java:158)
at org.openqa.selenium.remote.service.DriverCommandExecutor.execute(DriverCommandExecutor.java:83)
at org.openqa.selenium.remote.RemoteWebDriver.execute(RemoteWebDriver.java:552)
at org.openqa.selenium.remote.RemoteWebElement.execute(RemoteWebElement.java:285)
at org.openqa.selenium.remote.RemoteWebElement.click(RemoteWebElement.java:84)
at sun.reflect.GeneratedMethodAccessor10.invoke(Unknown Source)
at sun.reflect.DelegatingMethodAccessorImpl.invoke(Unknown Source)
at java.lang.reflect.Method.invoke(Unknown Source)
at org.openqa.selenium.support.pagefactory.internal.LocatingElementHandler.invoke(LocatingElementHandler.java:51)
at com.sun.proxy.$Proxy11.click(Unknown Source)
at pom.LoginPageTest.ClickProfileBTN(LoginPageTest.java:79)
at scripts.RedistributionScoreLogicScenario4AndProvissionalSubmissionGroupLevelFunctionalityTest.Finalizing_The_AuditType_Test(RedistributionScoreLogicScenario4AndProvissionalSubmissionGroupLevelFunctionalityTest.java:1863)
at sun.reflect.NativeMethodAccessorImpl.invoke0(Native Method)
at sun.reflect.NativeMethodAccessorImpl.invoke(Unknown Source)
at sun.reflect.DelegatingMethodAccessorImpl.invoke(Unknown Source)
at java.lang.reflect.Method.invoke(Unknown Source)
at org.testng.internal.MethodInvocationHelper.invokeMethod(MethodInvocationHelper.java:132)
at org.testng.internal.TestInvoker.invokeMethod(TestInvoker.java:599)
at org.testng.internal.TestInvoker.invokeTestMethod(TestInvoker.java:174)
at org.testng.internal.MethodRunner.runInSequence(MethodRunner.java:46)
at org.testng.internal.TestInvoker$MethodInvocationAgent.invoke(TestInvoker.java:822)
at org.testng.internal.TestInvoker.invokeTestMethods(TestInvoker.java:147)
at org.testng.internal.TestMethodWorker.invokeTestMethods(TestMethodWorker.java:146)
at org.testng.internal.TestMethodWorker.run(TestMethodWorker.java:128)
at java.util.ArrayList.forEach(Unknown Source)
at org.testng.TestRunner.privateRun(TestRunner.java:764)
at org.testng.TestRunner.run(TestRunner.java:585)
at org.testng.SuiteRunner.runTest(SuiteRunner.java:384)
at org.testng.SuiteRunner.runSequentially(SuiteRunner.java:378)
at org.testng.SuiteRunner.privateRun(SuiteRunner.java:337)
at org.testng.SuiteRunner.run(SuiteRunner.java:286)
at org.testng.SuiteRunnerWorker.runSuite(SuiteRunnerWorker.java:53)
at org.testng.SuiteRunnerWorker.run(SuiteRunnerWorker.java:96)
at org.testng.TestNG.runSuitesSequentially(TestNG.java:1218)
at org.testng.TestNG.runSuitesLocally(TestNG.java:1140)
at org.testng.TestNG.runSuites(TestNG.java:1069)
at org.testng.TestNG.run(TestNG.java:1037)
at org.testng.remote.AbstractRemoteTestNG.run(AbstractRemoteTestNG.java:115)
at org.testng.remote.RemoteTestNG.initAndRun(RemoteTestNG.java:251)
at org.testng.remote.RemoteTestNG.main(RemoteTestNG.java:77)
]]>
    </error>
  </testcase> <!-- Finalizing_The_AuditType_Test -->
  <system-out/>
  <testcase name="Validating_The_Scores_Test" time="0.000" classname="scripts.RedistributionScoreLogicScenario4AndProvissionalSubmissionGroupLevelFunctionalityTest">
    <skipped/>
  </testcase> <!-- Validating_The_Scores_Test -->
  <system-out/>
</testsuite> <!-- scripts.RedistributionScoreLogicScenario4AndProvissionalSubmissionGroupLevelFunctionalityTest -->
