<?xml version="1.0" encoding="UTF-8"?>
<!-- Generated by org.testng.reporters.JUnitReportReporter -->
<testsuite skipped="2" hostname="Automation-win" name="scripts.RedistributionScoringLogicScenario7AndSurpriseAuditTest" tests="12" failures="1" timestamp="2023-07-13T11:43:19 IST" time="456.972" errors="0">
  <testcase name="Adding_Group_Test" time="4.643" classname="scripts.RedistributionScoringLogicScenario7AndSurpriseAuditTest"/>
  <system-out/>
  <testcase name="Creating_Parent_Audit_Type_Test" time="53.987" classname="scripts.RedistributionScoringLogicScenario7AndSurpriseAuditTest"/>
  <system-out/>
  <testcase name="Auditee_Admin_Configuration_Test" time="19.755" classname="scripts.RedistributionScoringLogicScenario7AndSurpriseAuditTest"/>
  <system-out/>
  <testcase name="Creating_Audit_Schedule_Test" time="21.282" classname="scripts.RedistributionScoringLogicScenario7AndSurpriseAuditTest"/>
  <system-out/>
  <testcase name="Super_Admin_Adding_Refernce_Files_Test" time="52.405" classname="scripts.RedistributionScoringLogicScenario7AndSurpriseAuditTest"/>
  <system-out/>
  <testcase name="Making_Schedule_InProgress_Test" time="31.000" classname="scripts.RedistributionScoringLogicScenario7AndSurpriseAuditTest"/>
  <system-out/>
  <testcase name="Adding_The_Documents_By_Auditee_User_Test" time="24.267" classname="scripts.RedistributionScoringLogicScenario7AndSurpriseAuditTest"/>
  <system-out/>
  <testcase name="Audit_Execution_Tets" time="129.224" classname="scripts.RedistributionScoringLogicScenario7AndSurpriseAuditTest"/>
  <system-out/>
  <testcase name="Simulate_Score_Test" time="18.103" classname="scripts.RedistributionScoringLogicScenario7AndSurpriseAuditTest"/>
  <system-out/>
  <testcase name="Updating_Complaince_Test" time="102.306" classname="scripts.RedistributionScoringLogicScenario7AndSurpriseAuditTest">
    <failure type="java.lang.AssertionError" message="Total Score is Wrong expected [35.69 / 155.0] but found [0.0 / 155.0]">
      <![CDATA[java.lang.AssertionError: Total Score is Wrong expected [35.69 / 155.0] but found [0.0 / 155.0]
at org.testng.Assert.fail(Assert.java:99)
at org.testng.Assert.failNotEquals(Assert.java:1037)
at org.testng.Assert.assertEqualsImpl(Assert.java:140)
at org.testng.Assert.assertEquals(Assert.java:122)
at org.testng.Assert.assertEquals(Assert.java:629)
at scripts.RedistributionScoringLogicScenario7AndSurpriseAuditTest.Updating_Complaince_Test(RedistributionScoringLogicScenario7AndSurpriseAuditTest.java:2600)
at sun.reflect.NativeMethodAccessorImpl.invoke0(Native Method)
at sun.reflect.NativeMethodAccessorImpl.invoke(Unknown Source)
at sun.reflect.DelegatingMethodAccessorImpl.invoke(Unknown Source)
at java.lang.reflect.Method.invoke(Unknown Source)
at org.testng.internal.MethodInvocationHelper.invokeMethod(MethodInvocationHelper.java:132)
at org.testng.internal.TestInvoker.invokeMethod(TestInvoker.java:599)
at org.testng.internal.TestInvoker.invokeTestMethod(TestInvoker.java:174)
at org.testng.internal.MethodRunner.runInSequence(MethodRunner.java:46)
at org.testng.internal.TestInvoker$MethodInvocationAgent.invoke(TestInvoker.java:822)
at org.testng.internal.TestInvoker.invokeTestMethods(TestInvoker.java:147)
at org.testng.internal.TestMethodWorker.invokeTestMethods(TestMethodWorker.java:146)
at org.testng.internal.TestMethodWorker.run(TestMethodWorker.java:128)
at java.util.ArrayList.forEach(Unknown Source)
at org.testng.TestRunner.privateRun(TestRunner.java:764)
at org.testng.TestRunner.run(TestRunner.java:585)
at org.testng.SuiteRunner.runTest(SuiteRunner.java:384)
at org.testng.SuiteRunner.runSequentially(SuiteRunner.java:378)
at org.testng.SuiteRunner.privateRun(SuiteRunner.java:337)
at org.testng.SuiteRunner.run(SuiteRunner.java:286)
at org.testng.SuiteRunnerWorker.runSuite(SuiteRunnerWorker.java:53)
at org.testng.SuiteRunnerWorker.run(SuiteRunnerWorker.java:96)
at org.testng.TestNG.runSuitesSequentially(TestNG.java:1218)
at org.testng.TestNG.runSuitesLocally(TestNG.java:1140)
at org.testng.TestNG.runSuites(TestNG.java:1069)
at org.testng.TestNG.run(TestNG.java:1037)
at org.testng.remote.AbstractRemoteTestNG.run(AbstractRemoteTestNG.java:115)
at org.testng.remote.RemoteTestNG.initAndRun(RemoteTestNG.java:251)
at org.testng.remote.RemoteTestNG.main(RemoteTestNG.java:77)
]]>
    </failure>
  </testcase> <!-- Updating_Complaince_Test -->
  <system-out/>
  <testcase name="Finalizing_The_AuditType_Test" time="0.000" classname="scripts.RedistributionScoringLogicScenario7AndSurpriseAuditTest">
    <skipped/>
  </testcase> <!-- Finalizing_The_AuditType_Test -->
  <system-out/>
  <testcase name="Validating_The_Scores_Test" time="0.000" classname="scripts.RedistributionScoringLogicScenario7AndSurpriseAuditTest">
    <skipped/>
  </testcase> <!-- Validating_The_Scores_Test -->
  <system-out/>
</testsuite> <!-- scripts.RedistributionScoringLogicScenario7AndSurpriseAuditTest -->
