<?xml version="1.0" encoding="UTF-8"?>
<!-- Generated by org.testng.reporters.JUnitReportReporter -->
<testsuite skipped="1" hostname="Automation-win" name="scripts.RemovingNAAndPartailComplianceExpressModeFunctionalityTest" tests="6" failures="0" timestamp="2023-02-10T13:10:52 IST" time="126.278" errors="1">
  <testcase name="Creating_The_Group_Test" time="3.821" classname="scripts.RemovingNAAndPartailComplianceExpressModeFunctionalityTest"/>
  <system-out/>
  <testcase name="Creating_AuditType_Test" time="40.020" classname="scripts.RemovingNAAndPartailComplianceExpressModeFunctionalityTest"/>
  <system-out/>
  <testcase name="Auditee_Admin_Configuration_Test" time="14.882" classname="scripts.RemovingNAAndPartailComplianceExpressModeFunctionalityTest"/>
  <system-out/>
  <testcase name="Creating_Schedule_Test" time="18.660" classname="scripts.RemovingNAAndPartailComplianceExpressModeFunctionalityTest"/>
  <system-out/>
  <testcase name="Audit_Execution_With_Express_Mode_Test" time="48.895" classname="scripts.RemovingNAAndPartailComplianceExpressModeFunctionalityTest">
    <error type="org.openqa.selenium.TimeoutException" message="Expected condition failed: waiting for alert to be present (tried for 10 second(s) with 500 milliseconds interval)
Build info: version: &#039;3.141.0&#039;, revision: &#039;2ecb7d9a&#039;, time: &#039;2018-10-31T20:09:30&#039;
System info: host: &#039;Automation-win&#039;, ip: &#039;10.8.0.4&#039;, os.name: &#039;Windows 10&#039;, os.arch: &#039;amd64&#039;, os.version: &#039;10.0&#039;, java.version: &#039;1.8.0_201&#039;
Driver info: org.openqa.selenium.chrome.ChromeDriver
Capabilities {acceptInsecureCerts: false, browserName: chrome, browserVersion: 109.0.5414.121, chrome: {chromedriverVersion: 108.0.5359.71 (1e0e3868ee06..., userDataDir: C:\Users\audit360\AppData\L...}, goog:chromeOptions: {debuggerAddress: localhost:63398}, javascriptEnabled: true, networkConnectionEnabled: false, pageLoadStrategy: normal, platform: WINDOWS, platformName: WINDOWS, proxy: Proxy(), setWindowRect: true, strictFileInteractability: false, timeouts: {implicit: 0, pageLoad: 300000, script: 30000}, unhandledPromptBehavior: dismiss and notify, webauthn:extension:credBlob: true, webauthn:extension:largeBlob: true, webauthn:virtualAuthenticators: true}
Session ID: 799e6dd6c36cfa74230702c0b8d247c2">
      <![CDATA[org.openqa.selenium.TimeoutException: Expected condition failed: waiting for alert to be present (tried for 10 second(s) with 500 milliseconds interval)
Build info: version: '3.141.0', revision: '2ecb7d9a', time: '2018-10-31T20:09:30'
System info: host: 'Automation-win', ip: '10.8.0.4', os.name: 'Windows 10', os.arch: 'amd64', os.version: '10.0', java.version: '1.8.0_201'
Driver info: org.openqa.selenium.chrome.ChromeDriver
Capabilities {acceptInsecureCerts: false, browserName: chrome, browserVersion: 109.0.5414.121, chrome: {chromedriverVersion: 108.0.5359.71 (1e0e3868ee06..., userDataDir: C:\Users\audit360\AppData\L...}, goog:chromeOptions: {debuggerAddress: localhost:63398}, javascriptEnabled: true, networkConnectionEnabled: false, pageLoadStrategy: normal, platform: WINDOWS, platformName: WINDOWS, proxy: Proxy(), setWindowRect: true, strictFileInteractability: false, timeouts: {implicit: 0, pageLoad: 300000, script: 30000}, unhandledPromptBehavior: dismiss and notify, webauthn:extension:credBlob: true, webauthn:extension:largeBlob: true, webauthn:virtualAuthenticators: true}
Session ID: 799e6dd6c36cfa74230702c0b8d247c2
at org.openqa.selenium.support.ui.WebDriverWait.timeoutException(WebDriverWait.java:95)
at org.openqa.selenium.support.ui.FluentWait.until(FluentWait.java:272)
at pom.AuditExecutionPageTest.VerifyingPartialComplianceIsDisabledByAdminForTheSelectedCheckpointAlertIsDisplayed(AuditExecutionPageTest.java:3304)
at scripts.RemovingNAAndPartailComplianceExpressModeFunctionalityTest.Audit_Execution_With_Express_Mode_Test(RemovingNAAndPartailComplianceExpressModeFunctionalityTest.java:1113)
at sun.reflect.NativeMethodAccessorImpl.invoke0(Native Method)
at sun.reflect.NativeMethodAccessorImpl.invoke(Unknown Source)
at sun.reflect.DelegatingMethodAccessorImpl.invoke(Unknown Source)
at java.lang.reflect.Method.invoke(Unknown Source)
at org.testng.internal.MethodInvocationHelper.invokeMethod(MethodInvocationHelper.java:132)
at org.testng.internal.TestInvoker.invokeMethod(TestInvoker.java:599)
at org.testng.internal.TestInvoker.invokeTestMethod(TestInvoker.java:174)
at org.testng.internal.MethodRunner.runInSequence(MethodRunner.java:46)
at org.testng.internal.TestInvoker$MethodInvocationAgent.invoke(TestInvoker.java:822)
at org.testng.internal.TestInvoker.invokeTestMethods(TestInvoker.java:147)
at org.testng.internal.TestMethodWorker.invokeTestMethods(TestMethodWorker.java:146)
at org.testng.internal.TestMethodWorker.run(TestMethodWorker.java:128)
at java.util.ArrayList.forEach(Unknown Source)
at org.testng.TestRunner.privateRun(TestRunner.java:764)
at org.testng.TestRunner.run(TestRunner.java:585)
at org.testng.SuiteRunner.runTest(SuiteRunner.java:384)
at org.testng.SuiteRunner.runSequentially(SuiteRunner.java:378)
at org.testng.SuiteRunner.privateRun(SuiteRunner.java:337)
at org.testng.SuiteRunner.run(SuiteRunner.java:286)
at org.testng.SuiteRunnerWorker.runSuite(SuiteRunnerWorker.java:53)
at org.testng.SuiteRunnerWorker.run(SuiteRunnerWorker.java:96)
at org.testng.TestNG.runSuitesSequentially(TestNG.java:1218)
at org.testng.TestNG.runSuitesLocally(TestNG.java:1140)
at org.testng.TestNG.runSuites(TestNG.java:1069)
at org.testng.TestNG.run(TestNG.java:1037)
at org.testng.remote.AbstractRemoteTestNG.run(AbstractRemoteTestNG.java:115)
at org.testng.remote.RemoteTestNG.initAndRun(RemoteTestNG.java:251)
at org.testng.remote.RemoteTestNG.main(RemoteTestNG.java:77)
]]>
    </error>
  </testcase> <!-- Audit_Execution_With_Express_Mode_Test -->
  <system-out/>
  <testcase name="Compliance_Should_Display_Under_Review_Audit_Page" time="0.000" classname="scripts.RemovingNAAndPartailComplianceExpressModeFunctionalityTest">
    <skipped/>
  </testcase> <!-- Compliance_Should_Display_Under_Review_Audit_Page -->
  <system-out/>
</testsuite> <!-- scripts.RemovingNAAndPartailComplianceExpressModeFunctionalityTest -->
