<?xml version="1.0" encoding="UTF-8"?>
<!-- Generated by org.testng.reporters.JUnitReportReporter -->
<testsuite hostname="DESKTOP-18QGTHL" failures="0" tests="5" name="scripts.CreateScheduleModuleFunctionalityTest" time="68.383" errors="1" timestamp="2024-07-03T18:05:15 IST" skipped="4">
  <testcase classname="scripts.CreateScheduleModuleFunctionalityTest" name="OpenApplication" time="68.383">
    <error message="disconnected: received Inspector.detached event
  (failed to check if window was closed: disconnected: not connected to DevTools)
  (Session info: chrome=126.0.6478.127)
Build info: version: &#039;3.141.0&#039;, revision: &#039;2ecb7d9a&#039;, time: &#039;2018-10-31T20:09:30&#039;
System info: host: &#039;DESKTOP-18QGTHL&#039;, ip: &#039;192.168.1.7&#039;, os.name: &#039;Windows 10&#039;, os.arch: &#039;amd64&#039;, os.version: &#039;10.0&#039;, java.version: &#039;17.0.8&#039;
Driver info: driver.version: ChromeDriver
remote stacktrace: 	GetHandleVerifier [0x0117C1C3+27395]
	(No symbol) [0x01113DC4]
	(No symbol) [0x01011B7F]
	(No symbol) [0x00FFE861]
	(No symbol) [0x00FFE024]
	(No symbol) [0x00FFDBB3]
	(No symbol) [0x00FFD99E]
	(No symbol) [0x00FFBDE9]
	(No symbol) [0x00FFC2AB]
	(No symbol) [0x00FFB0C5]
	(No symbol) [0x010017F6]
	(No symbol) [0x00FFD5C3]
	(No symbol) [0x00FFBDE9]
	(No symbol) [0x00FFC2AB]
	(No symbol) [0x00FFB0C5]
	(No symbol) [0x00FF3B9D]
	(No symbol) [0x00FFA8E9]
	(No symbol) [0x00FFA481]
	(No symbol) [0x01013D33]
	(No symbol) [0x00FEDBA5]
	(No symbol) [0x00FED7A0]
	(No symbol) [0x0107D7CC]
	(No symbol) [0x0107CDAA]
	(No symbol) [0x01073736]
	(No symbol) [0x01047541]
	(No symbol) [0x010480BD]
	GetHandleVerifier [0x01433A93+2876371]
	GetHandleVerifier [0x01487F5D+3221661]
	GetHandleVerifier [0x011FD634+556916]
	GetHandleVerifier [0x0120474C+585868]
	(No symbol) [0x0111CE04]
	(No symbol) [0x01119818]
	(No symbol) [0x011199B7]
	(No symbol) [0x0110BF0E]
	BaseThreadInitThunk [0x77C6FCC9+25]
	RtlGetAppContainerNamedObjectPath [0x77E47C5E+286]
	RtlGetAppContainerNamedObjectPath [0x77E47C2E+238]
" type="org.openqa.selenium.WebDriverException">
      <![CDATA[org.openqa.selenium.WebDriverException: disconnected: received Inspector.detached event
  (failed to check if window was closed: disconnected: not connected to DevTools)
  (Session info: chrome=126.0.6478.127)
Build info: version: '3.141.0', revision: '2ecb7d9a', time: '2018-10-31T20:09:30'
System info: host: 'DESKTOP-18QGTHL', ip: '192.168.1.7', os.name: 'Windows 10', os.arch: 'amd64', os.version: '10.0', java.version: '17.0.8'
Driver info: driver.version: ChromeDriver
remote stacktrace: GetHandleVerifier [0x0117C1C3+27395]
(No symbol) [0x01113DC4]
(No symbol) [0x01011B7F]
(No symbol) [0x00FFE861]
(No symbol) [0x00FFE024]
(No symbol) [0x00FFDBB3]
(No symbol) [0x00FFD99E]
(No symbol) [0x00FFBDE9]
(No symbol) [0x00FFC2AB]
(No symbol) [0x00FFB0C5]
(No symbol) [0x010017F6]
(No symbol) [0x00FFD5C3]
(No symbol) [0x00FFBDE9]
(No symbol) [0x00FFC2AB]
(No symbol) [0x00FFB0C5]
(No symbol) [0x00FF3B9D]
(No symbol) [0x00FFA8E9]
(No symbol) [0x00FFA481]
(No symbol) [0x01013D33]
(No symbol) [0x00FEDBA5]
(No symbol) [0x00FED7A0]
(No symbol) [0x0107D7CC]
(No symbol) [0x0107CDAA]
(No symbol) [0x01073736]
(No symbol) [0x01047541]
(No symbol) [0x010480BD]
GetHandleVerifier [0x01433A93+2876371]
GetHandleVerifier [0x01487F5D+3221661]
GetHandleVerifier [0x011FD634+556916]
GetHandleVerifier [0x0120474C+585868]
(No symbol) [0x0111CE04]
(No symbol) [0x01119818]
(No symbol) [0x011199B7]
(No symbol) [0x0110BF0E]
BaseThreadInitThunk [0x77C6FCC9+25]
RtlGetAppContainerNamedObjectPath [0x77E47C5E+286]
RtlGetAppContainerNamedObjectPath [0x77E47C2E+238]

at java.base/jdk.internal.reflect.NativeConstructorAccessorImpl.newInstance0(Native Method)
at java.base/jdk.internal.reflect.NativeConstructorAccessorImpl.newInstance(NativeConstructorAccessorImpl.java:77)
at java.base/jdk.internal.reflect.DelegatingConstructorAccessorImpl.newInstance(DelegatingConstructorAccessorImpl.java:45)
at java.base/java.lang.reflect.Constructor.newInstanceWithCaller(Constructor.java:499)
at java.base/java.lang.reflect.Constructor.newInstance(Constructor.java:480)
at org.openqa.selenium.remote.W3CHandshakeResponse.lambda$errorHandler$0(W3CHandshakeResponse.java:62)
at org.openqa.selenium.remote.HandshakeResponse.lambda$getResponseFunction$0(HandshakeResponse.java:30)
at org.openqa.selenium.remote.ProtocolHandshake.lambda$createSession$0(ProtocolHandshake.java:123)
at java.base/java.util.stream.ReferencePipeline$3$1.accept(ReferencePipeline.java:197)
at java.base/java.util.Spliterators$ArraySpliterator.tryAdvance(Spliterators.java:1002)
at java.base/java.util.stream.ReferencePipeline.forEachWithCancel(ReferencePipeline.java:129)
at java.base/java.util.stream.AbstractPipeline.copyIntoWithCancel(AbstractPipeline.java:527)
at java.base/java.util.stream.AbstractPipeline.copyInto(AbstractPipeline.java:513)
at java.base/java.util.stream.AbstractPipeline.wrapAndCopyInto(AbstractPipeline.java:499)
at java.base/java.util.stream.FindOps$FindOp.evaluateSequential(FindOps.java:150)
at java.base/java.util.stream.AbstractPipeline.evaluate(AbstractPipeline.java:234)
at java.base/java.util.stream.ReferencePipeline.findFirst(ReferencePipeline.java:647)
at org.openqa.selenium.remote.ProtocolHandshake.createSession(ProtocolHandshake.java:125)
at org.openqa.selenium.remote.ProtocolHandshake.createSession(ProtocolHandshake.java:74)
at org.openqa.selenium.remote.HttpCommandExecutor.execute(HttpCommandExecutor.java:136)
at org.openqa.selenium.remote.service.DriverCommandExecutor.execute(DriverCommandExecutor.java:83)
at org.openqa.selenium.remote.RemoteWebDriver.execute(RemoteWebDriver.java:552)
at org.openqa.selenium.remote.RemoteWebDriver.startSession(RemoteWebDriver.java:213)
at org.openqa.selenium.remote.RemoteWebDriver.<init>(RemoteWebDriver.java:131)
at org.openqa.selenium.chrome.ChromeDriver.<init>(ChromeDriver.java:181)
at org.openqa.selenium.chrome.ChromeDriver.<init>(ChromeDriver.java:168)
at org.openqa.selenium.chrome.ChromeDriver.<init>(ChromeDriver.java:123)
at generic.BaseTest.OpenApplication(BaseTest.java:137)
at java.base/jdk.internal.reflect.NativeMethodAccessorImpl.invoke0(Native Method)
at java.base/jdk.internal.reflect.NativeMethodAccessorImpl.invoke(NativeMethodAccessorImpl.java:77)
at java.base/jdk.internal.reflect.DelegatingMethodAccessorImpl.invoke(DelegatingMethodAccessorImpl.java:43)
at java.base/java.lang.reflect.Method.invoke(Method.java:568)
at org.testng.internal.MethodInvocationHelper.invokeMethod(MethodInvocationHelper.java:133)
at org.testng.internal.MethodInvocationHelper.invokeMethodConsideringTimeout(MethodInvocationHelper.java:62)
at org.testng.internal.ConfigInvoker.invokeConfigurationMethod(ConfigInvoker.java:385)
at org.testng.internal.ConfigInvoker.invokeConfigurations(ConfigInvoker.java:321)
at org.testng.internal.TestMethodWorker.invokeBeforeClassMethods(TestMethodWorker.java:176)
at org.testng.internal.TestMethodWorker.run(TestMethodWorker.java:122)
at java.base/java.util.ArrayList.forEach(ArrayList.java:1511)
at org.testng.TestRunner.privateRun(TestRunner.java:794)
at org.testng.TestRunner.run(TestRunner.java:596)
at org.testng.SuiteRunner.runTest(SuiteRunner.java:377)
at org.testng.SuiteRunner.runSequentially(SuiteRunner.java:371)
at org.testng.SuiteRunner.privateRun(SuiteRunner.java:332)
at org.testng.SuiteRunner.run(SuiteRunner.java:276)
at org.testng.SuiteRunnerWorker.runSuite(SuiteRunnerWorker.java:53)
at org.testng.SuiteRunnerWorker.run(SuiteRunnerWorker.java:96)
at org.testng.TestNG.runSuitesSequentially(TestNG.java:1212)
at org.testng.TestNG.runSuitesLocally(TestNG.java:1134)
at org.testng.TestNG.runSuites(TestNG.java:1063)
at org.testng.TestNG.run(TestNG.java:1031)
at org.testng.remote.AbstractRemoteTestNG.run(AbstractRemoteTestNG.java:115)
at org.testng.remote.RemoteTestNG.initAndRun(RemoteTestNG.java:251)
at org.testng.remote.RemoteTestNG.main(RemoteTestNG.java:77)
]]>
    </error>
  </testcase> <!-- OpenApplication -->
  <system-out/>
  <testcase classname="scripts.CreateScheduleModuleFunctionalityTest" name="Creating_Audit_Type_Test" time="0.000">
    <skipped/>
  </testcase> <!-- Creating_Audit_Type_Test -->
  <system-out/>
  <testcase classname="scripts.CreateScheduleModuleFunctionalityTest" name="Auditee_Admin_Configuration_Test" time="0.000">
    <skipped/>
  </testcase> <!-- Auditee_Admin_Configuration_Test -->
  <system-out/>
  <testcase classname="scripts.CreateScheduleModuleFunctionalityTest" name="Creating_Audit_Schedule_Test" time="0.000">
    <skipped/>
  </testcase> <!-- Creating_Audit_Schedule_Test -->
  <system-out/>
  <testcase classname="scripts.CreateScheduleModuleFunctionalityTest" name="EditAuditScheduleTest" time="0.000">
    <skipped/>
  </testcase> <!-- EditAuditScheduleTest -->
  <system-out/>
</testsuite> <!-- scripts.CreateScheduleModuleFunctionalityTest -->
