<?xml version="1.0" encoding="UTF-8"?>
<!-- Generated by org.testng.reporters.JUnitReportReporter -->
<testsuite skipped="23" hostname="Automation-win" name="scripts.CheckPointPageFunctionalityTest" tests="25" failures="0" timestamp="2023-09-08T11:15:05 IST" time="211.398" errors="1">
  <testcase name="Manage_checkPoint_Page_Test" time="8.795" classname="scripts.CheckPointPageFunctionalityTest"/>
  <system-out/>
  <testcase name="Adding_Four_Types_Of_CheckPoints_To_General_Group_Test" time="202.588" classname="scripts.CheckPointPageFunctionalityTest">
    <error type="org.openqa.selenium.TimeoutException" message="Expected condition failed: waiting for element to be clickable: Proxy element for: DefaultElementLocator &#039;By.xpath: //a[text()=&#039;Add Checkpoint&#039;]&#039; (tried for 20 second(s) with 500 milliseconds interval)">
      <![CDATA[org.openqa.selenium.TimeoutException: Expected condition failed: waiting for element to be clickable: Proxy element for: DefaultElementLocator 'By.xpath: //a[text()='Add Checkpoint']' (tried for 20 second(s) with 500 milliseconds interval)
at org.openqa.selenium.support.ui.WebDriverWait.timeoutException(WebDriverWait.java:95)
at org.openqa.selenium.support.ui.FluentWait.until(FluentWait.java:272)
at pom.CheckPointPageTest.ClickAddCheckPointBTN(CheckPointPageTest.java:431)
at scripts.CheckPointPageFunctionalityTest.Adding_Four_Types_Of_CheckPoints_To_General_Group_Test(CheckPointPageFunctionalityTest.java:72)
at sun.reflect.NativeMethodAccessorImpl.invoke0(Native Method)
at sun.reflect.NativeMethodAccessorImpl.invoke(Unknown Source)
at sun.reflect.DelegatingMethodAccessorImpl.invoke(Unknown Source)
at java.lang.reflect.Method.invoke(Unknown Source)
at org.testng.internal.MethodInvocationHelper.invokeMethod(MethodInvocationHelper.java:132)
at org.testng.internal.TestInvoker.invokeMethod(TestInvoker.java:599)
at org.testng.internal.TestInvoker.invokeTestMethod(TestInvoker.java:174)
at org.testng.internal.MethodRunner.runInSequence(MethodRunner.java:46)
at org.testng.internal.TestInvoker$MethodInvocationAgent.invoke(TestInvoker.java:822)
at org.testng.internal.TestInvoker.invokeTestMethods(TestInvoker.java:147)
at org.testng.internal.TestMethodWorker.invokeTestMethods(TestMethodWorker.java:146)
at org.testng.internal.TestMethodWorker.run(TestMethodWorker.java:128)
at java.util.ArrayList.forEach(Unknown Source)
at org.testng.TestRunner.privateRun(TestRunner.java:764)
at org.testng.TestRunner.run(TestRunner.java:585)
at org.testng.SuiteRunner.runTest(SuiteRunner.java:384)
at org.testng.SuiteRunner.runSequentially(SuiteRunner.java:378)
at org.testng.SuiteRunner.privateRun(SuiteRunner.java:337)
at org.testng.SuiteRunner.run(SuiteRunner.java:286)
at org.testng.SuiteRunnerWorker.runSuite(SuiteRunnerWorker.java:53)
at org.testng.SuiteRunnerWorker.run(SuiteRunnerWorker.java:96)
at org.testng.TestNG.runSuitesSequentially(TestNG.java:1218)
at org.testng.TestNG.runSuitesLocally(TestNG.java:1140)
at org.testng.TestNG.runSuites(TestNG.java:1069)
at org.testng.TestNG.run(TestNG.java:1037)
at org.testng.remote.AbstractRemoteTestNG.run(AbstractRemoteTestNG.java:115)
at org.testng.remote.RemoteTestNG.initAndRun(RemoteTestNG.java:251)
at org.testng.remote.RemoteTestNG.main(RemoteTestNG.java:77)
Caused by: org.openqa.selenium.NoSuchElementException: no such element: Unable to locate element: {"method":"xpath","selector":"//a[text()='Add Checkpoint']"}
  (Session info: chrome=116.0.5845.180)
For documentation on this error, please visit: http://seleniumhq.org/exceptions/no_such_element.html
Build info: version: '3.141.0', revision: '2ecb7d9a', time: '2018-10-31T20:09:30'
System info: host: 'Automation-win', ip: '10.8.0.4', os.name: 'Windows 10', os.arch: 'amd64', os.version: '10.0', java.version: '1.8.0_201'
Driver info: org.openqa.selenium.chrome.ChromeDriver
Capabilities {acceptInsecureCerts: false, browserName: chrome, browserVersion: 116.0.5845.180, chrome: {chromedriverVersion: 116.0.5845.96 (1a3918166880..., userDataDir: C:\Users\Sumanth\AppData\Lo...}, fedcm:accounts: true, goog:chromeOptions: {debuggerAddress: localhost:51053}, javascriptEnabled: true, networkConnectionEnabled: false, pageLoadStrategy: normal, platform: WINDOWS, platformName: WINDOWS, proxy: Proxy(), setWindowRect: true, strictFileInteractability: false, timeouts: {implicit: 0, pageLoad: 300000, script: 30000}, unhandledPromptBehavior: dismiss and notify, webauthn:extension:credBlob: true, webauthn:extension:largeBlob: true, webauthn:extension:minPinLength: true, webauthn:extension:prf: true, webauthn:virtualAuthenticators: true}
Session ID: 330db6b003b78f83627388c4ec4cf888
*** Element info: {Using=xpath, value=//a[text()='Add Checkpoint']}
at sun.reflect.NativeConstructorAccessorImpl.newInstance0(Native Method)
at sun.reflect.NativeConstructorAccessorImpl.newInstance(Unknown Source)
at sun.reflect.DelegatingConstructorAccessorImpl.newInstance(Unknown Source)
at java.lang.reflect.Constructor.newInstance(Unknown Source)
at org.openqa.selenium.remote.http.W3CHttpResponseCodec.createException(W3CHttpResponseCodec.java:187)
at org.openqa.selenium.remote.http.W3CHttpResponseCodec.decode(W3CHttpResponseCodec.java:122)
at org.openqa.selenium.remote.http.W3CHttpResponseCodec.decode(W3CHttpResponseCodec.java:49)
at org.openqa.selenium.remote.HttpCommandExecutor.execute(HttpCommandExecutor.java:158)
at org.openqa.selenium.remote.service.DriverCommandExecutor.execute(DriverCommandExecutor.java:83)
at org.openqa.selenium.remote.RemoteWebDriver.execute(RemoteWebDriver.java:552)
at org.openqa.selenium.remote.RemoteWebDriver.findElement(RemoteWebDriver.java:323)
at org.openqa.selenium.remote.RemoteWebDriver.findElementByXPath(RemoteWebDriver.java:428)
at org.openqa.selenium.By$ByXPath.findElement(By.java:353)
at org.openqa.selenium.remote.RemoteWebDriver.findElement(RemoteWebDriver.java:315)
at org.openqa.selenium.support.pagefactory.DefaultElementLocator.findElement(DefaultElementLocator.java:69)
at org.openqa.selenium.support.pagefactory.internal.LocatingElementHandler.invoke(LocatingElementHandler.java:38)
at com.sun.proxy.$Proxy11.isDisplayed(Unknown Source)
at org.openqa.selenium.support.ui.ExpectedConditions.elementIfVisible(ExpectedConditions.java:314)
at org.openqa.selenium.support.ui.ExpectedConditions.access$000(ExpectedConditions.java:43)
at org.openqa.selenium.support.ui.ExpectedConditions$10.apply(ExpectedConditions.java:300)
at org.openqa.selenium.support.ui.ExpectedConditions$10.apply(ExpectedConditions.java:297)
at org.openqa.selenium.support.ui.ExpectedConditions$23.apply(ExpectedConditions.java:670)
at org.openqa.selenium.support.ui.ExpectedConditions$23.apply(ExpectedConditions.java:666)
at org.openqa.selenium.support.ui.FluentWait.until(FluentWait.java:249)
... 30 more
]]>
    </error>
  </testcase> <!-- Adding_Four_Types_Of_CheckPoints_To_General_Group_Test -->
  <system-out/>
  <testcase name="Checkpoint_View_Test" time="0.000" classname="scripts.CheckPointPageFunctionalityTest">
    <skipped/>
  </testcase> <!-- Checkpoint_View_Test -->
  <system-out/>
  <testcase name="Adding_Four_CheckPoints_To_Fixed_Score_Logic_Group_Test" time="0.000" classname="scripts.CheckPointPageFunctionalityTest">
    <skipped/>
  </testcase> <!-- Adding_Four_CheckPoints_To_Fixed_Score_Logic_Group_Test -->
  <system-out/>
  <testcase name="Adding_Four_CheckPoints_To_Percentage_Score_Logic_Group_Test" time="0.000" classname="scripts.CheckPointPageFunctionalityTest">
    <skipped/>
  </testcase> <!-- Adding_Four_CheckPoints_To_Percentage_Score_Logic_Group_Test -->
  <system-out/>
  <testcase name="Adding_Four_Types_Of_Checkpoints_To_Dynamic_Annexure_Group_Test" time="0.000" classname="scripts.CheckPointPageFunctionalityTest">
    <skipped/>
  </testcase> <!-- Adding_Four_Types_Of_Checkpoints_To_Dynamic_Annexure_Group_Test -->
  <system-out/>
  <testcase name="Adding_Four_Types_Of_Checkpoints_To_Static_Annexure_Group_Test" time="0.000" classname="scripts.CheckPointPageFunctionalityTest">
    <skipped/>
  </testcase> <!-- Adding_Four_Types_Of_Checkpoints_To_Static_Annexure_Group_Test -->
  <system-out/>
  <testcase name="Adding_The_Four_Types_Of_Checkpoints_to_Exceptional_Groups_Test" time="0.000" classname="scripts.CheckPointPageFunctionalityTest">
    <skipped/>
  </testcase> <!-- Adding_The_Four_Types_Of_Checkpoints_to_Exceptional_Groups_Test -->
  <system-out/>
  <testcase name="Adding_The_Four_Types_Of_Checkpoints_To_One_More_Exceptional_Groups_Test" time="0.000" classname="scripts.CheckPointPageFunctionalityTest">
    <skipped/>
  </testcase> <!-- Adding_The_Four_Types_Of_Checkpoints_To_One_More_Exceptional_Groups_Test -->
  <system-out/>
  <testcase name="general_Group_CheckPoint_Mandatory_Fields_Test" time="0.000" classname="scripts.CheckPointPageFunctionalityTest">
    <skipped/>
  </testcase> <!-- general_Group_CheckPoint_Mandatory_Fields_Test -->
  <system-out/>
  <testcase name="Verify_CheckPoint_Mandatory_Fields_Test" time="0.000" classname="scripts.CheckPointPageFunctionalityTest">
    <skipped/>
  </testcase> <!-- Verify_CheckPoint_Mandatory_Fields_Test -->
  <system-out/>
  <testcase name="Input_CheckPoint_Mandatory_Fields_Test" time="0.015" classname="scripts.CheckPointPageFunctionalityTest">
    <skipped/>
  </testcase> <!-- Input_CheckPoint_Mandatory_Fields_Test -->
  <system-out/>
  <testcase name="Both_CheckPoint_Mandatory_Fields_Test" time="0.000" classname="scripts.CheckPointPageFunctionalityTest">
    <skipped/>
  </testcase> <!-- Both_CheckPoint_Mandatory_Fields_Test -->
  <system-out/>
  <testcase name="Both_With_Conditions_CheckPoint_Mandatory_Fields_Test" time="0.000" classname="scripts.CheckPointPageFunctionalityTest">
    <skipped/>
  </testcase> <!-- Both_With_Conditions_CheckPoint_Mandatory_Fields_Test -->
  <system-out/>
  <testcase name="Verify_Checkpoint_Positive_Conformity_NO_Test" time="0.000" classname="scripts.CheckPointPageFunctionalityTest">
    <skipped/>
  </testcase> <!-- Verify_Checkpoint_Positive_Conformity_NO_Test -->
  <system-out/>
  <testcase name="Annexure_CheckPoint_Mandatory_Fields_Test" time="0.000" classname="scripts.CheckPointPageFunctionalityTest">
    <skipped/>
  </testcase> <!-- Annexure_CheckPoint_Mandatory_Fields_Test -->
  <system-out/>
  <testcase name="Adding_Same_Checkpoint_Intent_Name_Test" time="0.000" classname="scripts.CheckPointPageFunctionalityTest">
    <skipped/>
  </testcase> <!-- Adding_Same_Checkpoint_Intent_Name_Test -->
  <system-out/>
  <testcase name="Edit_Checkpoint_Test" time="0.000" classname="scripts.CheckPointPageFunctionalityTest">
    <skipped/>
  </testcase> <!-- Edit_Checkpoint_Test -->
  <system-out/>
  <testcase name="Verify_Checkpoint_Positive_Conformity_Yes_Test" classname="scripts.CheckPointPageFunctionalityTest">
    <skipped/>
  </testcase> <!-- Verify_Checkpoint_Positive_Conformity_Yes_Test -->
  <system-out/>
  <testcase name="Passing_Invalid_Data_To_Compliance_ScoreTest" classname="scripts.CheckPointPageFunctionalityTest">
    <skipped/>
  </testcase> <!-- Passing_Invalid_Data_To_Compliance_ScoreTest -->
  <system-out/>
  <testcase name="Adding_Four_Types_Of_CheckPoints_To_Another_General_Group_Test" classname="scripts.CheckPointPageFunctionalityTest">
    <skipped/>
  </testcase> <!-- Adding_Four_Types_Of_CheckPoints_To_Another_General_Group_Test -->
  <system-out/>
  <testcase name="Both_Checkpoint_Positive_Conformity_NO_Test" classname="scripts.CheckPointPageFunctionalityTest">
    <skipped/>
  </testcase> <!-- Both_Checkpoint_Positive_Conformity_NO_Test -->
  <system-out/>
  <testcase name="Both_With_Condition_Checkpoint_Positive_Conformity_NO_Test" classname="scripts.CheckPointPageFunctionalityTest">
    <skipped/>
  </testcase> <!-- Both_With_Condition_Checkpoint_Positive_Conformity_NO_Test -->
  <system-out/>
  <testcase name="Both_With_Condition_Checkpoint_Positive_Conformity_YES_Test" classname="scripts.CheckPointPageFunctionalityTest">
    <skipped/>
  </testcase> <!-- Both_With_Condition_Checkpoint_Positive_Conformity_YES_Test -->
  <system-out/>
  <testcase name="Both_Checkpoint_Positive_Conformity_YES_Test" classname="scripts.CheckPointPageFunctionalityTest">
    <skipped/>
  </testcase> <!-- Both_Checkpoint_Positive_Conformity_YES_Test -->
  <system-out/>
</testsuite> <!-- scripts.CheckPointPageFunctionalityTest -->
