<?xml version="1.0" encoding="UTF-8"?>
<!-- Generated by org.testng.reporters.JUnitReportReporter -->
<testsuite skipped="1" hostname="Automation-win" name="scripts.SurveyResponseRequiredNotSelectedFunctionalityTest" tests="7" failures="1" timestamp="2024-01-30T16:39:17 IST" time="355.200" errors="0">
  <testcase name="Creating_Configure_Audit_Type_Test" time="198.347" classname="scripts.SurveyResponseRequiredNotSelectedFunctionalityTest"/>
  <system-out/>
  <testcase name="Adding_Survey_Questions_Test" time="17.161" classname="scripts.SurveyResponseRequiredNotSelectedFunctionalityTest"/>
  <system-out/>
  <testcase name="Auditee_Admin_Configuration_Test" time="16.409" classname="scripts.SurveyResponseRequiredNotSelectedFunctionalityTest"/>
  <system-out/>
  <testcase name="Audit_Schedule_Test" time="22.515" classname="scripts.SurveyResponseRequiredNotSelectedFunctionalityTest"/>
  <system-out/>
  <testcase name="Executing_The_Audit_Type_Test" time="74.605" classname="scripts.SurveyResponseRequiredNotSelectedFunctionalityTest"/>
  <system-out/>
  <testcase name="Signoff_Audit_Without_Auditor_Satisfaction_Survey_Test" time="26.163" classname="scripts.SurveyResponseRequiredNotSelectedFunctionalityTest">
    <failure type="java.lang.AssertionError" message="Auditor Satisfaction Survey Button is Displayed expected [true] but found [false]">
      <![CDATA[java.lang.AssertionError: Auditor Satisfaction Survey Button is Displayed expected [true] but found [false]
at org.testng.Assert.fail(Assert.java:99)
at org.testng.Assert.failNotEquals(Assert.java:1037)
at org.testng.Assert.assertTrue(Assert.java:45)
at pom.MyAuditsPageTest.VerifyAuditorSatisfactionSurveyButtonIsDisplayed(MyAuditsPageTest.java:1108)
at scripts.SurveyResponseRequiredNotSelectedFunctionalityTest.Signoff_Audit_Without_Auditor_Satisfaction_Survey_Test(SurveyResponseRequiredNotSelectedFunctionalityTest.java:719)
at sun.reflect.NativeMethodAccessorImpl.invoke0(Native Method)
at sun.reflect.NativeMethodAccessorImpl.invoke(Unknown Source)
at sun.reflect.DelegatingMethodAccessorImpl.invoke(Unknown Source)
at java.lang.reflect.Method.invoke(Unknown Source)
at org.testng.internal.MethodInvocationHelper.invokeMethod(MethodInvocationHelper.java:132)
at org.testng.internal.TestInvoker.invokeMethod(TestInvoker.java:599)
at org.testng.internal.TestInvoker.invokeTestMethod(TestInvoker.java:174)
at org.testng.internal.MethodRunner.runInSequence(MethodRunner.java:46)
at org.testng.internal.TestInvoker$MethodInvocationAgent.invoke(TestInvoker.java:822)
at org.testng.internal.TestInvoker.invokeTestMethods(TestInvoker.java:147)
at org.testng.internal.TestMethodWorker.invokeTestMethods(TestMethodWorker.java:146)
at org.testng.internal.TestMethodWorker.run(TestMethodWorker.java:128)
at java.util.ArrayList.forEach(Unknown Source)
at org.testng.TestRunner.privateRun(TestRunner.java:764)
at org.testng.TestRunner.run(TestRunner.java:585)
at org.testng.SuiteRunner.runTest(SuiteRunner.java:384)
at org.testng.SuiteRunner.runSequentially(SuiteRunner.java:378)
at org.testng.SuiteRunner.privateRun(SuiteRunner.java:337)
at org.testng.SuiteRunner.run(SuiteRunner.java:286)
at org.testng.SuiteRunnerWorker.runSuite(SuiteRunnerWorker.java:53)
at org.testng.SuiteRunnerWorker.run(SuiteRunnerWorker.java:96)
at org.testng.TestNG.runSuitesSequentially(TestNG.java:1218)
at org.testng.TestNG.runSuitesLocally(TestNG.java:1140)
at org.testng.TestNG.runSuites(TestNG.java:1069)
at org.testng.TestNG.run(TestNG.java:1037)
at org.testng.remote.AbstractRemoteTestNG.run(AbstractRemoteTestNG.java:115)
at org.testng.remote.RemoteTestNG.initAndRun(RemoteTestNG.java:251)
at org.testng.remote.RemoteTestNG.main(RemoteTestNG.java:77)
]]>
    </failure>
  </testcase> <!-- Signoff_Audit_Without_Auditor_Satisfaction_Survey_Test -->
  <system-out/>
  <testcase name="Not_Respondent_Status_Should_Show_Under_View_Responses_Test" time="0.000" classname="scripts.SurveyResponseRequiredNotSelectedFunctionalityTest">
    <skipped/>
  </testcase> <!-- Not_Respondent_Status_Should_Show_Under_View_Responses_Test -->
  <system-out/>
</testsuite> <!-- scripts.SurveyResponseRequiredNotSelectedFunctionalityTest -->
